########################################
# Program: etandem
# Rundate: Thu  6 Oct 2022 13:16:09
# Commandline: etandem
#    -sequence ../raw/separate_seqs/Aepyceros_melampus.fa
#    -maxrepeat 100
#    -minrepeat 2
#    -outfile Aepyceros_melampus.fa.out
#    -rdirectory2 ../reSLUTS/tandem_repeats
# Report_format: table
# Report_file: ../reSLUTS/tandem_repeats/Aepyceros_melampus.fa.out
########################################

#=======================================
#
# Sequence: Aepyceros_melampus     from: 1   to: 16422
# HitCount: 0
#
# Threshold: 20
# Minrepeat: 2
# Maxrepeat: 100
# Mismatch: No
# Uniform: No
#
#=======================================

  Start     End  Strand   Score   Size  Count Identity Consensus

#---------------------------------------
#---------------------------------------
