########################################
# Program: etandem
# Rundate: Thu  6 Oct 2022 13:14:47
# Commandline: etandem
#    -sequence ../raw/separate_seqs/Ailurus_fulgens.fa
#    -maxrepeat 100
#    -minrepeat 2
#    -outfile Ailurus_fulgens.fa.out
#    -rdirectory2 ../reSLUTS/tandem_repeats
# Report_format: table
# Report_file: ../reSLUTS/tandem_repeats/Ailurus_fulgens.fa.out
########################################

#=======================================
#
# Sequence: Ailurus_fulgens     from: 1   to: 16493
# HitCount: 1
#
# Threshold: 20
# Minrepeat: 2
# Maxrepeat: 100
# Mismatch: No
# Uniform: No
#
#=======================================

  Start     End  Strand   Score   Size  Count Identity Consensus
  15998   16213       +     178      8     27     93.1 atacacgt 

#---------------------------------------
#---------------------------------------
