########################################
# Program: etandem
# Rundate: Thu  6 Oct 2022 13:11:13
# Commandline: etandem
#    -sequence ../raw/separate_seqs/Akodon_montensis.fa
#    -maxrepeat 100
#    -minrepeat 2
#    -outfile Akodon_montensis.fa.out
#    -rdirectory2 ../reSLUTS/tandem_repeats
# Report_format: table
# Report_file: ../reSLUTS/tandem_repeats/Akodon_montensis.fa.out
########################################

#=======================================
#
# Sequence: Akodon_montensis     from: 1   to: 16378
# HitCount: 1
#
# Threshold: 20
# Minrepeat: 2
# Maxrepeat: 100
# Mismatch: No
# Uniform: No
#
#=======================================

  Start     End  Strand   Score   Size  Count Identity Consensus                     
  13626   13775       +      22     30      5     67.3 ccaccccatcatctaccccaaccactaacc

#---------------------------------------
#---------------------------------------
