########################################
# Program: etandem
# Rundate: Thu  6 Oct 2022 13:03:43
# Commandline: etandem
#    -sequence ../raw/separate_seqs/Alcelaphus_buselaphus.fa
#    -maxrepeat 100
#    -minrepeat 2
#    -outfile Alcelaphus_buselaphus.fa.out
#    -rdirectory2 ../reSLUTS/tandem_repeats
# Report_format: table
# Report_file: ../reSLUTS/tandem_repeats/Alcelaphus_buselaphus.fa.out
########################################

#=======================================
#
# Sequence: Alcelaphus_buselaphus     from: 1   to: 16373
# HitCount: 0
#
# Threshold: 20
# Minrepeat: 2
# Maxrepeat: 100
# Mismatch: No
# Uniform: No
#
#=======================================

  Start     End  Strand   Score   Size  Count Identity Consensus

#---------------------------------------
#---------------------------------------
