########################################
# Program: etandem
# Rundate: Thu  6 Oct 2022 13:00:02
# Commandline: etandem
#    -sequence ../raw/separate_seqs/Allenopithecus_nigroviridis.fa
#    -maxrepeat 100
#    -minrepeat 2
#    -outfile Allenopithecus_nigroviridis.fa.out
#    -rdirectory2 ../reSLUTS/tandem_repeats
# Report_format: table
# Report_file: ../reSLUTS/tandem_repeats/Allenopithecus_nigroviridis.fa.out
########################################

#=======================================
#
# Sequence: Allenopithecus_nigroviridis     from: 1   to: 16517
# HitCount: 0
#
# Threshold: 20
# Minrepeat: 2
# Maxrepeat: 100
# Mismatch: No
# Uniform: No
#
#=======================================

  Start     End  Strand   Score   Size  Count Identity Consensus

#---------------------------------------
#---------------------------------------
