########################################
# Program: etandem
# Rundate: Thu  6 Oct 2022 13:13:55
# Commandline: etandem
#    -sequence ../raw/separate_seqs/Alouatta_seniculus.fa
#    -maxrepeat 100
#    -minrepeat 2
#    -outfile Alouatta_seniculus.fa.out
#    -rdirectory2 ../reSLUTS/tandem_repeats
# Report_format: table
# Report_file: ../reSLUTS/tandem_repeats/Alouatta_seniculus.fa.out
########################################

#=======================================
#
# Sequence: Alouatta_seniculus     from: 1   to: 16557
# HitCount: 1
#
# Threshold: 20
# Minrepeat: 2
# Maxrepeat: 100
# Mismatch: No
# Uniform: No
#
#=======================================

  Start     End  Strand   Score   Size  Count Identity Consensus 
  16265   16304       +      28     10      4     97.5 tttaaaaatt

#---------------------------------------
#---------------------------------------
