########################################
# Program: etandem
# Rundate: Thu  6 Oct 2022 13:04:20
# Commandline: etandem
#    -sequence ../raw/separate_seqs/Alouatta_caraya.fa
#    -maxrepeat 100
#    -minrepeat 2
#    -outfile Alouatta_caraya.fa.out
#    -rdirectory2 ../reSLUTS/tandem_repeats
# Report_format: table
# Report_file: ../reSLUTS/tandem_repeats/Alouatta_caraya.fa.out
########################################

#=======================================
#
# Sequence: Alouatta_caraya     from: 1   to: 16517
# HitCount: 0
#
# Threshold: 20
# Minrepeat: 2
# Maxrepeat: 100
# Mismatch: No
# Uniform: No
#
#=======================================

  Start     End  Strand   Score   Size  Count Identity Consensus

#---------------------------------------
#---------------------------------------
