########################################
# Program: etandem
# Rundate: Thu  6 Oct 2022 13:13:49
# Commandline: etandem
#    -sequence ../raw/separate_seqs/Anoura_caudifer.fa
#    -maxrepeat 100
#    -minrepeat 2
#    -outfile Anoura_caudifer.fa.out
#    -rdirectory2 ../reSLUTS/tandem_repeats
# Report_format: table
# Report_file: ../reSLUTS/tandem_repeats/Anoura_caudifer.fa.out
########################################

#=======================================
#
# Sequence: Anoura_caudifer     from: 1   to: 16546
# HitCount: 1
#
# Threshold: 20
# Minrepeat: 2
# Maxrepeat: 100
# Mismatch: No
# Uniform: No
#
#=======================================

  Start     End  Strand   Score   Size  Count Identity Consensus       
  16182   16293       +      86     16      7     95.5 acacgtgtgtacgctc

#---------------------------------------
#---------------------------------------
