########################################
# Program: etandem
# Rundate: Thu  6 Oct 2022 13:03:53
# Commandline: etandem
#    -sequence ../raw/separate_seqs/Antilope_cervicapra.fa
#    -maxrepeat 100
#    -minrepeat 2
#    -outfile Antilope_cervicapra.fa.out
#    -rdirectory2 ../reSLUTS/tandem_repeats
# Report_format: table
# Report_file: ../reSLUTS/tandem_repeats/Antilope_cervicapra.fa.out
########################################

#=======================================
#
# Sequence: Antilope_cervicapra     from: 1   to: 16431
# HitCount: 0
#
# Threshold: 20
# Minrepeat: 2
# Maxrepeat: 100
# Mismatch: No
# Uniform: No
#
#=======================================

  Start     End  Strand   Score   Size  Count Identity Consensus

#---------------------------------------
#---------------------------------------
