########################################
# Program: etandem
# Rundate: Thu  6 Oct 2022 13:03:39
# Commandline: etandem
#    -sequence ../raw/separate_seqs/Antidorcas_marsupialis.fa
#    -maxrepeat 100
#    -minrepeat 2
#    -outfile Antidorcas_marsupialis.fa.out
#    -rdirectory2 ../reSLUTS/tandem_repeats
# Report_format: table
# Report_file: ../reSLUTS/tandem_repeats/Antidorcas_marsupialis.fa.out
########################################

#=======================================
#
# Sequence: Antidorcas_marsupialis     from: 1   to: 16444
# HitCount: 1
#
# Threshold: 20
# Minrepeat: 2
# Maxrepeat: 100
# Mismatch: No
# Uniform: No
#
#=======================================

  Start     End  Strand   Score   Size  Count Identity Consensus                           
   3240    3419       +      26     36      5     67.2 catcagaactagtatcactattcttcacagcagaag

#---------------------------------------
#---------------------------------------
