########################################
# Program: etandem
# Rundate: Thu  6 Oct 2022 13:09:25
# Commandline: etandem
#    -sequence ../raw/separate_seqs/Aotus_lemurinus.fa
#    -maxrepeat 100
#    -minrepeat 2
#    -outfile Aotus_lemurinus.fa.out
#    -rdirectory2 ../reSLUTS/tandem_repeats
# Report_format: table
# Report_file: ../reSLUTS/tandem_repeats/Aotus_lemurinus.fa.out
########################################

#=======================================
#
# Sequence: Aotus_lemurinus     from: 1   to: 16580
# HitCount: 0
#
# Threshold: 20
# Minrepeat: 2
# Maxrepeat: 100
# Mismatch: No
# Uniform: No
#
#=======================================

  Start     End  Strand   Score   Size  Count Identity Consensus

#---------------------------------------
#---------------------------------------
