########################################
# Program: etandem
# Rundate: Thu  6 Oct 2022 13:14:14
# Commandline: etandem
#    -sequence ../raw/separate_seqs/Apodemus_chevrieri.fa
#    -maxrepeat 100
#    -minrepeat 2
#    -outfile Apodemus_chevrieri.fa.out
#    -rdirectory2 ../reSLUTS/tandem_repeats
# Report_format: table
# Report_file: ../reSLUTS/tandem_repeats/Apodemus_chevrieri.fa.out
########################################

#=======================================
#
# Sequence: Apodemus_chevrieri     from: 1   to: 16298
# HitCount: 2
#
# Threshold: 20
# Minrepeat: 2
# Maxrepeat: 100
# Mismatch: No
# Uniform: No
#
#=======================================

  Start     End  Strand   Score   Size  Count Identity Consensus                              
  15858   15935       +      39     39      2    100.0 agacggtcataactgtggtctcgcgcagttggtattttt
   7918    8007       +      25     15      6     72.2 tattatatttccctc                        

#---------------------------------------
#---------------------------------------
