########################################
# Program: etandem
# Rundate: Thu  6 Oct 2022 13:05:15
# Commandline: etandem
#    -sequence ../raw/separate_seqs/Apodemus_peninsulae.fa
#    -maxrepeat 100
#    -minrepeat 2
#    -outfile Apodemus_peninsulae.fa.out
#    -rdirectory2 ../reSLUTS/tandem_repeats
# Report_format: table
# Report_file: ../reSLUTS/tandem_repeats/Apodemus_peninsulae.fa.out
########################################

#=======================================
#
# Sequence: Apodemus_peninsulae     from: 1   to: 16269
# HitCount: 0
#
# Threshold: 20
# Minrepeat: 2
# Maxrepeat: 100
# Mismatch: No
# Uniform: No
#
#=======================================

  Start     End  Strand   Score   Size  Count Identity Consensus

#---------------------------------------
#---------------------------------------
