########################################
# Program: etandem
# Rundate: Thu  6 Oct 2022 13:06:26
# Commandline: etandem
#    -sequence ../raw/separate_seqs/Apodemus_latronum.fa
#    -maxrepeat 100
#    -minrepeat 2
#    -outfile Apodemus_latronum.fa.out
#    -rdirectory2 ../reSLUTS/tandem_repeats
# Report_format: table
# Report_file: ../reSLUTS/tandem_repeats/Apodemus_latronum.fa.out
########################################

#=======================================
#
# Sequence: Apodemus_latronum     from: 1   to: 16288
# HitCount: 1
#
# Threshold: 20
# Minrepeat: 2
# Maxrepeat: 100
# Mismatch: No
# Uniform: No
#
#=======================================

  Start     End  Strand   Score   Size  Count Identity Consensus                              
  15867   15944       +      35     39      2     97.4 agacggtcataactgtggtctcgagcagttggtattttt

#---------------------------------------
#---------------------------------------
