########################################
# Program: etandem
# Rundate: Thu  6 Oct 2022 13:09:08
# Commandline: etandem
#    -sequence ../raw/separate_seqs/Arctocephalus_townsendi.fa
#    -maxrepeat 100
#    -minrepeat 2
#    -outfile Arctocephalus_townsendi.fa.out
#    -rdirectory2 ../reSLUTS/tandem_repeats
# Report_format: table
# Report_file: ../reSLUTS/tandem_repeats/Arctocephalus_townsendi.fa.out
########################################

#=======================================
#
# Sequence: Arctocephalus_townsendi     from: 1   to: 16571
# HitCount: 1
#
# Threshold: 20
# Minrepeat: 2
# Maxrepeat: 100
# Mismatch: No
# Uniform: No
#
#=======================================

  Start     End  Strand   Score   Size  Count Identity Consensus
  16079   16238       +     152      8     20    100.0 atacacgt 

#---------------------------------------
#---------------------------------------
