########################################
# Program: etandem
# Rundate: Thu  6 Oct 2022 13:00:12
# Commandline: etandem
#    -sequence ../raw/separate_seqs/Arctocephalus_forsteri.fa
#    -maxrepeat 100
#    -minrepeat 2
#    -outfile Arctocephalus_forsteri.fa.out
#    -rdirectory2 ../reSLUTS/tandem_repeats
# Report_format: table
# Report_file: ../reSLUTS/tandem_repeats/Arctocephalus_forsteri.fa.out
########################################

#=======================================
#
# Sequence: Arctocephalus_forsteri     from: 1   to: 15413
# HitCount: 0
#
# Threshold: 20
# Minrepeat: 2
# Maxrepeat: 100
# Mismatch: No
# Uniform: No
#
#=======================================

  Start     End  Strand   Score   Size  Count Identity Consensus

#---------------------------------------
#---------------------------------------
