########################################
# Program: etandem
# Rundate: Thu  6 Oct 2022 13:05:33
# Commandline: etandem
#    -sequence ../raw/separate_seqs/Arctodus_simus.fa
#    -maxrepeat 100
#    -minrepeat 2
#    -outfile Arctodus_simus.fa.out
#    -rdirectory2 ../reSLUTS/tandem_repeats
# Report_format: table
# Report_file: ../reSLUTS/tandem_repeats/Arctodus_simus.fa.out
########################################

#=======================================
#
# Sequence: Arctodus_simus     from: 1   to: 16754
# HitCount: 0
#
# Threshold: 20
# Minrepeat: 2
# Maxrepeat: 100
# Mismatch: No
# Uniform: No
#
#=======================================

  Start     End  Strand   Score   Size  Count Identity Consensus

#---------------------------------------
#---------------------------------------
