########################################
# Program: etandem
# Rundate: Thu  6 Oct 2022 13:07:07
# Commandline: etandem
#    -sequence ../raw/separate_seqs/Arctocephalus_pusillus.fa
#    -maxrepeat 100
#    -minrepeat 2
#    -outfile Arctocephalus_pusillus.fa.out
#    -rdirectory2 ../reSLUTS/tandem_repeats
# Report_format: table
# Report_file: ../reSLUTS/tandem_repeats/Arctocephalus_pusillus.fa.out
########################################

#=======================================
#
# Sequence: Arctocephalus_pusillus     from: 1   to: 16652
# HitCount: 1
#
# Threshold: 20
# Minrepeat: 2
# Maxrepeat: 100
# Mismatch: No
# Uniform: No
#
#=======================================

  Start     End  Strand   Score   Size  Count Identity Consensus     
  16070   16335       +     240     14     19     97.7 acatacacgtatac

#---------------------------------------
#---------------------------------------
