########################################
# Program: etandem
# Rundate: Thu  6 Oct 2022 13:06:42
# Commandline: etandem
#    -sequence ../raw/separate_seqs/Artibeus_lituratus.fa
#    -maxrepeat 100
#    -minrepeat 2
#    -outfile Artibeus_lituratus.fa.out
#    -rdirectory2 ../reSLUTS/tandem_repeats
# Report_format: table
# Report_file: ../reSLUTS/tandem_repeats/Artibeus_lituratus.fa.out
########################################

#=======================================
#
# Sequence: Artibeus_lituratus     from: 1   to: 16709
# HitCount: 1
#
# Threshold: 20
# Minrepeat: 2
# Maxrepeat: 100
# Mismatch: No
# Uniform: No
#
#=======================================

  Start     End  Strand   Score   Size  Count Identity Consensus     
  16221   16416       +     168     14     14     96.4 acccacacgtgcac

#---------------------------------------
#---------------------------------------
