########################################
# Program: etandem
# Rundate: Thu  6 Oct 2022 13:12:03
# Commandline: etandem
#    -sequence ../raw/separate_seqs/Ateles_belzebuth.fa
#    -maxrepeat 100
#    -minrepeat 2
#    -outfile Ateles_belzebuth.fa.out
#    -rdirectory2 ../reSLUTS/tandem_repeats
# Report_format: table
# Report_file: ../reSLUTS/tandem_repeats/Ateles_belzebuth.fa.out
########################################

#=======================================
#
# Sequence: Ateles_belzebuth     from: 1   to: 16560
# HitCount: 0
#
# Threshold: 20
# Minrepeat: 2
# Maxrepeat: 100
# Mismatch: No
# Uniform: No
#
#=======================================

  Start     End  Strand   Score   Size  Count Identity Consensus

#---------------------------------------
#---------------------------------------
