########################################
# Program: etandem
# Rundate: Thu  6 Oct 2022 13:05:09
# Commandline: etandem
#    -sequence ../raw/separate_seqs/Avahi_laniger.fa
#    -maxrepeat 100
#    -minrepeat 2
#    -outfile Avahi_laniger.fa.out
#    -rdirectory2 ../reSLUTS/tandem_repeats
# Report_format: table
# Report_file: ../reSLUTS/tandem_repeats/Avahi_laniger.fa.out
########################################

#=======================================
#
# Sequence: Avahi_laniger     from: 1   to: 16787
# HitCount: 1
#
# Threshold: 20
# Minrepeat: 2
# Maxrepeat: 100
# Mismatch: No
# Uniform: No
#
#=======================================

  Start     End  Strand   Score   Size  Count Identity Consensus                 
  15731   15808       +      22     26      3     80.8 ttgatcggatagagcacatcaaatca

#---------------------------------------
#---------------------------------------
