########################################
# Program: etandem
# Rundate: Thu  6 Oct 2022 13:00:25
# Commandline: etandem
#    -sequence ../raw/separate_seqs/Axis_axis.fa
#    -maxrepeat 100
#    -minrepeat 2
#    -outfile Axis_axis.fa.out
#    -rdirectory2 ../reSLUTS/tandem_repeats
# Report_format: table
# Report_file: ../reSLUTS/tandem_repeats/Axis_axis.fa.out
########################################

#=======================================
#
# Sequence: Axis_axis     from: 1   to: 16349
# HitCount: 0
#
# Threshold: 20
# Minrepeat: 2
# Maxrepeat: 100
# Mismatch: No
# Uniform: No
#
#=======================================

  Start     End  Strand   Score   Size  Count Identity Consensus

#---------------------------------------
#---------------------------------------
