########################################
# Program: etandem
# Rundate: Thu  6 Oct 2022 13:14:54
# Commandline: etandem
#    -sequence ../raw/separate_seqs/Balaenoptera_bonaerensis.fa
#    -maxrepeat 100
#    -minrepeat 2
#    -outfile Balaenoptera_bonaerensis.fa.out
#    -rdirectory2 ../reSLUTS/tandem_repeats
# Report_format: table
# Report_file: ../reSLUTS/tandem_repeats/Balaenoptera_bonaerensis.fa.out
########################################

#=======================================
#
# Sequence: Balaenoptera_bonaerensis     from: 1   to: 16421
# HitCount: 1
#
# Threshold: 20
# Minrepeat: 2
# Maxrepeat: 100
# Mismatch: No
# Uniform: No
#
#=======================================

  Start     End  Strand   Score   Size  Count Identity Consensus                        
  10403   10567       +      22     33      5     66.7 catcataatactaatcgcaacacaatcactcct

#---------------------------------------
#---------------------------------------
