########################################
# Program: etandem
# Rundate: Thu  6 Oct 2022 13:10:24
# Commandline: etandem
#    -sequence ../raw/separate_seqs/Balaena_mysticetus.fa
#    -maxrepeat 100
#    -minrepeat 2
#    -outfile Balaena_mysticetus.fa.out
#    -rdirectory2 ../reSLUTS/tandem_repeats
# Report_format: table
# Report_file: ../reSLUTS/tandem_repeats/Balaena_mysticetus.fa.out
########################################

#=======================================
#
# Sequence: Balaena_mysticetus     from: 1   to: 16390
# HitCount: 3
#
# Threshold: 20
# Minrepeat: 2
# Maxrepeat: 100
# Mismatch: No
# Uniform: No
#
#=======================================

  Start     End  Strand   Score   Size  Count Identity Consensus                              
  11779   11859       +      20      9      9     67.9 cctaatcac                              
   3919    4161       +      20     27      9     59.7 atccttctcataataataactaccatc            
   4527    4643       +      20     39      3     75.2 aaccatcacactattaatattattaatctaaaatacaat

#---------------------------------------
#---------------------------------------
