########################################
# Program: etandem
# Rundate: Thu  6 Oct 2022 13:02:05
# Commandline: etandem
#    -sequence ../raw/separate_seqs/Balaenoptera_borealis.fa
#    -maxrepeat 100
#    -minrepeat 2
#    -outfile Balaenoptera_borealis.fa.out
#    -rdirectory2 ../reSLUTS/tandem_repeats
# Report_format: table
# Report_file: ../reSLUTS/tandem_repeats/Balaenoptera_borealis.fa.out
########################################

#=======================================
#
# Sequence: Balaenoptera_borealis     from: 1   to: 16410
# HitCount: 2
#
# Threshold: 20
# Minrepeat: 2
# Maxrepeat: 100
# Mismatch: No
# Uniform: No
#
#=======================================

  Start     End  Strand   Score   Size  Count Identity Consensus                        
  13982   14113       +      20      6     22     59.8 accaaa                           
  10410   10574       +      20     33      5     66.1 ctaatagcaacacaatcactcctaattaaaata

#---------------------------------------
#---------------------------------------
