########################################
# Program: etandem
# Rundate: Thu  6 Oct 2022 13:12:42
# Commandline: etandem
#    -sequence ../raw/separate_seqs/Bandicota_indica.fa
#    -maxrepeat 100
#    -minrepeat 2
#    -outfile Bandicota_indica.fa.out
#    -rdirectory2 ../reSLUTS/tandem_repeats
# Report_format: table
# Report_file: ../reSLUTS/tandem_repeats/Bandicota_indica.fa.out
########################################

#=======================================
#
# Sequence: Bandicota_indica     from: 1   to: 16326
# HitCount: 1
#
# Threshold: 20
# Minrepeat: 2
# Maxrepeat: 100
# Mismatch: No
# Uniform: No
#
#=======================================

  Start     End  Strand   Score   Size  Count Identity Consensus
  11728   11808       +      20      3     27     64.2 aat      

#---------------------------------------
#---------------------------------------
