########################################
# Program: etandem
# Rundate: Thu  6 Oct 2022 13:12:52
# Commandline: etandem
#    -sequence ../raw/separate_seqs/Berardius_bairdii.fa
#    -maxrepeat 100
#    -minrepeat 2
#    -outfile Berardius_bairdii.fa.out
#    -rdirectory2 ../reSLUTS/tandem_repeats
# Report_format: table
# Report_file: ../reSLUTS/tandem_repeats/Berardius_bairdii.fa.out
########################################

#=======================================
#
# Sequence: Berardius_bairdii     from: 1   to: 16346
# HitCount: 0
#
# Threshold: 20
# Minrepeat: 2
# Maxrepeat: 100
# Mismatch: No
# Uniform: No
#
#=======================================

  Start     End  Strand   Score   Size  Count Identity Consensus

#---------------------------------------
#---------------------------------------
