########################################
# Program: etandem
# Rundate: Thu  6 Oct 2022 13:04:09
# Commandline: etandem
#    -sequence ../raw/separate_seqs/Bison_bonasus.fa
#    -maxrepeat 100
#    -minrepeat 2
#    -outfile Bison_bonasus.fa.out
#    -rdirectory2 ../reSLUTS/tandem_repeats
# Report_format: table
# Report_file: ../reSLUTS/tandem_repeats/Bison_bonasus.fa.out
########################################

#=======================================
#
# Sequence: Bison_bonasus     from: 1   to: 16326
# HitCount: 1
#
# Threshold: 20
# Minrepeat: 2
# Maxrepeat: 100
# Mismatch: No
# Uniform: No
#
#=======================================

  Start     End  Strand   Score   Size  Count Identity Consensus 
  14230   14399       +      20     10     17     58.8 aaacccaaaa

#---------------------------------------
#---------------------------------------
