########################################
# Program: etandem
# Rundate: Thu  6 Oct 2022 13:14:06
# Commandline: etandem
#    -sequence ../raw/separate_seqs/Bison_priscus.fa
#    -maxrepeat 100
#    -minrepeat 2
#    -outfile Bison_priscus.fa.out
#    -rdirectory2 ../reSLUTS/tandem_repeats
# Report_format: table
# Report_file: ../reSLUTS/tandem_repeats/Bison_priscus.fa.out
########################################

#=======================================
#
# Sequence: Bison_priscus     from: 1   to: 16318
# HitCount: 0
#
# Threshold: 20
# Minrepeat: 2
# Maxrepeat: 100
# Mismatch: No
# Uniform: No
#
#=======================================

  Start     End  Strand   Score   Size  Count Identity Consensus

#---------------------------------------
#---------------------------------------
