########################################
# Program: etandem
# Rundate: Thu  6 Oct 2022 13:17:33
# Commandline: etandem
#    -sequence ../raw/separate_seqs/Blastocerus_dichotomus.fa
#    -maxrepeat 100
#    -minrepeat 2
#    -outfile Blastocerus_dichotomus.fa.out
#    -rdirectory2 ../reSLUTS/tandem_repeats
# Report_format: table
# Report_file: ../reSLUTS/tandem_repeats/Blastocerus_dichotomus.fa.out
########################################

#=======================================
#
# Sequence: Blastocerus_dichotomus     from: 1   to: 16359
# HitCount: 1
#
# Threshold: 20
# Minrepeat: 2
# Maxrepeat: 100
# Mismatch: No
# Uniform: No
#
#=======================================

  Start     End  Strand   Score   Size  Count Identity Consensus
   1641    1751       +      20      3     37     60.4 aat      

#---------------------------------------
#---------------------------------------
