########################################
# Program: etandem
# Rundate: Thu  6 Oct 2022 12:59:58
# Commandline: etandem
#    -sequence ../raw/separate_seqs/Bos_gaurus.fa
#    -maxrepeat 100
#    -minrepeat 2
#    -outfile Bos_gaurus.fa.out
#    -rdirectory2 ../reSLUTS/tandem_repeats
# Report_format: table
# Report_file: ../reSLUTS/tandem_repeats/Bos_gaurus.fa.out
########################################

#=======================================
#
# Sequence: Bos_gaurus     from: 1   to: 16345
# HitCount: 0
#
# Threshold: 20
# Minrepeat: 2
# Maxrepeat: 100
# Mismatch: No
# Uniform: No
#
#=======================================

  Start     End  Strand   Score   Size  Count Identity Consensus

#---------------------------------------
#---------------------------------------
