########################################
# Program: etandem
# Rundate: Thu  6 Oct 2022 13:02:54
# Commandline: etandem
#    -sequence ../raw/separate_seqs/Boselaphus_tragocamelus.fa
#    -maxrepeat 100
#    -minrepeat 2
#    -outfile Boselaphus_tragocamelus.fa.out
#    -rdirectory2 ../reSLUTS/tandem_repeats
# Report_format: table
# Report_file: ../reSLUTS/tandem_repeats/Boselaphus_tragocamelus.fa.out
########################################

#=======================================
#
# Sequence: Boselaphus_tragocamelus     from: 1   to: 16322
# HitCount: 0
#
# Threshold: 20
# Minrepeat: 2
# Maxrepeat: 100
# Mismatch: No
# Uniform: No
#
#=======================================

  Start     End  Strand   Score   Size  Count Identity Consensus

#---------------------------------------
#---------------------------------------
