########################################
# Program: etandem
# Rundate: Thu  6 Oct 2022 13:07:17
# Commandline: etandem
#    -sequence ../raw/separate_seqs/Cacajao_calvus.fa
#    -maxrepeat 100
#    -minrepeat 2
#    -outfile Cacajao_calvus.fa.out
#    -rdirectory2 ../reSLUTS/tandem_repeats
# Report_format: table
# Report_file: ../reSLUTS/tandem_repeats/Cacajao_calvus.fa.out
########################################

#=======================================
#
# Sequence: Cacajao_calvus     from: 1   to: 16702
# HitCount: 1
#
# Threshold: 20
# Minrepeat: 2
# Maxrepeat: 100
# Mismatch: No
# Uniform: No
#
#=======================================

  Start     End  Strand   Score   Size  Count Identity Consensus          
  16264   16339       +      21     19      4     76.3 ttttttttaatttcaaaaa

#---------------------------------------
#---------------------------------------
