########################################
# Program: etandem
# Rundate: Thu  6 Oct 2022 13:07:30
# Commandline: etandem
#    -sequence ../raw/separate_seqs/Caenolestes_fuliginosus.fa
#    -maxrepeat 100
#    -minrepeat 2
#    -outfile Caenolestes_fuliginosus.fa.out
#    -rdirectory2 ../reSLUTS/tandem_repeats
# Report_format: table
# Report_file: ../reSLUTS/tandem_repeats/Caenolestes_fuliginosus.fa.out
########################################

#=======================================
#
# Sequence: Caenolestes_fuliginosus     from: 1   to: 16629
# HitCount: 1
#
# Threshold: 20
# Minrepeat: 2
# Maxrepeat: 100
# Mismatch: No
# Uniform: No
#
#=======================================

  Start     End  Strand   Score   Size  Count Identity Consensus
  16164   16355       +     160      8     24     93.8 atgtacgt 

#---------------------------------------
#---------------------------------------
