########################################
# Program: etandem
# Rundate: Thu  6 Oct 2022 13:12:07
# Commandline: etandem
#    -sequence ../raw/separate_seqs/Callimico_goeldii.fa
#    -maxrepeat 100
#    -minrepeat 2
#    -outfile Callimico_goeldii.fa.out
#    -rdirectory2 ../reSLUTS/tandem_repeats
# Report_format: table
# Report_file: ../reSLUTS/tandem_repeats/Callimico_goeldii.fa.out
########################################

#=======================================
#
# Sequence: Callimico_goeldii     from: 1   to: 16523
# HitCount: 0
#
# Threshold: 20
# Minrepeat: 2
# Maxrepeat: 100
# Mismatch: No
# Uniform: No
#
#=======================================

  Start     End  Strand   Score   Size  Count Identity Consensus

#---------------------------------------
#---------------------------------------
