########################################
# Program: etandem
# Rundate: Thu  6 Oct 2022 13:12:13
# Commandline: etandem
#    -sequence ../raw/separate_seqs/Callithrix_penicillata.fa
#    -maxrepeat 100
#    -minrepeat 2
#    -outfile Callithrix_penicillata.fa.out
#    -rdirectory2 ../reSLUTS/tandem_repeats
# Report_format: table
# Report_file: ../reSLUTS/tandem_repeats/Callithrix_penicillata.fa.out
########################################

#=======================================
#
# Sequence: Callithrix_penicillata     from: 1   to: 16246
# HitCount: 0
#
# Threshold: 20
# Minrepeat: 2
# Maxrepeat: 100
# Mismatch: No
# Uniform: No
#
#=======================================

  Start     End  Strand   Score   Size  Count Identity Consensus

#---------------------------------------
#---------------------------------------
