########################################
# Program: etandem
# Rundate: Thu  6 Oct 2022 13:01:28
# Commandline: etandem
#    -sequence ../raw/separate_seqs/Callorhinus_ursinus.fa
#    -maxrepeat 100
#    -minrepeat 2
#    -outfile Callorhinus_ursinus.fa.out
#    -rdirectory2 ../reSLUTS/tandem_repeats
# Report_format: table
# Report_file: ../reSLUTS/tandem_repeats/Callorhinus_ursinus.fa.out
########################################

#=======================================
#
# Sequence: Callorhinus_ursinus     from: 1   to: 16668
# HitCount: 2
#
# Threshold: 20
# Minrepeat: 2
# Maxrepeat: 100
# Mismatch: No
# Uniform: No
#
#=======================================

  Start     End  Strand   Score   Size  Count Identity Consensus          
  16069   16348       +     134      8     35     75.4 atacacgt           
  16567   16661       +      20     19      5     70.5 tcgatctcccttctatcta

#---------------------------------------
#---------------------------------------
