########################################
# Program: etandem
# Rundate: Thu  6 Oct 2022 13:03:09
# Commandline: etandem
#    -sequence ../raw/separate_seqs/Camelus_ferus.fa
#    -maxrepeat 100
#    -minrepeat 2
#    -outfile Camelus_ferus.fa.out
#    -rdirectory2 ../reSLUTS/tandem_repeats
# Report_format: table
# Report_file: ../reSLUTS/tandem_repeats/Camelus_ferus.fa.out
########################################

#=======================================
#
# Sequence: Camelus_ferus     from: 1   to: 16680
# HitCount: 1
#
# Threshold: 20
# Minrepeat: 2
# Maxrepeat: 100
# Mismatch: No
# Uniform: No
#
#=======================================

  Start     End  Strand   Score   Size  Count Identity Consensus                         
  16075   16380       +     104     34      9     72.5 acacgtacacgtacacgcacgtacacgtacacgt

#---------------------------------------
#---------------------------------------
