########################################
# Program: etandem
# Rundate: Thu  6 Oct 2022 13:11:01
# Commandline: etandem
#    -sequence ../raw/separate_seqs/Canis_lupus_lupus.fa
#    -maxrepeat 100
#    -minrepeat 2
#    -outfile Canis_lupus_lupus.fa.out
#    -rdirectory2 ../reSLUTS/tandem_repeats
# Report_format: table
# Report_file: ../reSLUTS/tandem_repeats/Canis_lupus_lupus.fa.out
########################################

#=======================================
#
# Sequence: Canis_lupus_lupus     from: 1   to: 16757
# HitCount: 1
#
# Threshold: 20
# Minrepeat: 2
# Maxrepeat: 100
# Mismatch: No
# Uniform: No
#
#=======================================

  Start     End  Strand   Score   Size  Count Identity Consensus 
  16130   16469       +     280     10     34     92.6 gtacacgtgc

#---------------------------------------
#---------------------------------------
