########################################
# Program: etandem
# Rundate: Thu  6 Oct 2022 13:15:02
# Commandline: etandem
#    -sequence ../raw/separate_seqs/Canis_anthus.fa
#    -maxrepeat 100
#    -minrepeat 2
#    -outfile Canis_anthus.fa.out
#    -rdirectory2 ../reSLUTS/tandem_repeats
# Report_format: table
# Report_file: ../reSLUTS/tandem_repeats/Canis_anthus.fa.out
########################################

#=======================================
#
# Sequence: Canis_anthus     from: 1   to: 16721
# HitCount: 1
#
# Threshold: 20
# Minrepeat: 2
# Maxrepeat: 100
# Mismatch: No
# Uniform: No
#
#=======================================

  Start     End  Strand   Score   Size  Count Identity Consensus 
  16125   16434       +     222     10     31     87.4 tacacgtgcg

#---------------------------------------
#---------------------------------------
