########################################
# Program: etandem
# Rundate: Thu  6 Oct 2022 13:01:25
# Commandline: etandem
#    -sequence ../raw/separate_seqs/Canis_lupus_laniger.fa
#    -maxrepeat 100
#    -minrepeat 2
#    -outfile Canis_lupus_laniger.fa.out
#    -rdirectory2 ../reSLUTS/tandem_repeats
# Report_format: table
# Report_file: ../reSLUTS/tandem_repeats/Canis_lupus_laniger.fa.out
########################################

#=======================================
#
# Sequence: Canis_lupus_laniger     from: 1   to: 16723
# HitCount: 1
#
# Threshold: 20
# Minrepeat: 2
# Maxrepeat: 100
# Mismatch: No
# Uniform: No
#
#=======================================

  Start     End  Strand   Score   Size  Count Identity Consensus 
  16126   16455       +     292     10     33     95.8 tacacgtacg

#---------------------------------------
#---------------------------------------
