########################################
# Program: etandem
# Rundate: Thu  6 Oct 2022 13:04:30
# Commandline: etandem
#    -sequence ../raw/separate_seqs/Canis_latrans.fa
#    -maxrepeat 100
#    -minrepeat 2
#    -outfile Canis_latrans.fa.out
#    -rdirectory2 ../reSLUTS/tandem_repeats
# Report_format: table
# Report_file: ../reSLUTS/tandem_repeats/Canis_latrans.fa.out
########################################

#=======================================
#
# Sequence: Canis_latrans     from: 1   to: 16724
# HitCount: 1
#
# Threshold: 20
# Minrepeat: 2
# Maxrepeat: 100
# Mismatch: No
# Uniform: No
#
#=======================================

  Start     End  Strand   Score   Size  Count Identity Consensus 
  16129   16438       +     260     10     31     93.5 acacgtgcgt

#---------------------------------------
#---------------------------------------
