########################################
# Program: etandem
# Rundate: Thu  6 Oct 2022 13:16:39
# Commandline: etandem
#    -sequence ../raw/separate_seqs/Canis_lupus_chanco.fa
#    -maxrepeat 100
#    -minrepeat 2
#    -outfile Canis_lupus_chanco.fa.out
#    -rdirectory2 ../reSLUTS/tandem_repeats
# Report_format: table
# Report_file: ../reSLUTS/tandem_repeats/Canis_lupus_chanco.fa.out
########################################

#=======================================
#
# Sequence: Canis_lupus_chanco     from: 1   to: 16774
# HitCount: 1
#
# Threshold: 20
# Minrepeat: 2
# Maxrepeat: 100
# Mismatch: No
# Uniform: No
#
#=======================================

  Start     End  Strand   Score   Size  Count Identity Consensus 
  16124   16433       +     268     10     31     94.8 tacacgtacg

#---------------------------------------
#---------------------------------------
