########################################
# Program: etandem
# Rundate: Thu  6 Oct 2022 13:07:54
# Commandline: etandem
#    -sequence ../raw/separate_seqs/Capreolus_pygargus.fa
#    -maxrepeat 100
#    -minrepeat 2
#    -outfile Capreolus_pygargus.fa.out
#    -rdirectory2 ../reSLUTS/tandem_repeats
# Report_format: table
# Report_file: ../reSLUTS/tandem_repeats/Capreolus_pygargus.fa.out
########################################

#=======================================
#
# Sequence: Capreolus_pygargus     from: 1   to: 16357
# HitCount: 1
#
# Threshold: 20
# Minrepeat: 2
# Maxrepeat: 100
# Mismatch: No
# Uniform: No
#
#=======================================

  Start     End  Strand   Score   Size  Count Identity Consensus                 
  15661   15738       +      22     26      3     80.8 cattaatattacatagtacattaagt

#---------------------------------------
#---------------------------------------
