########################################
# Program: etandem
# Rundate: Thu  6 Oct 2022 13:12:50
# Commandline: etandem
#    -sequence ../raw/separate_seqs/Capra_aegagrus.fa
#    -maxrepeat 100
#    -minrepeat 2
#    -outfile Capra_aegagrus.fa.out
#    -rdirectory2 ../reSLUTS/tandem_repeats
# Report_format: table
# Report_file: ../reSLUTS/tandem_repeats/Capra_aegagrus.fa.out
########################################

#=======================================
#
# Sequence: Capra_aegagrus     from: 1   to: 16625
# HitCount: 0
#
# Threshold: 20
# Minrepeat: 2
# Maxrepeat: 100
# Mismatch: No
# Uniform: No
#
#=======================================

  Start     End  Strand   Score   Size  Count Identity Consensus

#---------------------------------------
#---------------------------------------
