########################################
# Program: etandem
# Rundate: Thu  6 Oct 2022 13:09:37
# Commandline: etandem
#    -sequence ../raw/separate_seqs/Carlito_syrichta.fa
#    -maxrepeat 100
#    -minrepeat 2
#    -outfile Carlito_syrichta.fa.out
#    -rdirectory2 ../reSLUTS/tandem_repeats
# Report_format: table
# Report_file: ../reSLUTS/tandem_repeats/Carlito_syrichta.fa.out
########################################

#=======================================
#
# Sequence: Carlito_syrichta     from: 1   to: 17004
# HitCount: 2
#
# Threshold: 20
# Minrepeat: 2
# Maxrepeat: 100
# Mismatch: No
# Uniform: No
#
#=======================================

  Start     End  Strand   Score   Size  Count Identity Consensus                  
  16258   16623       +     360      6     61    100.0 acgtac                     
   3419    3553       +      22     27      5     68.1 tcttactagaagcattcactatcattt

#---------------------------------------
#---------------------------------------
