########################################
# Program: etandem
# Rundate: Thu  6 Oct 2022 13:09:18
# Commandline: etandem
#    -sequence ../raw/separate_seqs/Cebus_albifrons.fa
#    -maxrepeat 100
#    -minrepeat 2
#    -outfile Cebus_albifrons.fa.out
#    -rdirectory2 ../reSLUTS/tandem_repeats
# Report_format: table
# Report_file: ../reSLUTS/tandem_repeats/Cebus_albifrons.fa.out
########################################

#=======================================
#
# Sequence: Cebus_albifrons     from: 1   to: 16554
# HitCount: 0
#
# Threshold: 20
# Minrepeat: 2
# Maxrepeat: 100
# Mismatch: No
# Uniform: No
#
#=======================================

  Start     End  Strand   Score   Size  Count Identity Consensus

#---------------------------------------
#---------------------------------------
