########################################
# Program: etandem
# Rundate: Thu  6 Oct 2022 13:02:41
# Commandline: etandem
#    -sequence ../raw/separate_seqs/Cercopithecus_diana.fa
#    -maxrepeat 100
#    -minrepeat 2
#    -outfile Cercopithecus_diana.fa.out
#    -rdirectory2 ../reSLUTS/tandem_repeats
# Report_format: table
# Report_file: ../reSLUTS/tandem_repeats/Cercopithecus_diana.fa.out
########################################

#=======================================
#
# Sequence: Cercopithecus_diana     from: 1   to: 16505
# HitCount: 0
#
# Threshold: 20
# Minrepeat: 2
# Maxrepeat: 100
# Mismatch: No
# Uniform: No
#
#=======================================

  Start     End  Strand   Score   Size  Count Identity Consensus

#---------------------------------------
#---------------------------------------
