########################################
# Program: etandem
# Rundate: Thu  6 Oct 2022 13:15:40
# Commandline: etandem
#    -sequence ../raw/separate_seqs/Cercocebus_chrysogaster.fa
#    -maxrepeat 100
#    -minrepeat 2
#    -outfile Cercocebus_chrysogaster.fa.out
#    -rdirectory2 ../reSLUTS/tandem_repeats
# Report_format: table
# Report_file: ../reSLUTS/tandem_repeats/Cercocebus_chrysogaster.fa.out
########################################

#=======================================
#
# Sequence: Cercocebus_chrysogaster     from: 1   to: 16551
# HitCount: 0
#
# Threshold: 20
# Minrepeat: 2
# Maxrepeat: 100
# Mismatch: No
# Uniform: No
#
#=======================================

  Start     End  Strand   Score   Size  Count Identity Consensus

#---------------------------------------
#---------------------------------------
