########################################
# Program: etandem
# Rundate: Thu  6 Oct 2022 13:12:11
# Commandline: etandem
#    -sequence ../raw/separate_seqs/Cervus_nippon_kopschi.fa
#    -maxrepeat 100
#    -minrepeat 2
#    -outfile Cervus_nippon_kopschi.fa.out
#    -rdirectory2 ../reSLUTS/tandem_repeats
# Report_format: table
# Report_file: ../reSLUTS/tandem_repeats/Cervus_nippon_kopschi.fa.out
########################################

#=======================================
#
# Sequence: Cervus_nippon_kopschi     from: 1   to: 16429
# HitCount: 1
#
# Threshold: 20
# Minrepeat: 2
# Maxrepeat: 100
# Mismatch: No
# Uniform: No
#
#=======================================

  Start     End  Strand   Score   Size  Count Identity Consensus                              
  15653   15730       +      25     39      2     91.0 aggacatattatgtataatagtacattatattatatgcc

#---------------------------------------
#---------------------------------------
