########################################
# Program: etandem
# Rundate: Thu  6 Oct 2022 13:13:31
# Commandline: etandem
#    -sequence ../raw/separate_seqs/Cervus_nippon_yakushimae.fa
#    -maxrepeat 100
#    -minrepeat 2
#    -outfile Cervus_nippon_yakushimae.fa.out
#    -rdirectory2 ../reSLUTS/tandem_repeats
# Report_format: table
# Report_file: ../reSLUTS/tandem_repeats/Cervus_nippon_yakushimae.fa.out
########################################

#=======================================
#
# Sequence: Cervus_nippon_yakushimae     from: 1   to: 16440
# HitCount: 1
#
# Threshold: 20
# Minrepeat: 2
# Maxrepeat: 100
# Mismatch: No
# Uniform: No
#
#=======================================

  Start     End  Strand   Score   Size  Count Identity Consensus                              
  15611   15727       +      40     39      3     83.8 aaattaatgtattaggacatactatgtataatagtacat

#---------------------------------------
#---------------------------------------
