########################################
# Program: etandem
# Rundate: Thu  6 Oct 2022 13:06:02
# Commandline: etandem
#    -sequence ../raw/separate_seqs/Cervus_nippon_yesoensis.fa
#    -maxrepeat 100
#    -minrepeat 2
#    -outfile Cervus_nippon_yesoensis.fa.out
#    -rdirectory2 ../reSLUTS/tandem_repeats
# Report_format: table
# Report_file: ../reSLUTS/tandem_repeats/Cervus_nippon_yesoensis.fa.out
########################################

#=======================================
#
# Sequence: Cervus_nippon_yesoensis     from: 1   to: 16543
# HitCount: 1
#
# Threshold: 20
# Minrepeat: 2
# Maxrepeat: 100
# Mismatch: No
# Uniform: No
#
#=======================================

  Start     End  Strand   Score   Size  Count Identity Consensus                              
  15669   15863       +     110     39      5     88.2 atagtacataaattaatgtattaggacatactatgtata

#---------------------------------------
#---------------------------------------
