########################################
# Program: etandem
# Rundate: Thu  6 Oct 2022 12:59:55
# Commandline: etandem
#    -sequence ../raw/separate_seqs/Cervus_nippon_centralis.fa
#    -maxrepeat 100
#    -minrepeat 2
#    -outfile Cervus_nippon_centralis.fa.out
#    -rdirectory2 ../reSLUTS/tandem_repeats
# Report_format: table
# Report_file: ../reSLUTS/tandem_repeats/Cervus_nippon_centralis.fa.out
########################################

#=======================================
#
# Sequence: Cervus_nippon_centralis     from: 1   to: 16663
# HitCount: 1
#
# Threshold: 20
# Minrepeat: 2
# Maxrepeat: 100
# Mismatch: No
# Uniform: No
#
#=======================================

  Start     End  Strand   Score   Size  Count Identity Consensus                              
  15675   15947       +     222     39      7     97.8 cataaattaatgtattaggacatactatgtataatagta

#---------------------------------------
#---------------------------------------
