########################################
# Program: etandem
# Rundate: Thu  6 Oct 2022 13:16:41
# Commandline: etandem
#    -sequence ../raw/separate_seqs/Cervus_elaphus.fa
#    -maxrepeat 100
#    -minrepeat 2
#    -outfile Cervus_elaphus.fa.out
#    -rdirectory2 ../reSLUTS/tandem_repeats
# Report_format: table
# Report_file: ../reSLUTS/tandem_repeats/Cervus_elaphus.fa.out
########################################

#=======================================
#
# Sequence: Cervus_elaphus     from: 1   to: 16357
# HitCount: 0
#
# Threshold: 20
# Minrepeat: 2
# Maxrepeat: 100
# Mismatch: No
# Uniform: No
#
#=======================================

  Start     End  Strand   Score   Size  Count Identity Consensus

#---------------------------------------
#---------------------------------------
