########################################
# Program: etandem
# Rundate: Thu  6 Oct 2022 12:59:33
# Commandline: etandem
#    -sequence ../raw/separate_seqs/Cervus_canadensis_songaricus.fa
#    -maxrepeat 100
#    -minrepeat 2
#    -outfile Cervus_canadensis_songaricus.fa.out
#    -rdirectory2 ../reSLUTS/tandem_repeats
# Report_format: table
# Report_file: ../reSLUTS/tandem_repeats/Cervus_canadensis_songaricus.fa.out
########################################

#=======================================
#
# Sequence: Cervus_canadensis_songaricus     from: 1   to: 16419
# HitCount: 1
#
# Threshold: 20
# Minrepeat: 2
# Maxrepeat: 100
# Mismatch: No
# Uniform: No
#
#=======================================

  Start     End  Strand   Score   Size  Count Identity Consensus                              
  15639   15716       +      23     39      2     89.7 ttaggacatattatgtataatagtacattatattatatg

#---------------------------------------
#---------------------------------------
