########################################
# Program: etandem
# Rundate: Thu  6 Oct 2022 13:04:29
# Commandline: etandem
#    -sequence ../raw/separate_seqs/Cheracebus_lugens.fa
#    -maxrepeat 100
#    -minrepeat 2
#    -outfile Cheracebus_lugens.fa.out
#    -rdirectory2 ../reSLUTS/tandem_repeats
# Report_format: table
# Report_file: ../reSLUTS/tandem_repeats/Cheracebus_lugens.fa.out
########################################

#=======================================
#
# Sequence: Cheracebus_lugens     from: 1   to: 16689
# HitCount: 1
#
# Threshold: 20
# Minrepeat: 2
# Maxrepeat: 100
# Mismatch: No
# Uniform: No
#
#=======================================

  Start     End  Strand   Score   Size  Count Identity Consensus
  16370   16433       +      20      8      8     71.9 aaaattta 

#---------------------------------------
#---------------------------------------
