########################################
# Program: etandem
# Rundate: Thu  6 Oct 2022 12:59:35
# Commandline: etandem
#    -sequence ../raw/separate_seqs/Chinchilla_lanigera.fa
#    -maxrepeat 100
#    -minrepeat 2
#    -outfile Chinchilla_lanigera.fa.out
#    -rdirectory2 ../reSLUTS/tandem_repeats
# Report_format: table
# Report_file: ../reSLUTS/tandem_repeats/Chinchilla_lanigera.fa.out
########################################

#=======================================
#
# Sequence: Chinchilla_lanigera     from: 1   to: 16580
# HitCount: 3
#
# Threshold: 20
# Minrepeat: 2
# Maxrepeat: 100
# Mismatch: No
# Uniform: No
#
#=======================================

  Start     End  Strand   Score   Size  Count Identity Consensus         
  16202   16273       +      42      4     18     81.9 cgca              
  14029   14094       +      20      6     11     69.7 aaaaat            
   4494    4565       +      20     18      4     76.4 tcaacctcaccttatcaa

#---------------------------------------
#---------------------------------------
