########################################
# Program: etandem
# Rundate: Thu  6 Oct 2022 13:02:47
# Commandline: etandem
#    -sequence ../raw/separate_seqs/Chiropotes_albinasus.fa
#    -maxrepeat 100
#    -minrepeat 2
#    -outfile Chiropotes_albinasus.fa.out
#    -rdirectory2 ../reSLUTS/tandem_repeats
# Report_format: table
# Report_file: ../reSLUTS/tandem_repeats/Chiropotes_albinasus.fa.out
########################################

#=======================================
#
# Sequence: Chiropotes_albinasus     from: 1   to: 16706
# HitCount: 2
#
# Threshold: 20
# Minrepeat: 2
# Maxrepeat: 100
# Mismatch: No
# Uniform: No
#
#=======================================

  Start     End  Strand   Score   Size  Count Identity Consensus                       
  16422   16517       +      24     32      3     79.2 tactttatattaaccatttatttactaataaa
  16634   16703       +      20      2     35     65.7 at                              

#---------------------------------------
#---------------------------------------
