########################################
# Program: etandem
# Rundate: Thu  6 Oct 2022 13:06:36
# Commandline: etandem
#    -sequence ../raw/separate_seqs/Chlorocebus_pygerythrus.fa
#    -maxrepeat 100
#    -minrepeat 2
#    -outfile Chlorocebus_pygerythrus.fa.out
#    -rdirectory2 ../reSLUTS/tandem_repeats
# Report_format: table
# Report_file: ../reSLUTS/tandem_repeats/Chlorocebus_pygerythrus.fa.out
########################################

#=======================================
#
# Sequence: Chlorocebus_pygerythrus     from: 1   to: 16343
# HitCount: 0
#
# Threshold: 20
# Minrepeat: 2
# Maxrepeat: 100
# Mismatch: No
# Uniform: No
#
#=======================================

  Start     End  Strand   Score   Size  Count Identity Consensus

#---------------------------------------
#---------------------------------------
