########################################
# Program: etandem
# Rundate: Thu  6 Oct 2022 12:59:12
# Commandline: etandem
#    -sequence ../raw/separate_seqs/Chlorocebus_sabaeus.fa
#    -maxrepeat 100
#    -minrepeat 2
#    -outfile Chlorocebus_sabaeus.fa.out
#    -rdirectory2 ../reSLUTS/tandem_repeats
# Report_format: table
# Report_file: ../reSLUTS/tandem_repeats/Chlorocebus_sabaeus.fa.out
########################################

#=======================================
#
# Sequence: Chlorocebus_sabaeus     from: 1   to: 16550
# HitCount: 0
#
# Threshold: 20
# Minrepeat: 2
# Maxrepeat: 100
# Mismatch: No
# Uniform: No
#
#=======================================

  Start     End  Strand   Score   Size  Count Identity Consensus

#---------------------------------------
#---------------------------------------
