########################################
# Program: etandem
# Rundate: Thu  6 Oct 2022 13:16:31
# Commandline: etandem
#    -sequence ../raw/separate_seqs/Chlorocebus_tantalus.fa
#    -maxrepeat 100
#    -minrepeat 2
#    -outfile Chlorocebus_tantalus.fa.out
#    -rdirectory2 ../reSLUTS/tandem_repeats
# Report_format: table
# Report_file: ../reSLUTS/tandem_repeats/Chlorocebus_tantalus.fa.out
########################################

#=======================================
#
# Sequence: Chlorocebus_tantalus     from: 1   to: 16368
# HitCount: 0
#
# Threshold: 20
# Minrepeat: 2
# Maxrepeat: 100
# Mismatch: No
# Uniform: No
#
#=======================================

  Start     End  Strand   Score   Size  Count Identity Consensus

#---------------------------------------
#---------------------------------------
