########################################
# Program: etandem
# Rundate: Thu  6 Oct 2022 13:00:59
# Commandline: etandem
#    -sequence ../raw/separate_seqs/Choloepus_hoffmanni.fa
#    -maxrepeat 100
#    -minrepeat 2
#    -outfile Choloepus_hoffmanni.fa.out
#    -rdirectory2 ../reSLUTS/tandem_repeats
# Report_format: table
# Report_file: ../reSLUTS/tandem_repeats/Choloepus_hoffmanni.fa.out
########################################

#=======================================
#
# Sequence: Choloepus_hoffmanni     from: 1   to: 16466
# HitCount: 2
#
# Threshold: 20
# Minrepeat: 2
# Maxrepeat: 100
# Mismatch: No
# Uniform: No
#
#=======================================

  Start     End  Strand   Score   Size  Count Identity Consensus                     
  16113   16178       +      22     22      3     83.3 taggttaatggtctcaggaaat        
   4554    4673       +      22     30      4     71.7 tcctaacaaccacatcaacaaccattctac

#---------------------------------------
#---------------------------------------
