########################################
# Program: etandem
# Rundate: Thu  6 Oct 2022 13:09:30
# Commandline: etandem
#    -sequence ../raw/separate_seqs/Chrysochloris_asiatica.fa
#    -maxrepeat 100
#    -minrepeat 2
#    -outfile Chrysochloris_asiatica.fa.out
#    -rdirectory2 ../reSLUTS/tandem_repeats
# Report_format: table
# Report_file: ../reSLUTS/tandem_repeats/Chrysochloris_asiatica.fa.out
########################################

#=======================================
#
# Sequence: Chrysochloris_asiatica     from: 1   to: 16652
# HitCount: 2
#
# Threshold: 20
# Minrepeat: 2
# Maxrepeat: 100
# Mismatch: No
# Uniform: No
#
#=======================================

  Start     End  Strand   Score   Size  Count Identity Consensus         
  16120   16415       +     284      8     37     99.3 cacgtata          
   4601    4690       +      22     18      5     72.2 accactatgagtattcat

#---------------------------------------
#---------------------------------------
