########################################
# Program: etandem
# Rundate: Thu  6 Oct 2022 13:09:34
# Commandline: etandem
#    -sequence ../raw/separate_seqs/Chrysocyon_brachyurus.fa
#    -maxrepeat 100
#    -minrepeat 2
#    -outfile Chrysocyon_brachyurus.fa.out
#    -rdirectory2 ../reSLUTS/tandem_repeats
# Report_format: table
# Report_file: ../reSLUTS/tandem_repeats/Chrysocyon_brachyurus.fa.out
########################################

#=======================================
#
# Sequence: Chrysocyon_brachyurus     from: 1   to: 16760
# HitCount: 1
#
# Threshold: 20
# Minrepeat: 2
# Maxrepeat: 100
# Mismatch: No
# Uniform: No
#
#=======================================

  Start     End  Strand   Score   Size  Count Identity Consensus 
  16120   16469       +     306     10     35     95.1 cgtacacgtg

#---------------------------------------
#---------------------------------------
