########################################
# Program: etandem
# Rundate: Thu  6 Oct 2022 13:02:16
# Commandline: etandem
#    -sequence ../raw/separate_seqs/Coendou_insidiosus.fa
#    -maxrepeat 100
#    -minrepeat 2
#    -outfile Coendou_insidiosus.fa.out
#    -rdirectory2 ../reSLUTS/tandem_repeats
# Report_format: table
# Report_file: ../reSLUTS/tandem_repeats/Coendou_insidiosus.fa.out
########################################

#=======================================
#
# Sequence: Coendou_insidiosus     from: 1   to: 16571
# HitCount: 1
#
# Threshold: 20
# Minrepeat: 2
# Maxrepeat: 100
# Mismatch: No
# Uniform: No
#
#=======================================

  Start     End  Strand   Score   Size  Count Identity Consensus 
  16215   16254       +      20     10      4     87.5 acgtacgcac

#---------------------------------------
#---------------------------------------
