########################################
# Program: etandem
# Rundate: Thu  6 Oct 2022 13:11:24
# Commandline: etandem
#    -sequence ../raw/separate_seqs/Colobus_guereza.fa
#    -maxrepeat 100
#    -minrepeat 2
#    -outfile Colobus_guereza.fa.out
#    -rdirectory2 ../reSLUTS/tandem_repeats
# Report_format: table
# Report_file: ../reSLUTS/tandem_repeats/Colobus_guereza.fa.out
########################################

#=======================================
#
# Sequence: Colobus_guereza     from: 1   to: 16648
# HitCount: 1
#
# Threshold: 20
# Minrepeat: 2
# Maxrepeat: 100
# Mismatch: No
# Uniform: No
#
#=======================================

  Start     End  Strand   Score   Size  Count Identity Consensus                          
  15787   15856       +      29     35      2     95.7 gtacatagcacatctaagtcaaatcctccctcgtc

#---------------------------------------
#---------------------------------------
