########################################
# Program: etandem
# Rundate: Thu  6 Oct 2022 13:16:12
# Commandline: etandem
#    -sequence ../raw/separate_seqs/Connochaetes_gnou.fa
#    -maxrepeat 100
#    -minrepeat 2
#    -outfile Connochaetes_gnou.fa.out
#    -rdirectory2 ../reSLUTS/tandem_repeats
# Report_format: table
# Report_file: ../reSLUTS/tandem_repeats/Connochaetes_gnou.fa.out
########################################

#=======================================
#
# Sequence: Connochaetes_gnou     from: 1   to: 16412
# HitCount: 0
#
# Threshold: 20
# Minrepeat: 2
# Maxrepeat: 100
# Mismatch: No
# Uniform: No
#
#=======================================

  Start     End  Strand   Score   Size  Count Identity Consensus

#---------------------------------------
#---------------------------------------
