########################################
# Program: etandem
# Rundate: Thu  6 Oct 2022 13:16:33
# Commandline: etandem
#    -sequence ../raw/separate_seqs/Crocidura_palawanensis.fa
#    -maxrepeat 100
#    -minrepeat 2
#    -outfile Crocidura_palawanensis.fa.out
#    -rdirectory2 ../reSLUTS/tandem_repeats
# Report_format: table
# Report_file: ../reSLUTS/tandem_repeats/Crocidura_palawanensis.fa.out
########################################

#=======================================
#
# Sequence: Crocidura_palawanensis     from: 1   to: 15458
# HitCount: 1
#
# Threshold: 20
# Minrepeat: 2
# Maxrepeat: 100
# Mismatch: No
# Uniform: No
#
#=======================================

  Start     End  Strand   Score   Size  Count Identity Consensus      
   8060    8179       +      21     15      8     65.0 ctatccaactaataa

#---------------------------------------
#---------------------------------------
