########################################
# Program: etandem
# Rundate: Thu  6 Oct 2022 13:05:20
# Commandline: etandem
#    -sequence ../raw/separate_seqs/Crocidura_grayi.fa
#    -maxrepeat 100
#    -minrepeat 2
#    -outfile Crocidura_grayi.fa.out
#    -rdirectory2 ../reSLUTS/tandem_repeats
# Report_format: table
# Report_file: ../reSLUTS/tandem_repeats/Crocidura_grayi.fa.out
########################################

#=======================================
#
# Sequence: Crocidura_grayi     from: 1   to: 15459
# HitCount: 0
#
# Threshold: 20
# Minrepeat: 2
# Maxrepeat: 100
# Mismatch: No
# Uniform: No
#
#=======================================

  Start     End  Strand   Score   Size  Count Identity Consensus

#---------------------------------------
#---------------------------------------
