########################################
# Program: etandem
# Rundate: Thu  6 Oct 2022 13:06:11
# Commandline: etandem
#    -sequence ../raw/separate_seqs/Ctenomys_sociabilis.fa
#    -maxrepeat 100
#    -minrepeat 2
#    -outfile Ctenomys_sociabilis.fa.out
#    -rdirectory2 ../reSLUTS/tandem_repeats
# Report_format: table
# Report_file: ../reSLUTS/tandem_repeats/Ctenomys_sociabilis.fa.out
########################################

#=======================================
#
# Sequence: Ctenomys_sociabilis     from: 1   to: 17016
# HitCount: 1
#
# Threshold: 20
# Minrepeat: 2
# Maxrepeat: 100
# Mismatch: No
# Uniform: No
#
#=======================================

  Start     End  Strand   Score   Size  Count Identity Consensus
  16289   16728       +     362      8     55     92.0 atacacgt 

#---------------------------------------
#---------------------------------------
