########################################
# Program: etandem
# Rundate: Thu  6 Oct 2022 13:10:05
# Commandline: etandem
#    -sequence ../raw/separate_seqs/Cuon_alpinus.fa
#    -maxrepeat 100
#    -minrepeat 2
#    -outfile Cuon_alpinus.fa.out
#    -rdirectory2 ../reSLUTS/tandem_repeats
# Report_format: table
# Report_file: ../reSLUTS/tandem_repeats/Cuon_alpinus.fa.out
########################################

#=======================================
#
# Sequence: Cuon_alpinus     from: 1   to: 16672
# HitCount: 1
#
# Threshold: 20
# Minrepeat: 2
# Maxrepeat: 100
# Mismatch: No
# Uniform: No
#
#=======================================

  Start     End  Strand   Score   Size  Count Identity Consensus                   
  16152   16375       +     110     28      8     80.8 cacgtacacgtacacgtacacgcacgta

#---------------------------------------
#---------------------------------------
