########################################
# Program: etandem
# Rundate: Thu  6 Oct 2022 12:59:10
# Commandline: etandem
#    -sequence ../raw/separate_seqs/Cyclopes_didactylus.fa
#    -maxrepeat 100
#    -minrepeat 2
#    -outfile Cyclopes_didactylus.fa.out
#    -rdirectory2 ../reSLUTS/tandem_repeats
# Report_format: table
# Report_file: ../reSLUTS/tandem_repeats/Cyclopes_didactylus.fa.out
########################################

#=======================================
#
# Sequence: Cyclopes_didactylus     from: 1   to: 16368
# HitCount: 1
#
# Threshold: 20
# Minrepeat: 2
# Maxrepeat: 100
# Mismatch: No
# Uniform: No
#
#=======================================

  Start     End  Strand   Score   Size  Count Identity Consensus   
  16090   16185       +      70     12      8     92.7 catacacacagg

#---------------------------------------
#---------------------------------------
