########################################
# Program: etandem
# Rundate: Thu  6 Oct 2022 13:08:38
# Commandline: etandem
#    -sequence ../raw/separate_seqs/Cynomys_leucurus.fa
#    -maxrepeat 100
#    -minrepeat 2
#    -outfile Cynomys_leucurus.fa.out
#    -rdirectory2 ../reSLUTS/tandem_repeats
# Report_format: table
# Report_file: ../reSLUTS/tandem_repeats/Cynomys_leucurus.fa.out
########################################

#=======================================
#
# Sequence: Cynomys_leucurus     from: 1   to: 16454
# HitCount: 1
#
# Threshold: 20
# Minrepeat: 2
# Maxrepeat: 100
# Mismatch: No
# Uniform: No
#
#=======================================

  Start     End  Strand   Score   Size  Count Identity Consensus   
  13765   13836       +      20     12      6     72.2 aaaaccactaaa

#---------------------------------------
#---------------------------------------
