########################################
# Program: etandem
# Rundate: Thu  6 Oct 2022 13:10:53
# Commandline: etandem
#    -sequence ../raw/separate_seqs/Cynomys_ludovicianus.fa
#    -maxrepeat 100
#    -minrepeat 2
#    -outfile Cynomys_ludovicianus.fa.out
#    -rdirectory2 ../reSLUTS/tandem_repeats
# Report_format: table
# Report_file: ../reSLUTS/tandem_repeats/Cynomys_ludovicianus.fa.out
########################################

#=======================================
#
# Sequence: Cynomys_ludovicianus     from: 1   to: 16466
# HitCount: 0
#
# Threshold: 20
# Minrepeat: 2
# Maxrepeat: 100
# Mismatch: No
# Uniform: No
#
#=======================================

  Start     End  Strand   Score   Size  Count Identity Consensus

#---------------------------------------
#---------------------------------------
