########################################
# Program: etandem
# Rundate: Thu  6 Oct 2022 13:07:57
# Commandline: etandem
#    -sequence ../raw/separate_seqs/Cystophora_cristata.fa
#    -maxrepeat 100
#    -minrepeat 2
#    -outfile Cystophora_cristata.fa.out
#    -rdirectory2 ../reSLUTS/tandem_repeats
# Report_format: table
# Report_file: ../reSLUTS/tandem_repeats/Cystophora_cristata.fa.out
########################################

#=======================================
#
# Sequence: Cystophora_cristata     from: 1   to: 16952
# HitCount: 1
#
# Threshold: 20
# Minrepeat: 2
# Maxrepeat: 100
# Mismatch: No
# Uniform: No
#
#=======================================

  Start     End  Strand   Score   Size  Count Identity Consensus                   
  16096   16627       +     228     28     19     74.1 acgcacacgtacacgtacacacacgcac

#---------------------------------------
#---------------------------------------
