########################################
# Program: etandem
# Rundate: Thu  6 Oct 2022 13:16:53
# Commandline: etandem
#    -sequence ../raw/separate_seqs/Dactylopsila_trivirgata.fa
#    -maxrepeat 100
#    -minrepeat 2
#    -outfile Dactylopsila_trivirgata.fa.out
#    -rdirectory2 ../reSLUTS/tandem_repeats
# Report_format: table
# Report_file: ../reSLUTS/tandem_repeats/Dactylopsila_trivirgata.fa.out
########################################

#=======================================
#
# Sequence: Dactylopsila_trivirgata     from: 1   to: 16058
# HitCount: 1
#
# Threshold: 20
# Minrepeat: 2
# Maxrepeat: 100
# Mismatch: No
# Uniform: No
#
#=======================================

  Start     End  Strand   Score   Size  Count Identity Consensus         
  15699   15896       +      22     18     11     60.1 actaaaagatcaataatt

#---------------------------------------
#---------------------------------------
