########################################
# Program: etandem
# Rundate: Thu  6 Oct 2022 13:08:08
# Commandline: etandem
#    -sequence ../raw/separate_seqs/Dactylomys_dactylinus.fa
#    -maxrepeat 100
#    -minrepeat 2
#    -outfile Dactylomys_dactylinus.fa.out
#    -rdirectory2 ../reSLUTS/tandem_repeats
# Report_format: table
# Report_file: ../reSLUTS/tandem_repeats/Dactylomys_dactylinus.fa.out
########################################

#=======================================
#
# Sequence: Dactylomys_dactylinus     from: 1   to: 16650
# HitCount: 1
#
# Threshold: 20
# Minrepeat: 2
# Maxrepeat: 100
# Mismatch: No
# Uniform: No
#
#=======================================

  Start     End  Strand   Score   Size  Count Identity Consensus 
  16168   16347       +     160     10     18     97.2 tacacatacg

#---------------------------------------
#---------------------------------------
