########################################
# Program: etandem
# Rundate: Thu  6 Oct 2022 13:03:23
# Commandline: etandem
#    -sequence ../raw/separate_seqs/Damaliscus_lunatus.fa
#    -maxrepeat 100
#    -minrepeat 2
#    -outfile Damaliscus_lunatus.fa.out
#    -rdirectory2 ../reSLUTS/tandem_repeats
# Report_format: table
# Report_file: ../reSLUTS/tandem_repeats/Damaliscus_lunatus.fa.out
########################################

#=======================================
#
# Sequence: Damaliscus_lunatus     from: 1   to: 16419
# HitCount: 1
#
# Threshold: 20
# Minrepeat: 2
# Maxrepeat: 100
# Mismatch: No
# Uniform: No
#
#=======================================

  Start     End  Strand   Score   Size  Count Identity Consensus             
  16178   16243       +      26     22      3     86.4 acggttaatgattgtaagacat

#---------------------------------------
#---------------------------------------
