########################################
# Program: etandem
# Rundate: Thu  6 Oct 2022 13:07:22
# Commandline: etandem
#    -sequence ../raw/separate_seqs/Damaliscus_pygargus.fa
#    -maxrepeat 100
#    -minrepeat 2
#    -outfile Damaliscus_pygargus.fa.out
#    -rdirectory2 ../reSLUTS/tandem_repeats
# Report_format: table
# Report_file: ../reSLUTS/tandem_repeats/Damaliscus_pygargus.fa.out
########################################

#=======================================
#
# Sequence: Damaliscus_pygargus     from: 1   to: 16385
# HitCount: 0
#
# Threshold: 20
# Minrepeat: 2
# Maxrepeat: 100
# Mismatch: No
# Uniform: No
#
#=======================================

  Start     End  Strand   Score   Size  Count Identity Consensus

#---------------------------------------
#---------------------------------------
