########################################
# Program: etandem
# Rundate: Thu  6 Oct 2022 12:58:49
# Commandline: etandem
#    -sequence ../raw/separate_seqs/Dama_dama.fa
#    -maxrepeat 100
#    -minrepeat 2
#    -outfile Dama_dama.fa.out
#    -rdirectory2 ../reSLUTS/tandem_repeats
# Report_format: table
# Report_file: ../reSLUTS/tandem_repeats/Dama_dama.fa.out
########################################

#=======================================
#
# Sequence: Dama_dama     from: 1   to: 16330
# HitCount: 0
#
# Threshold: 20
# Minrepeat: 2
# Maxrepeat: 100
# Mismatch: No
# Uniform: No
#
#=======================================

  Start     End  Strand   Score   Size  Count Identity Consensus

#---------------------------------------
#---------------------------------------
