########################################
# Program: etandem
# Rundate: Thu  6 Oct 2022 13:03:13
# Commandline: etandem
#    -sequence ../raw/separate_seqs/Daubentonia_madagascariensis.fa
#    -maxrepeat 100
#    -minrepeat 2
#    -outfile Daubentonia_madagascariensis.fa.out
#    -rdirectory2 ../reSLUTS/tandem_repeats
# Report_format: table
# Report_file: ../reSLUTS/tandem_repeats/Daubentonia_madagascariensis.fa.out
########################################

#=======================================
#
# Sequence: Daubentonia_madagascariensis     from: 1   to: 16620
# HitCount: 1
#
# Threshold: 20
# Minrepeat: 2
# Maxrepeat: 100
# Mismatch: No
# Uniform: No
#
#=======================================

  Start     End  Strand   Score   Size  Count Identity Consensus  
  16164   16416       +     238     11     23     99.2 ataacgtacgc

#---------------------------------------
#---------------------------------------
