########################################
# Program: etandem
# Rundate: Thu  6 Oct 2022 13:00:11
# Commandline: etandem
#    -sequence ../raw/separate_seqs/Dendrohyrax_dorsalis.fa
#    -maxrepeat 100
#    -minrepeat 2
#    -outfile Dendrohyrax_dorsalis.fa.out
#    -rdirectory2 ../reSLUTS/tandem_repeats
# Report_format: table
# Report_file: ../reSLUTS/tandem_repeats/Dendrohyrax_dorsalis.fa.out
########################################

#=======================================
#
# Sequence: Dendrohyrax_dorsalis     from: 1   to: 16590
# HitCount: 1
#
# Threshold: 20
# Minrepeat: 2
# Maxrepeat: 100
# Mismatch: No
# Uniform: No
#
#=======================================

  Start     End  Strand   Score   Size  Count Identity Consensus
  16099   16344       +     220      6     41     95.9 cgcata   

#---------------------------------------
#---------------------------------------
