########################################
# Program: etandem
# Rundate: Thu  6 Oct 2022 13:16:19
# Commandline: etandem
#    -sequence ../raw/separate_seqs/Diceros_bicornis.fa
#    -maxrepeat 100
#    -minrepeat 2
#    -outfile Diceros_bicornis.fa.out
#    -rdirectory2 ../reSLUTS/tandem_repeats
# Report_format: table
# Report_file: ../reSLUTS/tandem_repeats/Diceros_bicornis.fa.out
########################################

#=======================================
#
# Sequence: Diceros_bicornis     from: 1   to: 16411
# HitCount: 0
#
# Threshold: 20
# Minrepeat: 2
# Maxrepeat: 100
# Mismatch: No
# Uniform: No
#
#=======================================

  Start     End  Strand   Score   Size  Count Identity Consensus

#---------------------------------------
#---------------------------------------
