########################################
# Program: etandem
# Rundate: Thu  6 Oct 2022 13:03:04
# Commandline: etandem
#    -sequence ../raw/separate_seqs/Dicerorhinus_sumatrensis.fa
#    -maxrepeat 100
#    -minrepeat 2
#    -outfile Dicerorhinus_sumatrensis.fa.out
#    -rdirectory2 ../reSLUTS/tandem_repeats
# Report_format: table
# Report_file: ../reSLUTS/tandem_repeats/Dicerorhinus_sumatrensis.fa.out
########################################

#=======================================
#
# Sequence: Dicerorhinus_sumatrensis     from: 1   to: 16466
# HitCount: 2
#
# Threshold: 20
# Minrepeat: 2
# Maxrepeat: 100
# Mismatch: No
# Uniform: No
#
#=======================================

  Start     End  Strand   Score   Size  Count Identity Consensus                              
  13896   14090       +      24     39      5     66.2 aaacactaaacacaaatacagcactcaaaaaaaacacca
  13643   13762       +      20     24      5     68.3 atactacaaaccccaaaaaccccc               

#---------------------------------------
#---------------------------------------
