########################################
# Program: etandem
# Rundate: Thu  6 Oct 2022 13:13:54
# Commandline: etandem
#    -sequence ../raw/separate_seqs/Didelphis_virginiana.fa
#    -maxrepeat 100
#    -minrepeat 2
#    -outfile Didelphis_virginiana.fa.out
#    -rdirectory2 ../reSLUTS/tandem_repeats
# Report_format: table
# Report_file: ../reSLUTS/tandem_repeats/Didelphis_virginiana.fa.out
########################################

#=======================================
#
# Sequence: Didelphis_virginiana     from: 1   to: 17084
# HitCount: 5
#
# Threshold: 20
# Minrepeat: 2
# Maxrepeat: 100
# Mismatch: No
# Uniform: No
#
#=======================================

  Start     End  Strand   Score   Size  Count Identity Consensus                 
  16361   16616       +     124     16     16     77.3 aataaaaaaaaataaa          
  16748   16894       +      92     21      7     88.4 taaagtcaaattataaaattt     
  16901   16960       +      26     20      3     88.3 aaattataaaatttaaggtc      
  15629   15732       +      24     26      4     74.0 atacattaaattcataactatccttg
  13900   13983       +      23     21      4     76.2 tcctaaacctactaatatacc     

#---------------------------------------
#---------------------------------------
