########################################
# Program: etandem
# Rundate: Thu  6 Oct 2022 13:06:49
# Commandline: etandem
#    -sequence ../raw/separate_seqs/Dremomys_rufigenis.fa
#    -maxrepeat 100
#    -minrepeat 2
#    -outfile Dremomys_rufigenis.fa.out
#    -rdirectory2 ../reSLUTS/tandem_repeats
# Report_format: table
# Report_file: ../reSLUTS/tandem_repeats/Dremomys_rufigenis.fa.out
########################################

#=======================================
#
# Sequence: Dremomys_rufigenis     from: 1   to: 16545
# HitCount: 1
#
# Threshold: 20
# Minrepeat: 2
# Maxrepeat: 100
# Mismatch: No
# Uniform: No
#
#=======================================

  Start     End  Strand   Score   Size  Count Identity Consensus   
  13755   13850       +      24     12      8     68.8 aaccaacaacac

#---------------------------------------
#---------------------------------------
