########################################
# Program: etandem
# Rundate: Thu  6 Oct 2022 13:16:22
# Commandline: etandem
#    -sequence ../raw/separate_seqs/Dromiciops_gliroides.fa
#    -maxrepeat 100
#    -minrepeat 2
#    -outfile Dromiciops_gliroides.fa.out
#    -rdirectory2 ../reSLUTS/tandem_repeats
# Report_format: table
# Report_file: ../reSLUTS/tandem_repeats/Dromiciops_gliroides.fa.out
########################################

#=======================================
#
# Sequence: Dromiciops_gliroides     from: 1   to: 15350
# HitCount: 1
#
# Threshold: 20
# Minrepeat: 2
# Maxrepeat: 100
# Mismatch: No
# Uniform: No
#
#=======================================

  Start     End  Strand   Score   Size  Count Identity Consensus               
  13854   14021       +      26     24      7     64.9 acaaccaaaaactacaaaacctaa

#---------------------------------------
#---------------------------------------
