########################################
# Program: etandem
# Rundate: Thu  6 Oct 2022 13:07:20
# Commandline: etandem
#    -sequence ../raw/separate_seqs/Dugong_dugon.fa
#    -maxrepeat 100
#    -minrepeat 2
#    -outfile Dugong_dugon.fa.out
#    -rdirectory2 ../reSLUTS/tandem_repeats
# Report_format: table
# Report_file: ../reSLUTS/tandem_repeats/Dugong_dugon.fa.out
########################################

#=======================================
#
# Sequence: Dugong_dugon     from: 1   to: 16850
# HitCount: 1
#
# Threshold: 20
# Minrepeat: 2
# Maxrepeat: 100
# Mismatch: No
# Uniform: No
#
#=======================================

  Start     End  Strand   Score   Size  Count Identity Consensus
  16142   16537       +     366      6     66     97.0 cgcata   

#---------------------------------------
#---------------------------------------
