########################################
# Program: etandem
# Rundate: Thu  6 Oct 2022 13:09:07
# Commandline: etandem
#    -sequence ../raw/separate_seqs/Echinops_telfairi.fa
#    -maxrepeat 100
#    -minrepeat 2
#    -outfile Echinops_telfairi.fa.out
#    -rdirectory2 ../reSLUTS/tandem_repeats
# Report_format: table
# Report_file: ../reSLUTS/tandem_repeats/Echinops_telfairi.fa.out
########################################

#=======================================
#
# Sequence: Echinops_telfairi     from: 1   to: 16549
# HitCount: 1
#
# Threshold: 20
# Minrepeat: 2
# Maxrepeat: 100
# Mismatch: No
# Uniform: No
#
#=======================================

  Start     End  Strand   Score   Size  Count Identity Consensus   
  16036   16323       +     206     12     24     87.8 gcatacgtacac

#---------------------------------------
#---------------------------------------
