########################################
# Program: etandem
# Rundate: Thu  6 Oct 2022 13:00:06
# Commandline: etandem
#    -sequence ../raw/separate_seqs/Echymipera_rufescens_australis.fa
#    -maxrepeat 100
#    -minrepeat 2
#    -outfile Echymipera_rufescens_australis.fa.out
#    -rdirectory2 ../reSLUTS/tandem_repeats
# Report_format: table
# Report_file: ../reSLUTS/tandem_repeats/Echymipera_rufescens_australis.fa.out
########################################

#=======================================
#
# Sequence: Echymipera_rufescens_australis     from: 1   to: 16642
# HitCount: 1
#
# Threshold: 20
# Minrepeat: 2
# Maxrepeat: 100
# Mismatch: No
# Uniform: No
#
#=======================================

  Start     End  Strand   Score   Size  Count Identity Consensus 
  16337   16386       +      34     10      5     94.0 ataatttata

#---------------------------------------
#---------------------------------------
