########################################
# Program: etandem
# Rundate: Thu  6 Oct 2022 13:07:27
# Commandline: etandem
#    -sequence ../raw/separate_seqs/Eospalax_rothschildi.fa
#    -maxrepeat 100
#    -minrepeat 2
#    -outfile Eospalax_rothschildi.fa.out
#    -rdirectory2 ../reSLUTS/tandem_repeats
# Report_format: table
# Report_file: ../reSLUTS/tandem_repeats/Eospalax_rothschildi.fa.out
########################################

#=======================================
#
# Sequence: Eospalax_rothschildi     from: 1   to: 16377
# HitCount: 1
#
# Threshold: 20
# Minrepeat: 2
# Maxrepeat: 100
# Mismatch: No
# Uniform: No
#
#=======================================

  Start     End  Strand   Score   Size  Count Identity Consensus                              
  11723   11878       +      21     39      4     69.2 aaccaaattaattaaaatatcacacttactaagcctttt

#---------------------------------------
#---------------------------------------
