########################################
# Program: etandem
# Rundate: Thu  6 Oct 2022 13:17:19
# Commandline: etandem
#    -sequence ../raw/separate_seqs/Eothenomys_miletus.fa
#    -maxrepeat 100
#    -minrepeat 2
#    -outfile Eothenomys_miletus.fa.out
#    -rdirectory2 ../reSLUTS/tandem_repeats
# Report_format: table
# Report_file: ../reSLUTS/tandem_repeats/Eothenomys_miletus.fa.out
########################################

#=======================================
#
# Sequence: Eothenomys_miletus     from: 1   to: 16344
# HitCount: 0
#
# Threshold: 20
# Minrepeat: 2
# Maxrepeat: 100
# Mismatch: No
# Uniform: No
#
#=======================================

  Start     End  Strand   Score   Size  Count Identity Consensus

#---------------------------------------
#---------------------------------------
