########################################
# Program: etandem
# Rundate: Thu  6 Oct 2022 13:12:10
# Commandline: etandem
#    -sequence ../raw/separate_seqs/Eothenomys_chinensis.fa
#    -maxrepeat 100
#    -minrepeat 2
#    -outfile Eothenomys_chinensis.fa.out
#    -rdirectory2 ../reSLUTS/tandem_repeats
# Report_format: table
# Report_file: ../reSLUTS/tandem_repeats/Eothenomys_chinensis.fa.out
########################################

#=======================================
#
# Sequence: Eothenomys_chinensis     from: 1   to: 16362
# HitCount: 0
#
# Threshold: 20
# Minrepeat: 2
# Maxrepeat: 100
# Mismatch: No
# Uniform: No
#
#=======================================

  Start     End  Strand   Score   Size  Count Identity Consensus

#---------------------------------------
#---------------------------------------
