########################################
# Program: etandem
# Rundate: Thu  6 Oct 2022 13:04:36
# Commandline: etandem
#    -sequence ../raw/separate_seqs/Eozapus_setchuanus.fa
#    -maxrepeat 100
#    -minrepeat 2
#    -outfile Eozapus_setchuanus.fa.out
#    -rdirectory2 ../reSLUTS/tandem_repeats
# Report_format: table
# Report_file: ../reSLUTS/tandem_repeats/Eozapus_setchuanus.fa.out
########################################

#=======================================
#
# Sequence: Eozapus_setchuanus     from: 1   to: 16573
# HitCount: 1
#
# Threshold: 20
# Minrepeat: 2
# Maxrepeat: 100
# Mismatch: No
# Uniform: No
#
#=======================================

  Start     End  Strand   Score   Size  Count Identity Consensus     
  16081   16332       +     202     14     18     92.9 acgcatacacgcat

#---------------------------------------
#---------------------------------------
