########################################
# Program: etandem
# Rundate: Thu  6 Oct 2022 13:09:55
# Commandline: etandem
#    -sequence ../raw/separate_seqs/Epomophorus_gambianus.fa
#    -maxrepeat 100
#    -minrepeat 2
#    -outfile Epomophorus_gambianus.fa.out
#    -rdirectory2 ../reSLUTS/tandem_repeats
# Report_format: table
# Report_file: ../reSLUTS/tandem_repeats/Epomophorus_gambianus.fa.out
########################################

#=======================================
#
# Sequence: Epomophorus_gambianus     from: 1   to: 16702
# HitCount: 1
#
# Threshold: 20
# Minrepeat: 2
# Maxrepeat: 100
# Mismatch: No
# Uniform: No
#
#=======================================

  Start     End  Strand   Score   Size  Count Identity Consensus   
  16149   16436       +     268     12     24     98.6 catacacgtacg

#---------------------------------------
#---------------------------------------
