########################################
# Program: etandem
# Rundate: Thu  6 Oct 2022 13:08:30
# Commandline: etandem
#    -sequence ../raw/separate_seqs/Equus_asinus.fa
#    -maxrepeat 100
#    -minrepeat 2
#    -outfile Equus_asinus.fa.out
#    -rdirectory2 ../reSLUTS/tandem_repeats
# Report_format: table
# Report_file: ../reSLUTS/tandem_repeats/Equus_asinus.fa.out
########################################

#=======================================
#
# Sequence: Equus_asinus     from: 1   to: 16670
# HitCount: 1
#
# Threshold: 20
# Minrepeat: 2
# Maxrepeat: 100
# Mismatch: No
# Uniform: No
#
#=======================================

  Start     End  Strand   Score   Size  Count Identity Consensus               
  16125   16388       +     210     24     11     94.3 cacacccacacacccatgcgcgca

#---------------------------------------
#---------------------------------------
