########################################
# Program: etandem
# Rundate: Thu  6 Oct 2022 13:11:00
# Commandline: etandem
#    -sequence ../raw/separate_seqs/Equus_ovodovi.fa
#    -maxrepeat 100
#    -minrepeat 2
#    -outfile Equus_ovodovi.fa.out
#    -rdirectory2 ../reSLUTS/tandem_repeats
# Report_format: table
# Report_file: ../reSLUTS/tandem_repeats/Equus_ovodovi.fa.out
########################################

#=======================================
#
# Sequence: Equus_ovodovi     from: 1   to: 16415
# HitCount: 1
#
# Threshold: 20
# Minrepeat: 2
# Maxrepeat: 100
# Mismatch: No
# Uniform: No
#
#=======================================

  Start     End  Strand   Score   Size  Count Identity Consensus                                  
  15518   15603       +      41     43      2     98.8 nnnnnnnnnnnnnnnnnnnnnnnnnnnnnnnnnnnnnnnnncn

#---------------------------------------
#---------------------------------------
