########################################
# Program: etandem
# Rundate: Thu  6 Oct 2022 13:10:47
# Commandline: etandem
#    -sequence ../raw/separate_seqs/Equus_caballus.fa
#    -maxrepeat 100
#    -minrepeat 2
#    -outfile Equus_caballus.fa.out
#    -rdirectory2 ../reSLUTS/tandem_repeats
# Report_format: table
# Report_file: ../reSLUTS/tandem_repeats/Equus_caballus.fa.out
########################################

#=======================================
#
# Sequence: Equus_caballus     from: 1   to: 16660
# HitCount: 1
#
# Threshold: 20
# Minrepeat: 2
# Maxrepeat: 100
# Mismatch: No
# Uniform: No
#
#=======================================

  Start     End  Strand   Score   Size  Count Identity Consensus
  16129   16360       +     224      8     29    100.0 gtgcacct 

#---------------------------------------
#---------------------------------------
