########################################
# Program: etandem
# Rundate: Thu  6 Oct 2022 13:08:11
# Commandline: etandem
#    -sequence ../raw/separate_seqs/Eremitalpa_granti.fa
#    -maxrepeat 100
#    -minrepeat 2
#    -outfile Eremitalpa_granti.fa.out
#    -rdirectory2 ../reSLUTS/tandem_repeats
# Report_format: table
# Report_file: ../reSLUTS/tandem_repeats/Eremitalpa_granti.fa.out
########################################

#=======================================
#
# Sequence: Eremitalpa_granti     from: 1   to: 16602
# HitCount: 1
#
# Threshold: 20
# Minrepeat: 2
# Maxrepeat: 100
# Mismatch: No
# Uniform: No
#
#=======================================

  Start     End  Strand   Score   Size  Count Identity Consensus
  16115   16348       +     138      6     39     80.8 cgcata   

#---------------------------------------
#---------------------------------------
