########################################
# Program: etandem
# Rundate: Thu  6 Oct 2022 13:13:44
# Commandline: etandem
#    -sequence ../raw/separate_seqs/Erythrocebus_patas.fa
#    -maxrepeat 100
#    -minrepeat 2
#    -outfile Erythrocebus_patas.fa.out
#    -rdirectory2 ../reSLUTS/tandem_repeats
# Report_format: table
# Report_file: ../reSLUTS/tandem_repeats/Erythrocebus_patas.fa.out
########################################

#=======================================
#
# Sequence: Erythrocebus_patas     from: 1   to: 16676
# HitCount: 0
#
# Threshold: 20
# Minrepeat: 2
# Maxrepeat: 100
# Mismatch: No
# Uniform: No
#
#=======================================

  Start     End  Strand   Score   Size  Count Identity Consensus

#---------------------------------------
#---------------------------------------
