########################################
# Program: etandem
# Rundate: Thu  6 Oct 2022 13:09:15
# Commandline: etandem
#    -sequence ../raw/separate_seqs/Euchoreutes_naso.fa
#    -maxrepeat 100
#    -minrepeat 2
#    -outfile Euchoreutes_naso.fa.out
#    -rdirectory2 ../reSLUTS/tandem_repeats
# Report_format: table
# Report_file: ../reSLUTS/tandem_repeats/Euchoreutes_naso.fa.out
########################################

#=======================================
#
# Sequence: Euchoreutes_naso     from: 1   to: 16705
# HitCount: 1
#
# Threshold: 20
# Minrepeat: 2
# Maxrepeat: 100
# Mismatch: No
# Uniform: No
#
#=======================================

  Start     End  Strand   Score   Size  Count Identity Consensus
  16099   16416       +     274      6     53     94.0 catacg   

#---------------------------------------
#---------------------------------------
