########################################
# Program: etandem
# Rundate: Thu  6 Oct 2022 13:01:11
# Commandline: etandem
#    -sequence ../raw/separate_seqs/Eulemur_rufus.fa
#    -maxrepeat 100
#    -minrepeat 2
#    -outfile Eulemur_rufus.fa.out
#    -rdirectory2 ../reSLUTS/tandem_repeats
# Report_format: table
# Report_file: ../reSLUTS/tandem_repeats/Eulemur_rufus.fa.out
########################################

#=======================================
#
# Sequence: Eulemur_rufus     from: 1   to: 16280
# HitCount: 0
#
# Threshold: 20
# Minrepeat: 2
# Maxrepeat: 100
# Mismatch: No
# Uniform: No
#
#=======================================

  Start     End  Strand   Score   Size  Count Identity Consensus

#---------------------------------------
#---------------------------------------
