########################################
# Program: etandem
# Rundate: Thu  6 Oct 2022 13:00:49
# Commandline: etandem
#    -sequence ../raw/separate_seqs/Eulemur_fulvus_mayottensis.fa
#    -maxrepeat 100
#    -minrepeat 2
#    -outfile Eulemur_fulvus_mayottensis.fa.out
#    -rdirectory2 ../reSLUTS/tandem_repeats
# Report_format: table
# Report_file: ../reSLUTS/tandem_repeats/Eulemur_fulvus_mayottensis.fa.out
########################################

#=======================================
#
# Sequence: Eulemur_fulvus_mayottensis     from: 1   to: 17118
# HitCount: 1
#
# Threshold: 20
# Minrepeat: 2
# Maxrepeat: 100
# Mismatch: No
# Uniform: No
#
#=======================================

  Start     End  Strand   Score   Size  Count Identity Consensus
  16280   16693       +     382      6     69     96.9 acatgc   

#---------------------------------------
#---------------------------------------
