########################################
# Program: etandem
# Rundate: Thu  6 Oct 2022 13:11:11
# Commandline: etandem
#    -sequence ../raw/separate_seqs/Eulemur_mongoz.fa
#    -maxrepeat 100
#    -minrepeat 2
#    -outfile Eulemur_mongoz.fa.out
#    -rdirectory2 ../reSLUTS/tandem_repeats
# Report_format: table
# Report_file: ../reSLUTS/tandem_repeats/Eulemur_mongoz.fa.out
########################################

#=======================================
#
# Sequence: Eulemur_mongoz     from: 1   to: 16686
# HitCount: 1
#
# Threshold: 20
# Minrepeat: 2
# Maxrepeat: 100
# Mismatch: No
# Uniform: No
#
#=======================================

  Start     End  Strand   Score   Size  Count Identity Consensus
  16288   16443       +     136      6     26     95.5 acatgc   

#---------------------------------------
#---------------------------------------
