########################################
# Program: etandem
# Rundate: Thu  6 Oct 2022 13:01:37
# Commandline: etandem
#    -sequence ../raw/separate_seqs/Eulemur_rubriventer.fa
#    -maxrepeat 100
#    -minrepeat 2
#    -outfile Eulemur_rubriventer.fa.out
#    -rdirectory2 ../reSLUTS/tandem_repeats
# Report_format: table
# Report_file: ../reSLUTS/tandem_repeats/Eulemur_rubriventer.fa.out
########################################

#=======================================
#
# Sequence: Eulemur_rubriventer     from: 1   to: 17534
# HitCount: 1
#
# Threshold: 20
# Minrepeat: 2
# Maxrepeat: 100
# Mismatch: No
# Uniform: No
#
#=======================================

  Start     End  Strand   Score   Size  Count Identity Consensus
  16279   16690       +     196      2    206     74.0 ca       

#---------------------------------------
#---------------------------------------
