########################################
# Program: etandem
# Rundate: Thu  6 Oct 2022 13:06:00
# Commandline: etandem
#    -sequence ../raw/separate_seqs/Exilisciurus_exilis.fa
#    -maxrepeat 100
#    -minrepeat 2
#    -outfile Exilisciurus_exilis.fa.out
#    -rdirectory2 ../reSLUTS/tandem_repeats
# Report_format: table
# Report_file: ../reSLUTS/tandem_repeats/Exilisciurus_exilis.fa.out
########################################

#=======================================
#
# Sequence: Exilisciurus_exilis     from: 1   to: 16337
# HitCount: 0
#
# Threshold: 20
# Minrepeat: 2
# Maxrepeat: 100
# Mismatch: No
# Uniform: No
#
#=======================================

  Start     End  Strand   Score   Size  Count Identity Consensus

#---------------------------------------
#---------------------------------------
