########################################
# Program: etandem
# Rundate: Thu  6 Oct 2022 13:00:38
# Commandline: etandem
#    -sequence ../raw/separate_seqs/Felis_silvestris.fa
#    -maxrepeat 100
#    -minrepeat 2
#    -outfile Felis_silvestris.fa.out
#    -rdirectory2 ../reSLUTS/tandem_repeats
# Report_format: table
# Report_file: ../reSLUTS/tandem_repeats/Felis_silvestris.fa.out
########################################

#=======================================
#
# Sequence: Felis_silvestris     from: 1   to: 16640
# HitCount: 1
#
# Threshold: 20
# Minrepeat: 2
# Maxrepeat: 100
# Mismatch: No
# Uniform: No
#
#=======================================

  Start     End  Strand   Score   Size  Count Identity Consensus
    251     362       +      74      8     14     86.6 cgtataca 

#---------------------------------------
#---------------------------------------
