########################################
# Program: etandem
# Rundate: Thu  6 Oct 2022 13:10:10
# Commandline: etandem
#    -sequence ../raw/separate_seqs/Felis_margarita.fa
#    -maxrepeat 100
#    -minrepeat 2
#    -outfile Felis_margarita.fa.out
#    -rdirectory2 ../reSLUTS/tandem_repeats
# Report_format: table
# Report_file: ../reSLUTS/tandem_repeats/Felis_margarita.fa.out
########################################

#=======================================
#
# Sequence: Felis_margarita     from: 1   to: 16864
# HitCount: 1
#
# Threshold: 20
# Minrepeat: 2
# Maxrepeat: 100
# Mismatch: No
# Uniform: No
#
#=======================================

  Start     End  Strand   Score   Size  Count Identity Consensus
    252     595       +     276      8     43     91.3 cgtataca 

#---------------------------------------
#---------------------------------------
