########################################
# Program: etandem
# Rundate: Thu  6 Oct 2022 13:08:00
# Commandline: etandem
#    -sequence ../raw/separate_seqs/Feresa_attenuata.fa
#    -maxrepeat 100
#    -minrepeat 2
#    -outfile Feresa_attenuata.fa.out
#    -rdirectory2 ../reSLUTS/tandem_repeats
# Report_format: table
# Report_file: ../reSLUTS/tandem_repeats/Feresa_attenuata.fa.out
########################################

#=======================================
#
# Sequence: Feresa_attenuata     from: 1   to: 16387
# HitCount: 1
#
# Threshold: 20
# Minrepeat: 2
# Maxrepeat: 100
# Mismatch: No
# Uniform: No
#
#=======================================

  Start     End  Strand   Score   Size  Count Identity Consensus                              
   4534    4650       +      20     39      3     75.2 aaccttcaccctactaatactactaatataaaacacaat

#---------------------------------------
#---------------------------------------
