########################################
# Program: etandem
# Rundate: Thu  6 Oct 2022 13:03:36
# Commandline: etandem
#    -sequence ../raw/separate_seqs/Galago_moholi.fa
#    -maxrepeat 100
#    -minrepeat 2
#    -outfile Galago_moholi.fa.out
#    -rdirectory2 ../reSLUTS/tandem_repeats
# Report_format: table
# Report_file: ../reSLUTS/tandem_repeats/Galago_moholi.fa.out
########################################

#=======================================
#
# Sequence: Galago_moholi     from: 1   to: 16650
# HitCount: 1
#
# Threshold: 20
# Minrepeat: 2
# Maxrepeat: 100
# Mismatch: No
# Uniform: No
#
#=======================================

  Start     End  Strand   Score   Size  Count Identity Consensus     
  16284   16367       +      64     14      6     96.4 catacgcatacacg

#---------------------------------------
#---------------------------------------
