########################################
# Program: etandem
# Rundate: Thu  6 Oct 2022 13:11:23
# Commandline: etandem
#    -sequence ../raw/separate_seqs/Galago_senegalensis.fa
#    -maxrepeat 100
#    -minrepeat 2
#    -outfile Galago_senegalensis.fa.out
#    -rdirectory2 ../reSLUTS/tandem_repeats
# Report_format: table
# Report_file: ../reSLUTS/tandem_repeats/Galago_senegalensis.fa.out
########################################

#=======================================
#
# Sequence: Galago_senegalensis     from: 1   to: 16795
# HitCount: 1
#
# Threshold: 20
# Minrepeat: 2
# Maxrepeat: 100
# Mismatch: No
# Uniform: No
#
#=======================================

  Start     End  Strand   Score   Size  Count Identity Consensus     
  16251   16502       +     228     14     18     98.0 catacgcatacacg

#---------------------------------------
#---------------------------------------
