########################################
# Program: etandem
# Rundate: Thu  6 Oct 2022 13:17:23
# Commandline: etandem
#    -sequence ../raw/separate_seqs/Gazella_bennettii.fa
#    -maxrepeat 100
#    -minrepeat 2
#    -outfile Gazella_bennettii.fa.out
#    -rdirectory2 ../reSLUTS/tandem_repeats
# Report_format: table
# Report_file: ../reSLUTS/tandem_repeats/Gazella_bennettii.fa.out
########################################

#=======================================
#
# Sequence: Gazella_bennettii     from: 1   to: 16435
# HitCount: 1
#
# Threshold: 20
# Minrepeat: 2
# Maxrepeat: 100
# Mismatch: No
# Uniform: No
#
#=======================================

  Start     End  Strand   Score   Size  Count Identity Consensus                           
   3247    3426       +      22     36      5     66.1 agaactagtatcattattctttacagcagaagaagc

#---------------------------------------
#---------------------------------------
