########################################
# Program: etandem
# Rundate: Thu  6 Oct 2022 13:07:52
# Commandline: etandem
#    -sequence ../raw/separate_seqs/Gazella_dorcas.fa
#    -maxrepeat 100
#    -minrepeat 2
#    -outfile Gazella_dorcas.fa.out
#    -rdirectory2 ../reSLUTS/tandem_repeats
# Report_format: table
# Report_file: ../reSLUTS/tandem_repeats/Gazella_dorcas.fa.out
########################################

#=======================================
#
# Sequence: Gazella_dorcas     from: 1   to: 16432
# HitCount: 0
#
# Threshold: 20
# Minrepeat: 2
# Maxrepeat: 100
# Mismatch: No
# Uniform: No
#
#=======================================

  Start     End  Strand   Score   Size  Count Identity Consensus

#---------------------------------------
#---------------------------------------
