########################################
# Program: etandem
# Rundate: Thu  6 Oct 2022 13:07:24
# Commandline: etandem
#    -sequence ../raw/separate_seqs/Glis_glis.fa
#    -maxrepeat 100
#    -minrepeat 2
#    -outfile Glis_glis.fa.out
#    -rdirectory2 ../reSLUTS/tandem_repeats
# Report_format: table
# Report_file: ../reSLUTS/tandem_repeats/Glis_glis.fa.out
########################################

#=======================================
#
# Sequence: Glis_glis     from: 1   to: 16602
# HitCount: 1
#
# Threshold: 20
# Minrepeat: 2
# Maxrepeat: 100
# Mismatch: No
# Uniform: No
#
#=======================================

  Start     End  Strand   Score   Size  Count Identity Consensus                 
  15738   15815       +      20     26      3     79.5 tatcgtacataccacattacattatt

#---------------------------------------
#---------------------------------------
