########################################
# Program: etandem
# Rundate: Thu  6 Oct 2022 13:14:21
# Commandline: etandem
#    -sequence ../raw/separate_seqs/Globicephala_melas.fa
#    -maxrepeat 100
#    -minrepeat 2
#    -outfile Globicephala_melas.fa.out
#    -rdirectory2 ../reSLUTS/tandem_repeats
# Report_format: table
# Report_file: ../reSLUTS/tandem_repeats/Globicephala_melas.fa.out
########################################

#=======================================
#
# Sequence: Globicephala_melas     from: 1   to: 16390
# HitCount: 1
#
# Threshold: 20
# Minrepeat: 2
# Maxrepeat: 100
# Mismatch: No
# Uniform: No
#
#=======================================

  Start     End  Strand   Score   Size  Count Identity Consensus                              
   4530    4646       +      20     39      3     75.2 caaccttcacattactaatactactaatataaaacacaa

#---------------------------------------
#---------------------------------------
