########################################
# Program: etandem
# Rundate: Thu  6 Oct 2022 13:13:22
# Commandline: etandem
#    -sequence ../raw/separate_seqs/Grampus_griseus.fa
#    -maxrepeat 100
#    -minrepeat 2
#    -outfile Grampus_griseus.fa.out
#    -rdirectory2 ../reSLUTS/tandem_repeats
# Report_format: table
# Report_file: ../reSLUTS/tandem_repeats/Grampus_griseus.fa.out
########################################

#=======================================
#
# Sequence: Grampus_griseus     from: 1   to: 16386
# HitCount: 1
#
# Threshold: 20
# Minrepeat: 2
# Maxrepeat: 100
# Mismatch: No
# Uniform: No
#
#=======================================

  Start     End  Strand   Score   Size  Count Identity Consensus                              
   4531    4647       +      20     39      3     75.2 aaccatcaccctactaatattactaatctaaaacacaat

#---------------------------------------
#---------------------------------------
