########################################
# Program: etandem
# Rundate: Thu  6 Oct 2022 13:18:01
# Commandline: etandem
#    -sequence ../raw/separate_seqs/Gulo_gulo.fa
#    -maxrepeat 100
#    -minrepeat 2
#    -outfile Gulo_gulo.fa.out
#    -rdirectory2 ../reSLUTS/tandem_repeats
# Report_format: table
# Report_file: ../reSLUTS/tandem_repeats/Gulo_gulo.fa.out
########################################

#=======================================
#
# Sequence: Gulo_gulo     from: 1   to: 16541
# HitCount: 2
#
# Threshold: 20
# Minrepeat: 2
# Maxrepeat: 100
# Mismatch: No
# Uniform: No
#
#=======================================

  Start     End  Strand   Score   Size  Count Identity Consensus       
  16085   16228       +     108     16      9     93.1 cacgtacgtacacgta
  15999   16084       +      50      2     43     80.2 ac              

#---------------------------------------
#---------------------------------------
