########################################
# Program: etandem
# Rundate: Thu  6 Oct 2022 13:05:22
# Commandline: etandem
#    -sequence ../raw/separate_seqs/Halichoerus_grypus.fa
#    -maxrepeat 100
#    -minrepeat 2
#    -outfile Halichoerus_grypus.fa.out
#    -rdirectory2 ../reSLUTS/tandem_repeats
# Report_format: table
# Report_file: ../reSLUTS/tandem_repeats/Halichoerus_grypus.fa.out
########################################

#=======================================
#
# Sequence: Halichoerus_grypus     from: 1   to: 16797
# HitCount: 1
#
# Threshold: 20
# Minrepeat: 2
# Maxrepeat: 100
# Mismatch: No
# Uniform: No
#
#=======================================

  Start     End  Strand   Score   Size  Count Identity Consensus
    390     581       +     186      6     32    100.0 cacgta   

#---------------------------------------
#---------------------------------------
