########################################
# Program: etandem
# Rundate: Thu  6 Oct 2022 13:10:55
# Commandline: etandem
#    -sequence ../raw/separate_seqs/Hapalemur_griseus.fa
#    -maxrepeat 100
#    -minrepeat 2
#    -outfile Hapalemur_griseus.fa.out
#    -rdirectory2 ../reSLUTS/tandem_repeats
# Report_format: table
# Report_file: ../reSLUTS/tandem_repeats/Hapalemur_griseus.fa.out
########################################

#=======================================
#
# Sequence: Hapalemur_griseus     from: 1   to: 16878
# HitCount: 1
#
# Threshold: 20
# Minrepeat: 2
# Maxrepeat: 100
# Mismatch: No
# Uniform: No
#
#=======================================

  Start     End  Strand   Score   Size  Count Identity Consensus   
  16203   16430       +     216     12     19    100.0 catgtgcacaca

#---------------------------------------
#---------------------------------------
