########################################
# Program: etandem
# Rundate: Thu  6 Oct 2022 13:01:58
# Commandline: etandem
#    -sequence ../raw/separate_seqs/Helarctos_malayanus.fa
#    -maxrepeat 100
#    -minrepeat 2
#    -outfile Helarctos_malayanus.fa.out
#    -rdirectory2 ../reSLUTS/tandem_repeats
# Report_format: table
# Report_file: ../reSLUTS/tandem_repeats/Helarctos_malayanus.fa.out
########################################

#=======================================
#
# Sequence: Helarctos_malayanus     from: 1   to: 16783
# HitCount: 1
#
# Threshold: 20
# Minrepeat: 2
# Maxrepeat: 100
# Mismatch: No
# Uniform: No
#
#=======================================

  Start     End  Strand   Score   Size  Count Identity Consensus 
    221     550       +     282     10     33     94.2 acgcacgtgt

#---------------------------------------
#---------------------------------------
