########################################
# Program: etandem
# Rundate: Thu  6 Oct 2022 13:03:01
# Commandline: etandem
#    -sequence ../raw/separate_seqs/Hexaprotodon_liberiensis.fa
#    -maxrepeat 100
#    -minrepeat 2
#    -outfile Hexaprotodon_liberiensis.fa.out
#    -rdirectory2 ../reSLUTS/tandem_repeats
# Report_format: table
# Report_file: ../reSLUTS/tandem_repeats/Hexaprotodon_liberiensis.fa.out
########################################

#=======================================
#
# Sequence: Hexaprotodon_liberiensis     from: 1   to: 16396
# HitCount: 2
#
# Threshold: 20
# Minrepeat: 2
# Maxrepeat: 100
# Mismatch: No
# Uniform: No
#
#=======================================

  Start     End  Strand   Score   Size  Count Identity Consensus                        
  15558   15609       +      22     26      2     96.2 ataggacatactatgtataatcgtgc       
  10378   10509       +      21     33      4     70.5 tactaatcacacgacaaacactcctaatcataa

#---------------------------------------
#---------------------------------------
