########################################
# Program: etandem
# Rundate: Thu  6 Oct 2022 13:08:02
# Commandline: etandem
#    -sequence ../raw/separate_seqs/Hippotragus_niger.fa
#    -maxrepeat 100
#    -minrepeat 2
#    -outfile Hippotragus_niger.fa.out
#    -rdirectory2 ../reSLUTS/tandem_repeats
# Report_format: table
# Report_file: ../reSLUTS/tandem_repeats/Hippotragus_niger.fa.out
########################################

#=======================================
#
# Sequence: Hippotragus_niger     from: 1   to: 16507
# HitCount: 0
#
# Threshold: 20
# Minrepeat: 2
# Maxrepeat: 100
# Mismatch: No
# Uniform: No
#
#=======================================

  Start     End  Strand   Score   Size  Count Identity Consensus

#---------------------------------------
#---------------------------------------
