########################################
# Program: etandem
# Rundate: Thu  6 Oct 2022 13:13:02
# Commandline: etandem
#    -sequence ../raw/separate_seqs/Hipposideros_armiger.fa
#    -maxrepeat 100
#    -minrepeat 2
#    -outfile Hipposideros_armiger.fa.out
#    -rdirectory2 ../reSLUTS/tandem_repeats
# Report_format: table
# Report_file: ../reSLUTS/tandem_repeats/Hipposideros_armiger.fa.out
########################################

#=======================================
#
# Sequence: Hipposideros_armiger     from: 1   to: 16784
# HitCount: 3
#
# Threshold: 20
# Minrepeat: 2
# Maxrepeat: 100
# Mismatch: No
# Uniform: No
#
#=======================================

  Start     End  Strand   Score   Size  Count Identity Consensus                 
  16336   16419       +      74      6     14     97.6 acgcat                    
  13576   13827       +      24     12     21     57.1 aaccacaaaaac              
  15674   15751       +      24     26      3     82.1 aatatatatagtacataccacattaa

#---------------------------------------
#---------------------------------------
