########################################
# Program: etandem
# Rundate: Thu  6 Oct 2022 13:03:21
# Commandline: etandem
#    -sequence ../raw/separate_seqs/Hippotragus_equinus.fa
#    -maxrepeat 100
#    -minrepeat 2
#    -outfile Hippotragus_equinus.fa.out
#    -rdirectory2 ../reSLUTS/tandem_repeats
# Report_format: table
# Report_file: ../reSLUTS/tandem_repeats/Hippotragus_equinus.fa.out
########################################

#=======================================
#
# Sequence: Hippotragus_equinus     from: 1   to: 16436
# HitCount: 1
#
# Threshold: 20
# Minrepeat: 2
# Maxrepeat: 100
# Mismatch: No
# Uniform: No
#
#=======================================

  Start     End  Strand   Score   Size  Count Identity Consensus
   3912    3971       +      21      3     20     70.0 atc      

#---------------------------------------
#---------------------------------------
