########################################
# Program: etandem
# Rundate: Thu  6 Oct 2022 13:13:32
# Commandline: etandem
#    -sequence ../raw/separate_seqs/Homo_heidelbergensis.fa
#    -maxrepeat 100
#    -minrepeat 2
#    -outfile Homo_heidelbergensis.fa.out
#    -rdirectory2 ../reSLUTS/tandem_repeats
# Report_format: table
# Report_file: ../reSLUTS/tandem_repeats/Homo_heidelbergensis.fa.out
########################################

#=======================================
#
# Sequence: Homo_heidelbergensis     from: 1   to: 16568
# HitCount: 1
#
# Threshold: 20
# Minrepeat: 2
# Maxrepeat: 100
# Mismatch: No
# Uniform: No
#
#=======================================

  Start     End  Strand   Score   Size  Count Identity Consensus
  14326   14418       +      24      3     31     64.5 acc      

#---------------------------------------
#---------------------------------------
