########################################
# Program: etandem
# Rundate: Thu  6 Oct 2022 13:05:42
# Commandline: etandem
#    -sequence ../raw/separate_seqs/Homo_sapiens.fa
#    -maxrepeat 100
#    -minrepeat 2
#    -outfile Homo_sapiens.fa.out
#    -rdirectory2 ../reSLUTS/tandem_repeats
# Report_format: table
# Report_file: ../reSLUTS/tandem_repeats/Homo_sapiens.fa.out
########################################

#=======================================
#
# Sequence: Homo_sapiens     from: 1   to: 16569
# HitCount: 1
#
# Threshold: 20
# Minrepeat: 2
# Maxrepeat: 100
# Mismatch: No
# Uniform: No
#
#=======================================

  Start     End  Strand   Score   Size  Count Identity Consensus
  14327   14419       +      22      3     31     63.4 acc      

#---------------------------------------
#---------------------------------------
