########################################
# Program: etandem
# Rundate: Thu  6 Oct 2022 13:11:56
# Commandline: etandem
#    -sequence ../raw/separate_seqs/Hydropotes_inermis_argyropus.fa
#    -maxrepeat 100
#    -minrepeat 2
#    -outfile Hydropotes_inermis_argyropus.fa.out
#    -rdirectory2 ../reSLUTS/tandem_repeats
# Report_format: table
# Report_file: ../reSLUTS/tandem_repeats/Hydropotes_inermis_argyropus.fa.out
########################################

#=======================================
#
# Sequence: Hydropotes_inermis_argyropus     from: 1   to: 16356
# HitCount: 1
#
# Threshold: 20
# Minrepeat: 2
# Maxrepeat: 100
# Mismatch: No
# Uniform: No
#
#=======================================

  Start     End  Strand   Score   Size  Count Identity Consensus                 
  15673   15724       +      20     26      2     94.2 agtacatattattattaatcgtacat

#---------------------------------------
#---------------------------------------
