########################################
# Program: etandem
# Rundate: Thu  6 Oct 2022 13:03:14
# Commandline: etandem
#    -sequence ../raw/separate_seqs/Hydropotes_inermis.fa
#    -maxrepeat 100
#    -minrepeat 2
#    -outfile Hydropotes_inermis.fa.out
#    -rdirectory2 ../reSLUTS/tandem_repeats
# Report_format: table
# Report_file: ../reSLUTS/tandem_repeats/Hydropotes_inermis.fa.out
########################################

#=======================================
#
# Sequence: Hydropotes_inermis     from: 1   to: 16355
# HitCount: 0
#
# Threshold: 20
# Minrepeat: 2
# Maxrepeat: 100
# Mismatch: No
# Uniform: No
#
#=======================================

  Start     End  Strand   Score   Size  Count Identity Consensus

#---------------------------------------
#---------------------------------------
