########################################
# Program: etandem
# Rundate: Thu  6 Oct 2022 13:15:38
# Commandline: etandem
#    -sequence ../raw/separate_seqs/Hyemoschus_aquaticus.fa
#    -maxrepeat 100
#    -minrepeat 2
#    -outfile Hyemoschus_aquaticus.fa.out
#    -rdirectory2 ../reSLUTS/tandem_repeats
# Report_format: table
# Report_file: ../reSLUTS/tandem_repeats/Hyemoschus_aquaticus.fa.out
########################################

#=======================================
#
# Sequence: Hyemoschus_aquaticus     from: 1   to: 16225
# HitCount: 1
#
# Threshold: 20
# Minrepeat: 2
# Maxrepeat: 100
# Mismatch: No
# Uniform: No
#
#=======================================

  Start     End  Strand   Score   Size  Count Identity Consensus                 
  15493   15570       +      26     26      3     83.3 atagtacatagtacatactattatta

#---------------------------------------
#---------------------------------------
