########################################
# Program: etandem
# Rundate: Thu  6 Oct 2022 13:08:24
# Commandline: etandem
#    -sequence ../raw/separate_seqs/Hylopetes_phayrei.fa
#    -maxrepeat 100
#    -minrepeat 2
#    -outfile Hylopetes_phayrei.fa.out
#    -rdirectory2 ../reSLUTS/tandem_repeats
# Report_format: table
# Report_file: ../reSLUTS/tandem_repeats/Hylopetes_phayrei.fa.out
########################################

#=======================================
#
# Sequence: Hylopetes_phayrei     from: 1   to: 16530
# HitCount: 0
#
# Threshold: 20
# Minrepeat: 2
# Maxrepeat: 100
# Mismatch: No
# Uniform: No
#
#=======================================

  Start     End  Strand   Score   Size  Count Identity Consensus

#---------------------------------------
#---------------------------------------
