########################################
# Program: etandem
# Rundate: Thu  6 Oct 2022 13:15:47
# Commandline: etandem
#    -sequence ../raw/separate_seqs/Hylobates_pileatus.fa
#    -maxrepeat 100
#    -minrepeat 2
#    -outfile Hylobates_pileatus.fa.out
#    -rdirectory2 ../reSLUTS/tandem_repeats
# Report_format: table
# Report_file: ../reSLUTS/tandem_repeats/Hylobates_pileatus.fa.out
########################################

#=======================================
#
# Sequence: Hylobates_pileatus     from: 1   to: 16502
# HitCount: 1
#
# Threshold: 20
# Minrepeat: 2
# Maxrepeat: 100
# Mismatch: No
# Uniform: No
#
#=======================================

  Start     End  Strand   Score   Size  Count Identity Consensus               
  10453   10548       +      22     24      4     74.0 ctccctactaataacattctacgt

#---------------------------------------
#---------------------------------------
