########################################
# Program: etandem
# Rundate: Thu  6 Oct 2022 13:08:47
# Commandline: etandem
#    -sequence ../raw/separate_seqs/Hylobates_agilis.fa
#    -maxrepeat 100
#    -minrepeat 2
#    -outfile Hylobates_agilis.fa.out
#    -rdirectory2 ../reSLUTS/tandem_repeats
# Report_format: table
# Report_file: ../reSLUTS/tandem_repeats/Hylobates_agilis.fa.out
########################################

#=======================================
#
# Sequence: Hylobates_agilis     from: 1   to: 16500
# HitCount: 0
#
# Threshold: 20
# Minrepeat: 2
# Maxrepeat: 100
# Mismatch: No
# Uniform: No
#
#=======================================

  Start     End  Strand   Score   Size  Count Identity Consensus

#---------------------------------------
#---------------------------------------
