########################################
# Program: etandem
# Rundate: Thu  6 Oct 2022 13:07:02
# Commandline: etandem
#    -sequence ../raw/separate_seqs/Hylobates_lar.fa
#    -maxrepeat 100
#    -minrepeat 2
#    -outfile Hylobates_lar.fa.out
#    -rdirectory2 ../reSLUTS/tandem_repeats
# Report_format: table
# Report_file: ../reSLUTS/tandem_repeats/Hylobates_lar.fa.out
########################################

#=======================================
#
# Sequence: Hylobates_lar     from: 1   to: 16472
# HitCount: 1
#
# Threshold: 20
# Minrepeat: 2
# Maxrepeat: 100
# Mismatch: No
# Uniform: No
#
#=======================================

  Start     End  Strand   Score   Size  Count Identity Consensus               
  10443   10538       +      24     24      4     75.0 ctctctactaataatattctacgt

#---------------------------------------
#---------------------------------------
