########################################
# Program: etandem
# Rundate: Thu  6 Oct 2022 13:08:53
# Commandline: etandem
#    -sequence ../raw/separate_seqs/Isoodon_macrourus.fa
#    -maxrepeat 100
#    -minrepeat 2
#    -outfile Isoodon_macrourus.fa.out
#    -rdirectory2 ../reSLUTS/tandem_repeats
# Report_format: table
# Report_file: ../reSLUTS/tandem_repeats/Isoodon_macrourus.fa.out
########################################

#=======================================
#
# Sequence: Isoodon_macrourus     from: 1   to: 16852
# HitCount: 3
#
# Threshold: 20
# Minrepeat: 2
# Maxrepeat: 100
# Mismatch: No
# Uniform: No
#
#=======================================

  Start     End  Strand   Score   Size  Count Identity Consensus                              
  15555   15749       +      36     39      5     69.2 ttacattaaattatataccacatacatataatacataca
  13880   13963       +      23     21      4     76.2 agtatctcctaaacccacaaa                  
  16525   16556       +      22      2     16     87.5 at                                     

#---------------------------------------
#---------------------------------------
