########################################
# Program: etandem
# Rundate: Thu  6 Oct 2022 13:05:52
# Commandline: etandem
#    -sequence ../raw/separate_seqs/Jaculus_jaculus.fa
#    -maxrepeat 100
#    -minrepeat 2
#    -outfile Jaculus_jaculus.fa.out
#    -rdirectory2 ../reSLUTS/tandem_repeats
# Report_format: table
# Report_file: ../reSLUTS/tandem_repeats/Jaculus_jaculus.fa.out
########################################

#=======================================
#
# Sequence: Jaculus_jaculus     from: 1   to: 16546
# HitCount: 1
#
# Threshold: 20
# Minrepeat: 2
# Maxrepeat: 100
# Mismatch: No
# Uniform: No
#
#=======================================

  Start     End  Strand   Score   Size  Count Identity Consensus 
  16104   16263       +     140     10     16     96.9 cgcacacgta

#---------------------------------------
#---------------------------------------
