########################################
# Program: etandem
# Rundate: Thu  6 Oct 2022 13:07:34
# Commandline: etandem
#    -sequence ../raw/separate_seqs/Kobus_leche.fa
#    -maxrepeat 100
#    -minrepeat 2
#    -outfile Kobus_leche.fa.out
#    -rdirectory2 ../reSLUTS/tandem_repeats
# Report_format: table
# Report_file: ../reSLUTS/tandem_repeats/Kobus_leche.fa.out
########################################

#=======================================
#
# Sequence: Kobus_leche     from: 1   to: 16426
# HitCount: 0
#
# Threshold: 20
# Minrepeat: 2
# Maxrepeat: 100
# Mismatch: No
# Uniform: No
#
#=======================================

  Start     End  Strand   Score   Size  Count Identity Consensus

#---------------------------------------
#---------------------------------------
