########################################
# Program: etandem
# Rundate: Thu  6 Oct 2022 13:08:21
# Commandline: etandem
#    -sequence ../raw/separate_seqs/Lagenorhynchus_albirostris.fa
#    -maxrepeat 100
#    -minrepeat 2
#    -outfile Lagenorhynchus_albirostris.fa.out
#    -rdirectory2 ../reSLUTS/tandem_repeats
# Report_format: table
# Report_file: ../reSLUTS/tandem_repeats/Lagenorhynchus_albirostris.fa.out
########################################

#=======================================
#
# Sequence: Lagenorhynchus_albirostris     from: 1   to: 16393
# HitCount: 0
#
# Threshold: 20
# Minrepeat: 2
# Maxrepeat: 100
# Mismatch: No
# Uniform: No
#
#=======================================

  Start     End  Strand   Score   Size  Count Identity Consensus

#---------------------------------------
#---------------------------------------
