########################################
# Program: etandem
# Rundate: Thu  6 Oct 2022 13:04:23
# Commandline: etandem
#    -sequence ../raw/separate_seqs/Lagostrophus_fasciatus.fa
#    -maxrepeat 100
#    -minrepeat 2
#    -outfile Lagostrophus_fasciatus.fa.out
#    -rdirectory2 ../reSLUTS/tandem_repeats
# Report_format: table
# Report_file: ../reSLUTS/tandem_repeats/Lagostrophus_fasciatus.fa.out
########################################

#=======================================
#
# Sequence: Lagostrophus_fasciatus     from: 1   to: 16866
# HitCount: 0
#
# Threshold: 20
# Minrepeat: 2
# Maxrepeat: 100
# Mismatch: No
# Uniform: No
#
#=======================================

  Start     End  Strand   Score   Size  Count Identity Consensus

#---------------------------------------
#---------------------------------------
