########################################
# Program: etandem
# Rundate: Thu  6 Oct 2022 13:10:14
# Commandline: etandem
#    -sequence ../raw/separate_seqs/Lama_guanicoe.fa
#    -maxrepeat 100
#    -minrepeat 2
#    -outfile Lama_guanicoe.fa.out
#    -rdirectory2 ../reSLUTS/tandem_repeats
# Report_format: table
# Report_file: ../reSLUTS/tandem_repeats/Lama_guanicoe.fa.out
########################################

#=======================================
#
# Sequence: Lama_guanicoe     from: 1   to: 16649
# HitCount: 1
#
# Threshold: 20
# Minrepeat: 2
# Maxrepeat: 100
# Mismatch: No
# Uniform: No
#
#=======================================

  Start     End  Strand   Score   Size  Count Identity Consensus                     
  16110   16349       +     174     30      8     92.5 cacgtacacgtacacgtacgcatacacacc

#---------------------------------------
#---------------------------------------
