########################################
# Program: etandem
# Rundate: Thu  6 Oct 2022 13:01:34
# Commandline: etandem
#    -sequence ../raw/separate_seqs/Lama_glama.fa
#    -maxrepeat 100
#    -minrepeat 2
#    -outfile Lama_glama.fa.out
#    -rdirectory2 ../reSLUTS/tandem_repeats
# Report_format: table
# Report_file: ../reSLUTS/tandem_repeats/Lama_glama.fa.out
########################################

#=======================================
#
# Sequence: Lama_glama     from: 1   to: 16597
# HitCount: 1
#
# Threshold: 20
# Minrepeat: 2
# Maxrepeat: 100
# Mismatch: No
# Uniform: No
#
#=======================================

  Start     End  Strand   Score   Size  Count Identity Consensus                     
  16110   16289       +     142     30      6     97.8 acacacccacgtacacgtacacgtacgcat

#---------------------------------------
#---------------------------------------
