########################################
# Program: etandem
# Rundate: Thu  6 Oct 2022 13:04:47
# Commandline: etandem
#    -sequence ../raw/separate_seqs/Lariscus_insignis.fa
#    -maxrepeat 100
#    -minrepeat 2
#    -outfile Lariscus_insignis.fa.out
#    -rdirectory2 ../reSLUTS/tandem_repeats
# Report_format: table
# Report_file: ../reSLUTS/tandem_repeats/Lariscus_insignis.fa.out
########################################

#=======================================
#
# Sequence: Lariscus_insignis     from: 1   to: 16355
# HitCount: 0
#
# Threshold: 20
# Minrepeat: 2
# Maxrepeat: 100
# Mismatch: No
# Uniform: No
#
#=======================================

  Start     End  Strand   Score   Size  Count Identity Consensus

#---------------------------------------
#---------------------------------------
