########################################
# Program: etandem
# Rundate: Thu  6 Oct 2022 13:08:27
# Commandline: etandem
#    -sequence ../raw/separate_seqs/Leggadina_lakedownensis.fa
#    -maxrepeat 100
#    -minrepeat 2
#    -outfile Leggadina_lakedownensis.fa.out
#    -rdirectory2 ../reSLUTS/tandem_repeats
# Report_format: table
# Report_file: ../reSLUTS/tandem_repeats/Leggadina_lakedownensis.fa.out
########################################

#=======================================
#
# Sequence: Leggadina_lakedownensis     from: 1   to: 16262
# HitCount: 0
#
# Threshold: 20
# Minrepeat: 2
# Maxrepeat: 100
# Mismatch: No
# Uniform: No
#
#=======================================

  Start     End  Strand   Score   Size  Count Identity Consensus

#---------------------------------------
#---------------------------------------
