########################################
# Program: etandem
# Rundate: Thu  6 Oct 2022 13:13:42
# Commandline: etandem
#    -sequence ../raw/separate_seqs/Leontopithecus_rosalia.fa
#    -maxrepeat 100
#    -minrepeat 2
#    -outfile Leontopithecus_rosalia.fa.out
#    -rdirectory2 ../reSLUTS/tandem_repeats
# Report_format: table
# Report_file: ../reSLUTS/tandem_repeats/Leontopithecus_rosalia.fa.out
########################################

#=======================================
#
# Sequence: Leontopithecus_rosalia     from: 1   to: 16872
# HitCount: 0
#
# Threshold: 20
# Minrepeat: 2
# Maxrepeat: 100
# Mismatch: No
# Uniform: No
#
#=======================================

  Start     End  Strand   Score   Size  Count Identity Consensus

#---------------------------------------
#---------------------------------------
