########################################
# Program: etandem
# Rundate: Thu  6 Oct 2022 13:02:46
# Commandline: etandem
#    -sequence ../raw/separate_seqs/Leopoldamys_edwardsi.fa
#    -maxrepeat 100
#    -minrepeat 2
#    -outfile Leopoldamys_edwardsi.fa.out
#    -rdirectory2 ../reSLUTS/tandem_repeats
# Report_format: table
# Report_file: ../reSLUTS/tandem_repeats/Leopoldamys_edwardsi.fa.out
########################################

#=======================================
#
# Sequence: Leopoldamys_edwardsi     from: 1   to: 16284
# HitCount: 0
#
# Threshold: 20
# Minrepeat: 2
# Maxrepeat: 100
# Mismatch: No
# Uniform: No
#
#=======================================

  Start     End  Strand   Score   Size  Count Identity Consensus

#---------------------------------------
#---------------------------------------
