########################################
# Program: etandem
# Rundate: Thu  6 Oct 2022 13:18:00
# Commandline: etandem
#    -sequence ../raw/separate_seqs/Lepilemur_ruficaudatus.fa
#    -maxrepeat 100
#    -minrepeat 2
#    -outfile Lepilemur_ruficaudatus.fa.out
#    -rdirectory2 ../reSLUTS/tandem_repeats
# Report_format: table
# Report_file: ../reSLUTS/tandem_repeats/Lepilemur_ruficaudatus.fa.out
########################################

#=======================================
#
# Sequence: Lepilemur_ruficaudatus     from: 1   to: 16936
# HitCount: 1
#
# Threshold: 20
# Minrepeat: 2
# Maxrepeat: 100
# Mismatch: No
# Uniform: No
#
#=======================================

  Start     End  Strand   Score   Size  Count Identity Consensus
  16314   16569       +     246      8     32     99.6 acacgtat 

#---------------------------------------
#---------------------------------------
