########################################
# Program: etandem
# Rundate: Thu  6 Oct 2022 13:05:35
# Commandline: etandem
#    -sequence ../raw/separate_seqs/Lepus_tolai.fa
#    -maxrepeat 100
#    -minrepeat 2
#    -outfile Lepus_tolai.fa.out
#    -rdirectory2 ../reSLUTS/tandem_repeats
# Report_format: table
# Report_file: ../reSLUTS/tandem_repeats/Lepus_tolai.fa.out
########################################

#=======================================
#
# Sequence: Lepus_tolai     from: 1   to: 17472
# HitCount: 2
#
# Threshold: 20
# Minrepeat: 2
# Maxrepeat: 100
# Mismatch: No
# Uniform: No
#
#=======================================

  Start     End  Strand   Score   Size  Count Identity Consensus                   
  16207   16526       +     280     20     16     96.9 cacccacgtacgcgcacgta        
  16735   17406       +     110     28     24     60.3 ataaaacactccttcatttttctgccaa

#---------------------------------------
#---------------------------------------
