########################################
# Program: etandem
# Rundate: Thu  6 Oct 2022 13:11:47
# Commandline: etandem
#    -sequence ../raw/separate_seqs/Lepus_coreanus.fa
#    -maxrepeat 100
#    -minrepeat 2
#    -outfile Lepus_coreanus.fa.out
#    -rdirectory2 ../reSLUTS/tandem_repeats
# Report_format: table
# Report_file: ../reSLUTS/tandem_repeats/Lepus_coreanus.fa.out
########################################

#=======================================
#
# Sequence: Lepus_coreanus     from: 1   to: 17472
# HitCount: 1
#
# Threshold: 20
# Minrepeat: 2
# Maxrepeat: 100
# Mismatch: No
# Uniform: No
#
#=======================================

  Start     End  Strand   Score   Size  Count Identity Consensus           
  16215   16534       +     292     20     16     98.8 cacgtacacccacgtacgcg

#---------------------------------------
#---------------------------------------
