########################################
# Program: etandem
# Rundate: Thu  6 Oct 2022 13:13:00
# Commandline: etandem
#    -sequence ../raw/separate_seqs/Lepus_capensis.fa
#    -maxrepeat 100
#    -minrepeat 2
#    -outfile Lepus_capensis.fa.out
#    -rdirectory2 ../reSLUTS/tandem_repeats
# Report_format: table
# Report_file: ../reSLUTS/tandem_repeats/Lepus_capensis.fa.out
########################################

#=======================================
#
# Sequence: Lepus_capensis     from: 1   to: 17722
# HitCount: 1
#
# Threshold: 20
# Minrepeat: 2
# Maxrepeat: 100
# Mismatch: No
# Uniform: No
#
#=======================================

  Start     End  Strand   Score   Size  Count Identity Consensus           
  16206   16505       +     260     20     15     96.7 cacccacgtacgcgcacgta

#---------------------------------------
#---------------------------------------
