########################################
# Program: etandem
# Rundate: Thu  6 Oct 2022 13:00:21
# Commandline: etandem
#    -sequence ../raw/separate_seqs/Lepus_townsendii.fa
#    -maxrepeat 100
#    -minrepeat 2
#    -outfile Lepus_townsendii.fa.out
#    -rdirectory2 ../reSLUTS/tandem_repeats
# Report_format: table
# Report_file: ../reSLUTS/tandem_repeats/Lepus_townsendii.fa.out
########################################

#=======================================
#
# Sequence: Lepus_townsendii     from: 1   to: 17732
# HitCount: 1
#
# Threshold: 20
# Minrepeat: 2
# Maxrepeat: 100
# Mismatch: No
# Uniform: No
#
#=======================================

  Start     End  Strand   Score   Size  Count Identity Consensus 
  16206   16525       +     226     10     32     86.9 cncncacgta

#---------------------------------------
#---------------------------------------
