########################################
# Program: etandem
# Rundate: Thu  6 Oct 2022 13:15:33
# Commandline: etandem
#    -sequence ../raw/separate_seqs/Lepus_americanus.fa
#    -maxrepeat 100
#    -minrepeat 2
#    -outfile Lepus_americanus.fa.out
#    -rdirectory2 ../reSLUTS/tandem_repeats
# Report_format: table
# Report_file: ../reSLUTS/tandem_repeats/Lepus_americanus.fa.out
########################################

#=======================================
#
# Sequence: Lepus_americanus     from: 1   to: 17042
# HitCount: 2
#
# Threshold: 20
# Minrepeat: 2
# Maxrepeat: 100
# Mismatch: No
# Uniform: No
#
#=======================================

  Start     End  Strand   Score   Size  Count Identity Consensus 
  16212   16371       +     148     10     16     99.4 cacgtacacg
  16411   16520       +      94     10     11     97.3 cgcacgtaca

#---------------------------------------
#---------------------------------------
