########################################
# Program: etandem
# Rundate: Thu  6 Oct 2022 13:10:13
# Commandline: etandem
#    -sequence ../raw/separate_seqs/Lepus_granatensis.fa
#    -maxrepeat 100
#    -minrepeat 2
#    -outfile Lepus_granatensis.fa.out
#    -rdirectory2 ../reSLUTS/tandem_repeats
# Report_format: table
# Report_file: ../reSLUTS/tandem_repeats/Lepus_granatensis.fa.out
########################################

#=======================================
#
# Sequence: Lepus_granatensis     from: 1   to: 16916
# HitCount: 1
#
# Threshold: 20
# Minrepeat: 2
# Maxrepeat: 100
# Mismatch: No
# Uniform: No
#
#=======================================

  Start     End  Strand   Score   Size  Count Identity Consensus           
  16204   16543       +     260     20     17     91.2 ccacgtacgcgcacgtacac

#---------------------------------------
#---------------------------------------
