########################################
# Program: etandem
# Rundate: Thu  6 Oct 2022 13:12:55
# Commandline: etandem
#    -sequence ../raw/separate_seqs/Lepus_hainanus.fa
#    -maxrepeat 100
#    -minrepeat 2
#    -outfile Lepus_hainanus.fa.out
#    -rdirectory2 ../reSLUTS/tandem_repeats
# Report_format: table
# Report_file: ../reSLUTS/tandem_repeats/Lepus_hainanus.fa.out
########################################

#=======================================
#
# Sequence: Lepus_hainanus     from: 1   to: 16646
# HitCount: 0
#
# Threshold: 20
# Minrepeat: 2
# Maxrepeat: 100
# Mismatch: No
# Uniform: No
#
#=======================================

  Start     End  Strand   Score   Size  Count Identity Consensus

#---------------------------------------
#---------------------------------------
