########################################
# Program: etandem
# Rundate: Thu  6 Oct 2022 13:02:17
# Commandline: etandem
#    -sequence ../raw/separate_seqs/Lepus_sinensis.fa
#    -maxrepeat 100
#    -minrepeat 2
#    -outfile Lepus_sinensis.fa.out
#    -rdirectory2 ../reSLUTS/tandem_repeats
# Report_format: table
# Report_file: ../reSLUTS/tandem_repeats/Lepus_sinensis.fa.out
########################################

#=======================================
#
# Sequence: Lepus_sinensis     from: 1   to: 17438
# HitCount: 1
#
# Threshold: 20
# Minrepeat: 2
# Maxrepeat: 100
# Mismatch: No
# Uniform: No
#
#=======================================

  Start     End  Strand   Score   Size  Count Identity Consensus           
  16213   16492       +     238     20     14     96.1 acccacgtacgcgcacgtac

#---------------------------------------
#---------------------------------------
