########################################
# Program: etandem
# Rundate: Thu  6 Oct 2022 13:08:20
# Commandline: etandem
#    -sequence ../raw/separate_seqs/Lepus_europaeus.fa
#    -maxrepeat 100
#    -minrepeat 2
#    -outfile Lepus_europaeus.fa.out
#    -rdirectory2 ../reSLUTS/tandem_repeats
# Report_format: table
# Report_file: ../reSLUTS/tandem_repeats/Lepus_europaeus.fa.out
########################################

#=======================================
#
# Sequence: Lepus_europaeus     from: 1   to: 17734
# HitCount: 1
#
# Threshold: 20
# Minrepeat: 2
# Maxrepeat: 100
# Mismatch: No
# Uniform: No
#
#=======================================

  Start     End  Strand   Score   Size  Count Identity Consensus 
  16203   16522       +     310     10     32    100.0 cgtacacgca

#---------------------------------------
#---------------------------------------
