########################################
# Program: etandem
# Rundate: Thu  6 Oct 2022 13:02:30
# Commandline: etandem
#    -sequence ../raw/separate_seqs/Lobodon_carcinophaga.fa
#    -maxrepeat 100
#    -minrepeat 2
#    -outfile Lobodon_carcinophaga.fa.out
#    -rdirectory2 ../reSLUTS/tandem_repeats
# Report_format: table
# Report_file: ../reSLUTS/tandem_repeats/Lobodon_carcinophaga.fa.out
########################################

#=======================================
#
# Sequence: Lobodon_carcinophaga     from: 1   to: 16759
# HitCount: 3
#
# Threshold: 20
# Minrepeat: 2
# Maxrepeat: 100
# Mismatch: No
# Uniform: No
#
#=======================================

  Start     End  Strand   Score   Size  Count Identity Consensus                         
  16124   16395       +     160     34      8     85.7 acacgtacacgtacacgcacacgcacatgcacgt
   8074    8133       +      21     15      4     80.0 actaatatcaattca                   
  16401   16448       +      20     16      3     87.5 cacgtacacgtacacg                  

#---------------------------------------
#---------------------------------------
