########################################
# Program: etandem
# Rundate: Thu  6 Oct 2022 13:10:45
# Commandline: etandem
#    -sequence ../raw/separate_seqs/Lophocebus_aterrimus.fa
#    -maxrepeat 100
#    -minrepeat 2
#    -outfile Lophocebus_aterrimus.fa.out
#    -rdirectory2 ../reSLUTS/tandem_repeats
# Report_format: table
# Report_file: ../reSLUTS/tandem_repeats/Lophocebus_aterrimus.fa.out
########################################

#=======================================
#
# Sequence: Lophocebus_aterrimus     from: 1   to: 16563
# HitCount: 1
#
# Threshold: 20
# Minrepeat: 2
# Maxrepeat: 100
# Mismatch: No
# Uniform: No
#
#=======================================

  Start     End  Strand   Score   Size  Count Identity Consensus
  13772   13840       +      20      3     23     66.7 acc      

#---------------------------------------
#---------------------------------------
