########################################
# Program: etandem
# Rundate: Thu  6 Oct 2022 13:09:21
# Commandline: etandem
#    -sequence ../raw/separate_seqs/Loris_lydekkerianus.fa
#    -maxrepeat 100
#    -minrepeat 2
#    -outfile Loris_lydekkerianus.fa.out
#    -rdirectory2 ../reSLUTS/tandem_repeats
# Report_format: table
# Report_file: ../reSLUTS/tandem_repeats/Loris_lydekkerianus.fa.out
########################################

#=======================================
#
# Sequence: Loris_lydekkerianus     from: 1   to: 16791
# HitCount: 2
#
# Threshold: 20
# Minrepeat: 2
# Maxrepeat: 100
# Mismatch: No
# Uniform: No
#
#=======================================

  Start     End  Strand   Score   Size  Count Identity Consensus                           
  16264   16529       +     228     14     19     95.5 cacgcatacgcata                      
   4509    4688       +      20     36      5     65.6 aaccatactcatcataacatttctaataaccacaac

#---------------------------------------
#---------------------------------------
