########################################
# Program: etandem
# Rundate: Thu  6 Oct 2022 13:17:18
# Commandline: etandem
#    -sequence ../raw/separate_seqs/Loxodonta_africana.fa
#    -maxrepeat 100
#    -minrepeat 2
#    -outfile Loxodonta_africana.fa.out
#    -rdirectory2 ../reSLUTS/tandem_repeats
# Report_format: table
# Report_file: ../reSLUTS/tandem_repeats/Loxodonta_africana.fa.out
########################################

#=======================================
#
# Sequence: Loxodonta_africana     from: 1   to: 16866
# HitCount: 1
#
# Threshold: 20
# Minrepeat: 2
# Maxrepeat: 100
# Mismatch: No
# Uniform: No
#
#=======================================

  Start     End  Strand   Score   Size  Count Identity Consensus
  16157   16576       +     300      6     70     86.4 acgcat   

#---------------------------------------
#---------------------------------------
