########################################
# Program: etandem
# Rundate: Thu  6 Oct 2022 13:09:31
# Commandline: etandem
#    -sequence ../raw/separate_seqs/Lutra_lutra.fa
#    -maxrepeat 100
#    -minrepeat 2
#    -outfile Lutra_lutra.fa.out
#    -rdirectory2 ../reSLUTS/tandem_repeats
# Report_format: table
# Report_file: ../reSLUTS/tandem_repeats/Lutra_lutra.fa.out
########################################

#=======================================
#
# Sequence: Lutra_lutra     from: 1   to: 16536
# HitCount: 2
#
# Threshold: 20
# Minrepeat: 2
# Maxrepeat: 100
# Mismatch: No
# Uniform: No
#
#=======================================

  Start     End  Strand   Score   Size  Count Identity Consensus                           
  16034   16253       +     180     22     10     95.9 ccacgtacgcatacacgcacac              
   4732    4947       +      20     36      6     63.0 accataataatcctaccaatcttcataataacaaca

#---------------------------------------
#---------------------------------------
