########################################
# Program: etandem
# Rundate: Thu  6 Oct 2022 13:06:16
# Commandline: etandem
#    -sequence ../raw/separate_seqs/Lycaon_pictus.fa
#    -maxrepeat 100
#    -minrepeat 2
#    -outfile Lycaon_pictus.fa.out
#    -rdirectory2 ../reSLUTS/tandem_repeats
# Report_format: table
# Report_file: ../reSLUTS/tandem_repeats/Lycaon_pictus.fa.out
########################################

#=======================================
#
# Sequence: Lycaon_pictus     from: 1   to: 16173
# HitCount: 1
#
# Threshold: 20
# Minrepeat: 2
# Maxrepeat: 100
# Mismatch: No
# Uniform: No
#
#=======================================

  Start     End  Strand   Score   Size  Count Identity Consensus 
  16131   16170       +      30     10      4    100.0 acatacgtac

#---------------------------------------
#---------------------------------------
