########################################
# Program: etandem
# Rundate: Thu  6 Oct 2022 13:09:44
# Commandline: etandem
#    -sequence ../raw/separate_seqs/Macaca_assamensis.fa
#    -maxrepeat 100
#    -minrepeat 2
#    -outfile Macaca_assamensis.fa.out
#    -rdirectory2 ../reSLUTS/tandem_repeats
# Report_format: table
# Report_file: ../reSLUTS/tandem_repeats/Macaca_assamensis.fa.out
########################################

#=======================================
#
# Sequence: Macaca_assamensis     from: 1   to: 16542
# HitCount: 0
#
# Threshold: 20
# Minrepeat: 2
# Maxrepeat: 100
# Mismatch: No
# Uniform: No
#
#=======================================

  Start     End  Strand   Score   Size  Count Identity Consensus

#---------------------------------------
#---------------------------------------
