########################################
# Program: etandem
# Rundate: Thu  6 Oct 2022 13:13:45
# Commandline: etandem
#    -sequence ../raw/separate_seqs/Macaca_fascicularis.fa
#    -maxrepeat 100
#    -minrepeat 2
#    -outfile Macaca_fascicularis.fa.out
#    -rdirectory2 ../reSLUTS/tandem_repeats
# Report_format: table
# Report_file: ../reSLUTS/tandem_repeats/Macaca_fascicularis.fa.out
########################################

#=======================================
#
# Sequence: Macaca_fascicularis     from: 1   to: 16575
# HitCount: 1
#
# Threshold: 20
# Minrepeat: 2
# Maxrepeat: 100
# Mismatch: No
# Uniform: No
#
#=======================================

  Start     End  Strand   Score   Size  Count Identity Consensus                              
  14471   14665       +      20     39      5     65.1 aaaccacaaaaaccataaaaccactcaaagaaaacaaaa

#---------------------------------------
#---------------------------------------
