########################################
# Program: etandem
# Rundate: Thu  6 Oct 2022 13:11:41
# Commandline: etandem
#    -sequence ../raw/separate_seqs/Macaca_silenus.fa
#    -maxrepeat 100
#    -minrepeat 2
#    -outfile Macaca_silenus.fa.out
#    -rdirectory2 ../reSLUTS/tandem_repeats
# Report_format: table
# Report_file: ../reSLUTS/tandem_repeats/Macaca_silenus.fa.out
########################################

#=======================================
#
# Sequence: Macaca_silenus     from: 1   to: 16541
# HitCount: 0
#
# Threshold: 20
# Minrepeat: 2
# Maxrepeat: 100
# Mismatch: No
# Uniform: No
#
#=======================================

  Start     End  Strand   Score   Size  Count Identity Consensus

#---------------------------------------
#---------------------------------------
