########################################
# Program: etandem
# Rundate: Thu  6 Oct 2022 13:04:37
# Commandline: etandem
#    -sequence ../raw/separate_seqs/Macaca_sylvanus.fa
#    -maxrepeat 100
#    -minrepeat 2
#    -outfile Macaca_sylvanus.fa.out
#    -rdirectory2 ../reSLUTS/tandem_repeats
# Report_format: table
# Report_file: ../reSLUTS/tandem_repeats/Macaca_sylvanus.fa.out
########################################

#=======================================
#
# Sequence: Macaca_sylvanus     from: 1   to: 16586
# HitCount: 1
#
# Threshold: 20
# Minrepeat: 2
# Maxrepeat: 100
# Mismatch: No
# Uniform: No
#
#=======================================

  Start     End  Strand   Score   Size  Count Identity Consensus        
   7912    7996       +      20     17      5     71.8 actaacaaccacaatct

#---------------------------------------
#---------------------------------------
