########################################
# Program: etandem
# Rundate: Thu  6 Oct 2022 13:13:47
# Commandline: etandem
#    -sequence ../raw/separate_seqs/Macroscelides_proboscideus.fa
#    -maxrepeat 100
#    -minrepeat 2
#    -outfile Macroscelides_proboscideus.fa.out
#    -rdirectory2 ../reSLUTS/tandem_repeats
# Report_format: table
# Report_file: ../reSLUTS/tandem_repeats/Macroscelides_proboscideus.fa.out
########################################

#=======================================
#
# Sequence: Macroscelides_proboscideus     from: 1   to: 16641
# HitCount: 1
#
# Threshold: 20
# Minrepeat: 2
# Maxrepeat: 100
# Mismatch: No
# Uniform: No
#
#=======================================

  Start     End  Strand   Score   Size  Count Identity Consensus
  16050   16377       +     290      8     41     95.4 cacgcata 

#---------------------------------------
#---------------------------------------
