########################################
# Program: etandem
# Rundate: Thu  6 Oct 2022 13:14:42
# Commandline: etandem
#    -sequence ../raw/separate_seqs/Mammut_americanum.fa
#    -maxrepeat 100
#    -minrepeat 2
#    -outfile Mammut_americanum.fa.out
#    -rdirectory2 ../reSLUTS/tandem_repeats
# Report_format: table
# Report_file: ../reSLUTS/tandem_repeats/Mammut_americanum.fa.out
########################################

#=======================================
#
# Sequence: Mammut_americanum     from: 1   to: 16469
# HitCount: 0
#
# Threshold: 20
# Minrepeat: 2
# Maxrepeat: 100
# Mismatch: No
# Uniform: No
#
#=======================================

  Start     End  Strand   Score   Size  Count Identity Consensus

#---------------------------------------
#---------------------------------------
