########################################
# Program: etandem
# Rundate: Thu  6 Oct 2022 13:15:29
# Commandline: etandem
#    -sequence ../raw/separate_seqs/Mammuthus_columbi.fa
#    -maxrepeat 100
#    -minrepeat 2
#    -outfile Mammuthus_columbi.fa.out
#    -rdirectory2 ../reSLUTS/tandem_repeats
# Report_format: table
# Report_file: ../reSLUTS/tandem_repeats/Mammuthus_columbi.fa.out
########################################

#=======================================
#
# Sequence: Mammuthus_columbi     from: 1   to: 16459
# HitCount: 0
#
# Threshold: 20
# Minrepeat: 2
# Maxrepeat: 100
# Mismatch: No
# Uniform: No
#
#=======================================

  Start     End  Strand   Score   Size  Count Identity Consensus

#---------------------------------------
#---------------------------------------
