########################################
# Program: etandem
# Rundate: Thu  6 Oct 2022 13:11:06
# Commandline: etandem
#    -sequence ../raw/separate_seqs/Mammuthus_primigenius.fa
#    -maxrepeat 100
#    -minrepeat 2
#    -outfile Mammuthus_primigenius.fa.out
#    -rdirectory2 ../reSLUTS/tandem_repeats
# Report_format: table
# Report_file: ../reSLUTS/tandem_repeats/Mammuthus_primigenius.fa.out
########################################

#=======================================
#
# Sequence: Mammuthus_primigenius     from: 1   to: 16770
# HitCount: 1
#
# Threshold: 20
# Minrepeat: 2
# Maxrepeat: 100
# Mismatch: No
# Uniform: No
#
#=======================================

  Start     End  Strand   Score   Size  Count Identity Consensus
  16155   16472       +     172      6     53     78.0 cgcata   

#---------------------------------------
#---------------------------------------
