########################################
# Program: etandem
# Rundate: Thu  6 Oct 2022 13:03:46
# Commandline: etandem
#    -sequence ../raw/separate_seqs/Mandrillus_leucophaeus.fa
#    -maxrepeat 100
#    -minrepeat 2
#    -outfile Mandrillus_leucophaeus.fa.out
#    -rdirectory2 ../reSLUTS/tandem_repeats
# Report_format: table
# Report_file: ../reSLUTS/tandem_repeats/Mandrillus_leucophaeus.fa.out
########################################

#=======================================
#
# Sequence: Mandrillus_leucophaeus     from: 1   to: 16547
# HitCount: 0
#
# Threshold: 20
# Minrepeat: 2
# Maxrepeat: 100
# Mismatch: No
# Uniform: No
#
#=======================================

  Start     End  Strand   Score   Size  Count Identity Consensus

#---------------------------------------
#---------------------------------------
