########################################
# Program: etandem
# Rundate: Thu  6 Oct 2022 13:12:59
# Commandline: etandem
#    -sequence ../raw/separate_seqs/Martes_foina.fa
#    -maxrepeat 100
#    -minrepeat 2
#    -outfile Martes_foina.fa.out
#    -rdirectory2 ../reSLUTS/tandem_repeats
# Report_format: table
# Report_file: ../reSLUTS/tandem_repeats/Martes_foina.fa.out
########################################

#=======================================
#
# Sequence: Martes_foina     from: 1   to: 16530
# HitCount: 1
#
# Threshold: 20
# Minrepeat: 2
# Maxrepeat: 100
# Mismatch: No
# Uniform: No
#
#=======================================

  Start     End  Strand   Score   Size  Count Identity Consensus
  16002   16247       +     108      2    123     72.4 ac       

#---------------------------------------
#---------------------------------------
