########################################
# Program: etandem
# Rundate: Thu  6 Oct 2022 13:10:23
# Commandline: etandem
#    -sequence ../raw/separate_seqs/Martes_pennanti.fa
#    -maxrepeat 100
#    -minrepeat 2
#    -outfile Martes_pennanti.fa.out
#    -rdirectory2 ../reSLUTS/tandem_repeats
# Report_format: table
# Report_file: ../reSLUTS/tandem_repeats/Martes_pennanti.fa.out
########################################

#=======================================
#
# Sequence: Martes_pennanti     from: 1   to: 16288
# HitCount: 1
#
# Threshold: 20
# Minrepeat: 2
# Maxrepeat: 100
# Mismatch: No
# Uniform: No
#
#=======================================

  Start     End  Strand   Score   Size  Count Identity Consensus
  15993   16024       +      22      2     16     87.5 ac       

#---------------------------------------
#---------------------------------------
