########################################
# Program: etandem
# Rundate: Thu  6 Oct 2022 13:15:11
# Commandline: etandem
#    -sequence ../raw/separate_seqs/Martes_zibellina.fa
#    -maxrepeat 100
#    -minrepeat 2
#    -outfile Martes_zibellina.fa.out
#    -rdirectory2 ../reSLUTS/tandem_repeats
# Report_format: table
# Report_file: ../reSLUTS/tandem_repeats/Martes_zibellina.fa.out
########################################

#=======================================
#
# Sequence: Martes_zibellina     from: 1   to: 16523
# HitCount: 1
#
# Threshold: 20
# Minrepeat: 2
# Maxrepeat: 100
# Mismatch: No
# Uniform: No
#
#=======================================

  Start     End  Strand   Score   Size  Count Identity Consensus
  16002   16241       +     166      2    120     85.0 ac       

#---------------------------------------
#---------------------------------------
