########################################
# Program: etandem
# Rundate: Thu  6 Oct 2022 13:15:58
# Commandline: etandem
#    -sequence ../raw/separate_seqs/Martes_martes.fa
#    -maxrepeat 100
#    -minrepeat 2
#    -outfile Martes_martes.fa.out
#    -rdirectory2 ../reSLUTS/tandem_repeats
# Report_format: table
# Report_file: ../reSLUTS/tandem_repeats/Martes_martes.fa.out
########################################

#=======================================
#
# Sequence: Martes_martes     from: 1   to: 16486
# HitCount: 1
#
# Threshold: 20
# Minrepeat: 2
# Maxrepeat: 100
# Mismatch: No
# Uniform: No
#
#=======================================

  Start     End  Strand   Score   Size  Count Identity Consensus
  16003   16202       +      94      2    100     74.0 ac       

#---------------------------------------
#---------------------------------------
