########################################
# Program: etandem
# Rundate: Thu  6 Oct 2022 13:11:14
# Commandline: etandem
#    -sequence ../raw/separate_seqs/Mazama_nemorivaga.fa
#    -maxrepeat 100
#    -minrepeat 2
#    -outfile Mazama_nemorivaga.fa.out
#    -rdirectory2 ../reSLUTS/tandem_repeats
# Report_format: table
# Report_file: ../reSLUTS/tandem_repeats/Mazama_nemorivaga.fa.out
########################################

#=======================================
#
# Sequence: Mazama_nemorivaga     from: 1   to: 16361
# HitCount: 0
#
# Threshold: 20
# Minrepeat: 2
# Maxrepeat: 100
# Mismatch: No
# Uniform: No
#
#=======================================

  Start     End  Strand   Score   Size  Count Identity Consensus

#---------------------------------------
#---------------------------------------
