########################################
# Program: etandem
# Rundate: Thu  6 Oct 2022 13:14:57
# Commandline: etandem
#    -sequence ../raw/separate_seqs/Megaladapis_edwardsi.fa
#    -maxrepeat 100
#    -minrepeat 2
#    -outfile Megaladapis_edwardsi.fa.out
#    -rdirectory2 ../reSLUTS/tandem_repeats
# Report_format: table
# Report_file: ../reSLUTS/tandem_repeats/Megaladapis_edwardsi.fa.out
########################################

#=======================================
#
# Sequence: Megaladapis_edwardsi     from: 1   to: 16781
# HitCount: 3
#
# Threshold: 20
# Minrepeat: 2
# Maxrepeat: 100
# Mismatch: No
# Uniform: No
#
#=======================================

  Start     End  Strand   Score   Size  Count Identity Consensus                        
  16354   16433       +      72      8     10    100.0 tacacgca                         
  15667   15732       +      31     33      2     98.5 nnnnnnnnnnnnnnnnnnnnnnnnnnnnnnnng
  16578   16621       +      22      2     22     77.3 at                               

#---------------------------------------
#---------------------------------------
