########################################
# Program: etandem
# Rundate: Thu  6 Oct 2022 13:06:06
# Commandline: etandem
#    -sequence ../raw/separate_seqs/Meles_meles.fa
#    -maxrepeat 100
#    -minrepeat 2
#    -outfile Meles_meles.fa.out
#    -rdirectory2 ../reSLUTS/tandem_repeats
# Report_format: table
# Report_file: ../reSLUTS/tandem_repeats/Meles_meles.fa.out
########################################

#=======================================
#
# Sequence: Meles_meles     from: 1   to: 16442
# HitCount: 1
#
# Threshold: 20
# Minrepeat: 2
# Maxrepeat: 100
# Mismatch: No
# Uniform: No
#
#=======================================

  Start     End  Strand   Score   Size  Count Identity Consensus
  16005   16178       +     126      2     87     86.8 ac       

#---------------------------------------
#---------------------------------------
