########################################
# Program: etandem
# Rundate: Thu  6 Oct 2022 13:17:25
# Commandline: etandem
#    -sequence ../raw/separate_seqs/Melogale_moschata.fa
#    -maxrepeat 100
#    -minrepeat 2
#    -outfile Melogale_moschata.fa.out
#    -rdirectory2 ../reSLUTS/tandem_repeats
# Report_format: table
# Report_file: ../reSLUTS/tandem_repeats/Melogale_moschata.fa.out
########################################

#=======================================
#
# Sequence: Melogale_moschata     from: 1   to: 16587
# HitCount: 1
#
# Threshold: 20
# Minrepeat: 2
# Maxrepeat: 100
# Mismatch: No
# Uniform: No
#
#=======================================

  Start     End  Strand   Score   Size  Count Identity Consensus
  16004   16261       +     128      2    129     75.2 ac       

#---------------------------------------
#---------------------------------------
