########################################
# Program: etandem
# Rundate: Thu  6 Oct 2022 12:59:04
# Commandline: etandem
#    -sequence ../raw/separate_seqs/Melursus_ursinus.fa
#    -maxrepeat 100
#    -minrepeat 2
#    -outfile Melursus_ursinus.fa.out
#    -rdirectory2 ../reSLUTS/tandem_repeats
# Report_format: table
# Report_file: ../reSLUTS/tandem_repeats/Melursus_ursinus.fa.out
########################################

#=======================================
#
# Sequence: Melursus_ursinus     from: 1   to: 16817
# HitCount: 1
#
# Threshold: 20
# Minrepeat: 2
# Maxrepeat: 100
# Mismatch: No
# Uniform: No
#
#=======================================

  Start     End  Strand   Score   Size  Count Identity Consensus 
    219     578       +     274     10     36     89.4 gtacgcatgt

#---------------------------------------
#---------------------------------------
