########################################
# Program: etandem
# Rundate: Thu  6 Oct 2022 13:15:54
# Commandline: etandem
#    -sequence ../raw/separate_seqs/Mephitis_mephitis.fa
#    -maxrepeat 100
#    -minrepeat 2
#    -outfile Mephitis_mephitis.fa.out
#    -rdirectory2 ../reSLUTS/tandem_repeats
# Report_format: table
# Report_file: ../reSLUTS/tandem_repeats/Mephitis_mephitis.fa.out
########################################

#=======================================
#
# Sequence: Mephitis_mephitis     from: 1   to: 16538
# HitCount: 1
#
# Threshold: 20
# Minrepeat: 2
# Maxrepeat: 100
# Mismatch: No
# Uniform: No
#
#=======================================

  Start     End  Strand   Score   Size  Count Identity Consensus
  15996   16291       +     158      8     37     78.0 acgtatac 

#---------------------------------------
#---------------------------------------
