########################################
# Program: etandem
# Rundate: Thu  6 Oct 2022 13:15:20
# Commandline: etandem
#    -sequence ../raw/separate_seqs/Meriones_unguiculatus.fa
#    -maxrepeat 100
#    -minrepeat 2
#    -outfile Meriones_unguiculatus.fa.out
#    -rdirectory2 ../reSLUTS/tandem_repeats
# Report_format: table
# Report_file: ../reSLUTS/tandem_repeats/Meriones_unguiculatus.fa.out
########################################

#=======================================
#
# Sequence: Meriones_unguiculatus     from: 1   to: 16351
# HitCount: 0
#
# Threshold: 20
# Minrepeat: 2
# Maxrepeat: 100
# Mismatch: No
# Uniform: No
#
#=======================================

  Start     End  Strand   Score   Size  Count Identity Consensus

#---------------------------------------
#---------------------------------------
