########################################
# Program: etandem
# Rundate: Thu  6 Oct 2022 13:16:58
# Commandline: etandem
#    -sequence ../raw/separate_seqs/Meriones_libycus.fa
#    -maxrepeat 100
#    -minrepeat 2
#    -outfile Meriones_libycus.fa.out
#    -rdirectory2 ../reSLUTS/tandem_repeats
# Report_format: table
# Report_file: ../reSLUTS/tandem_repeats/Meriones_libycus.fa.out
########################################

#=======================================
#
# Sequence: Meriones_libycus     from: 1   to: 16341
# HitCount: 1
#
# Threshold: 20
# Minrepeat: 2
# Maxrepeat: 100
# Mismatch: No
# Uniform: No
#
#=======================================

  Start     End  Strand   Score   Size  Count Identity Consensus                  
   9471    9551       +      20     27      3     79.0 tactatctaccctcctaattaatatct

#---------------------------------------
#---------------------------------------
