########################################
# Program: etandem
# Rundate: Thu  6 Oct 2022 13:08:01
# Commandline: etandem
#    -sequence ../raw/separate_seqs/Meriones_meridianus.fa
#    -maxrepeat 100
#    -minrepeat 2
#    -outfile Meriones_meridianus.fa.out
#    -rdirectory2 ../reSLUTS/tandem_repeats
# Report_format: table
# Report_file: ../reSLUTS/tandem_repeats/Meriones_meridianus.fa.out
########################################

#=======================================
#
# Sequence: Meriones_meridianus     from: 1   to: 16376
# HitCount: 1
#
# Threshold: 20
# Minrepeat: 2
# Maxrepeat: 100
# Mismatch: No
# Uniform: No
#
#=======================================

  Start     End  Strand   Score   Size  Count Identity Consensus                  
   9472    9552       +      22     27      3     80.2 tattattaactctcttgattaacattt

#---------------------------------------
#---------------------------------------
