########################################
# Program: etandem
# Rundate: Thu  6 Oct 2022 13:05:39
# Commandline: etandem
#    -sequence ../raw/separate_seqs/Mesoplodon_ginkgodens.fa
#    -maxrepeat 100
#    -minrepeat 2
#    -outfile Mesoplodon_ginkgodens.fa.out
#    -rdirectory2 ../reSLUTS/tandem_repeats
# Report_format: table
# Report_file: ../reSLUTS/tandem_repeats/Mesoplodon_ginkgodens.fa.out
########################################

#=======================================
#
# Sequence: Mesoplodon_ginkgodens     from: 1   to: 16339
# HitCount: 1
#
# Threshold: 20
# Minrepeat: 2
# Maxrepeat: 100
# Mismatch: No
# Uniform: No
#
#=======================================

  Start     End  Strand   Score   Size  Count Identity Consensus                              
   4531    4647       +      20     39      3     75.2 aaccatcacactattaatattactaatctaaaacacaat

#---------------------------------------
#---------------------------------------
