########################################
# Program: etandem
# Rundate: Thu  6 Oct 2022 13:08:15
# Commandline: etandem
#    -sequence ../raw/separate_seqs/Mesocricetus_auratus.fa
#    -maxrepeat 100
#    -minrepeat 2
#    -outfile Mesocricetus_auratus.fa.out
#    -rdirectory2 ../reSLUTS/tandem_repeats
# Report_format: table
# Report_file: ../reSLUTS/tandem_repeats/Mesocricetus_auratus.fa.out
########################################

#=======================================
#
# Sequence: Mesocricetus_auratus     from: 1   to: 16264
# HitCount: 0
#
# Threshold: 20
# Minrepeat: 2
# Maxrepeat: 100
# Mismatch: No
# Uniform: No
#
#=======================================

  Start     End  Strand   Score   Size  Count Identity Consensus

#---------------------------------------
#---------------------------------------
