########################################
# Program: etandem
# Rundate: Thu  6 Oct 2022 13:15:49
# Commandline: etandem
#    -sequence ../raw/separate_seqs/Mesoplodon_grayi.fa
#    -maxrepeat 100
#    -minrepeat 2
#    -outfile Mesoplodon_grayi.fa.out
#    -rdirectory2 ../reSLUTS/tandem_repeats
# Report_format: table
# Report_file: ../reSLUTS/tandem_repeats/Mesoplodon_grayi.fa.out
########################################

#=======================================
#
# Sequence: Mesoplodon_grayi     from: 1   to: 16347
# HitCount: 1
#
# Threshold: 20
# Minrepeat: 2
# Maxrepeat: 100
# Mismatch: No
# Uniform: No
#
#=======================================

  Start     End  Strand   Score   Size  Count Identity Consensus                        
  10404   10535       +      21     33      4     70.5 ctaattatacgacaataacttcttatcataata

#---------------------------------------
#---------------------------------------
