########################################
# Program: etandem
# Rundate: Thu  6 Oct 2022 13:17:02
# Commandline: etandem
#    -sequence ../raw/separate_seqs/Microtus_levis.fa
#    -maxrepeat 100
#    -minrepeat 2
#    -outfile Microtus_levis.fa.out
#    -rdirectory2 ../reSLUTS/tandem_repeats
# Report_format: table
# Report_file: ../reSLUTS/tandem_repeats/Microtus_levis.fa.out
########################################

#=======================================
#
# Sequence: Microtus_levis     from: 1   to: 16283
# HitCount: 0
#
# Threshold: 20
# Minrepeat: 2
# Maxrepeat: 100
# Mismatch: No
# Uniform: No
#
#=======================================

  Start     End  Strand   Score   Size  Count Identity Consensus

#---------------------------------------
#---------------------------------------
