########################################
# Program: etandem
# Rundate: Thu  6 Oct 2022 13:07:18
# Commandline: etandem
#    -sequence ../raw/separate_seqs/Microtus_ochrogaster.fa
#    -maxrepeat 100
#    -minrepeat 2
#    -outfile Microtus_ochrogaster.fa.out
#    -rdirectory2 ../reSLUTS/tandem_repeats
# Report_format: table
# Report_file: ../reSLUTS/tandem_repeats/Microtus_ochrogaster.fa.out
########################################

#=======================================
#
# Sequence: Microtus_ochrogaster     from: 1   to: 16292
# HitCount: 0
#
# Threshold: 20
# Minrepeat: 2
# Maxrepeat: 100
# Mismatch: No
# Uniform: No
#
#=======================================

  Start     End  Strand   Score   Size  Count Identity Consensus

#---------------------------------------
#---------------------------------------
