########################################
# Program: etandem
# Rundate: Thu  6 Oct 2022 13:00:24
# Commandline: etandem
#    -sequence ../raw/separate_seqs/Micromys_minutus.fa
#    -maxrepeat 100
#    -minrepeat 2
#    -outfile Micromys_minutus.fa.out
#    -rdirectory2 ../reSLUTS/tandem_repeats
# Report_format: table
# Report_file: ../reSLUTS/tandem_repeats/Micromys_minutus.fa.out
########################################

#=======================================
#
# Sequence: Micromys_minutus     from: 1   to: 16232
# HitCount: 0
#
# Threshold: 20
# Minrepeat: 2
# Maxrepeat: 100
# Mismatch: No
# Uniform: No
#
#=======================================

  Start     End  Strand   Score   Size  Count Identity Consensus

#---------------------------------------
#---------------------------------------
