########################################
# Program: etandem
# Rundate: Thu  6 Oct 2022 13:11:28
# Commandline: etandem
#    -sequence ../raw/separate_seqs/Monodon_monoceros.fa
#    -maxrepeat 100
#    -minrepeat 2
#    -outfile Monodon_monoceros.fa.out
#    -rdirectory2 ../reSLUTS/tandem_repeats
# Report_format: table
# Report_file: ../reSLUTS/tandem_repeats/Monodon_monoceros.fa.out
########################################

#=======================================
#
# Sequence: Monodon_monoceros     from: 1   to: 16383
# HitCount: 3
#
# Threshold: 20
# Minrepeat: 2
# Maxrepeat: 100
# Mismatch: No
# Uniform: No
#
#=======================================

  Start     End  Strand   Score   Size  Count Identity Consensus                  
  14069   14122       +      21      3     18     72.2 aat                        
  10490   10609       +      20     12     10     63.3 actaatcatcac               
   3932    4174       +      20     27      9     59.7 catactaataacaaccatcatcttaat

#---------------------------------------
#---------------------------------------
