########################################
# Program: etandem
# Rundate: Thu  6 Oct 2022 13:11:54
# Commandline: etandem
#    -sequence ../raw/separate_seqs/Moschus_anhuiensis.fa
#    -maxrepeat 100
#    -minrepeat 2
#    -outfile Moschus_anhuiensis.fa.out
#    -rdirectory2 ../reSLUTS/tandem_repeats
# Report_format: table
# Report_file: ../reSLUTS/tandem_repeats/Moschus_anhuiensis.fa.out
########################################

#=======================================
#
# Sequence: Moschus_anhuiensis     from: 1   to: 16351
# HitCount: 1
#
# Threshold: 20
# Minrepeat: 2
# Maxrepeat: 100
# Mismatch: No
# Uniform: No
#
#=======================================

  Start     End  Strand   Score   Size  Count Identity Consensus          
   4784    4878       +      22     19      5     71.6 tacaaaaaaaatattccaa

#---------------------------------------
#---------------------------------------
