########################################
# Program: etandem
# Rundate: Thu  6 Oct 2022 13:02:14
# Commandline: etandem
#    -sequence ../raw/separate_seqs/Moschus_berezovskii.fa
#    -maxrepeat 100
#    -minrepeat 2
#    -outfile Moschus_berezovskii.fa.out
#    -rdirectory2 ../reSLUTS/tandem_repeats
# Report_format: table
# Report_file: ../reSLUTS/tandem_repeats/Moschus_berezovskii.fa.out
########################################

#=======================================
#
# Sequence: Moschus_berezovskii     from: 1   to: 16354
# HitCount: 1
#
# Threshold: 20
# Minrepeat: 2
# Maxrepeat: 100
# Mismatch: No
# Uniform: No
#
#=======================================

  Start     End  Strand   Score   Size  Count Identity Consensus                 
  15676   15753       +      20     26      3     79.5 cccattgatagtacatagtacattaa

#---------------------------------------
#---------------------------------------
