########################################
# Program: etandem
# Rundate: Thu  6 Oct 2022 13:17:41
# Commandline: etandem
#    -sequence ../raw/separate_seqs/Muntiacus_muntjak.fa
#    -maxrepeat 100
#    -minrepeat 2
#    -outfile Muntiacus_muntjak.fa.out
#    -rdirectory2 ../reSLUTS/tandem_repeats
# Report_format: table
# Report_file: ../reSLUTS/tandem_repeats/Muntiacus_muntjak.fa.out
########################################

#=======================================
#
# Sequence: Muntiacus_muntjak     from: 1   to: 16354
# HitCount: 0
#
# Threshold: 20
# Minrepeat: 2
# Maxrepeat: 100
# Mismatch: No
# Uniform: No
#
#=======================================

  Start     End  Strand   Score   Size  Count Identity Consensus

#---------------------------------------
#---------------------------------------
