########################################
# Program: etandem
# Rundate: Thu  6 Oct 2022 13:06:18
# Commandline: etandem
#    -sequence ../raw/separate_seqs/Murina_leucogaster.fa
#    -maxrepeat 100
#    -minrepeat 2
#    -outfile Murina_leucogaster.fa.out
#    -rdirectory2 ../reSLUTS/tandem_repeats
# Report_format: table
# Report_file: ../reSLUTS/tandem_repeats/Murina_leucogaster.fa.out
########################################

#=======================================
#
# Sequence: Murina_leucogaster     from: 1   to: 16823
# HitCount: 2
#
# Threshold: 20
# Minrepeat: 2
# Maxrepeat: 100
# Mismatch: No
# Uniform: No
#
#=======================================

  Start     End  Strand   Score   Size  Count Identity Consensus
  16193   16540       +     320      6     58     96.8 acgcat   
   4167    4232       +      20      6     11     69.7 acaata   

#---------------------------------------
#---------------------------------------
