########################################
# Program: etandem
# Rundate: Thu  6 Oct 2022 13:00:22
# Commandline: etandem
#    -sequence ../raw/separate_seqs/Murina_ussuriensis.fa
#    -maxrepeat 100
#    -minrepeat 2
#    -outfile Murina_ussuriensis.fa.out
#    -rdirectory2 ../reSLUTS/tandem_repeats
# Report_format: table
# Report_file: ../reSLUTS/tandem_repeats/Murina_ussuriensis.fa.out
########################################

#=======================================
#
# Sequence: Murina_ussuriensis     from: 1   to: 17285
# HitCount: 3
#
# Threshold: 20
# Minrepeat: 2
# Maxrepeat: 100
# Mismatch: No
# Uniform: No
#
#=======================================

  Start     End  Strand   Score   Size  Count Identity Consensus
  16189   16626       +     414      6     73     97.9 tacacg   
  16630   17007       +     372      6     63    100.0 cacgta   
   4543    4947       +      20      3    135     52.8 taa      

#---------------------------------------
#---------------------------------------
