########################################
# Program: etandem
# Rundate: Thu  6 Oct 2022 13:16:08
# Commandline: etandem
#    -sequence ../raw/separate_seqs/Mus_cookii.fa
#    -maxrepeat 100
#    -minrepeat 2
#    -outfile Mus_cookii.fa.out
#    -rdirectory2 ../reSLUTS/tandem_repeats
# Report_format: table
# Report_file: ../reSLUTS/tandem_repeats/Mus_cookii.fa.out
########################################

#=======================================
#
# Sequence: Mus_cookii     from: 1   to: 16307
# HitCount: 1
#
# Threshold: 20
# Minrepeat: 2
# Maxrepeat: 100
# Mismatch: No
# Uniform: No
#
#=======================================

  Start     End  Strand   Score   Size  Count Identity Consensus           
  13871   14010       +      22     20      7     65.0 acccataaataaataaaacc

#---------------------------------------
#---------------------------------------
