########################################
# Program: etandem
# Rundate: Thu  6 Oct 2022 13:04:59
# Commandline: etandem
#    -sequence ../raw/separate_seqs/Mus_spretus.fa
#    -maxrepeat 100
#    -minrepeat 2
#    -outfile Mus_spretus.fa.out
#    -rdirectory2 ../reSLUTS/tandem_repeats
# Report_format: table
# Report_file: ../reSLUTS/tandem_repeats/Mus_spretus.fa.out
########################################

#=======================================
#
# Sequence: Mus_spretus     from: 1   to: 16286
# HitCount: 0
#
# Threshold: 20
# Minrepeat: 2
# Maxrepeat: 100
# Mismatch: No
# Uniform: No
#
#=======================================

  Start     End  Strand   Score   Size  Count Identity Consensus

#---------------------------------------
#---------------------------------------
