########################################
# Program: etandem
# Rundate: Thu  6 Oct 2022 13:02:59
# Commandline: etandem
#    -sequence ../raw/separate_seqs/Mus_caroli.fa
#    -maxrepeat 100
#    -minrepeat 2
#    -outfile Mus_caroli.fa.out
#    -rdirectory2 ../reSLUTS/tandem_repeats
# Report_format: table
# Report_file: ../reSLUTS/tandem_repeats/Mus_caroli.fa.out
########################################

#=======================================
#
# Sequence: Mus_caroli     from: 1   to: 16313
# HitCount: 0
#
# Threshold: 20
# Minrepeat: 2
# Maxrepeat: 100
# Mismatch: No
# Uniform: No
#
#=======================================

  Start     End  Strand   Score   Size  Count Identity Consensus

#---------------------------------------
#---------------------------------------
