########################################
# Program: etandem
# Rundate: Thu  6 Oct 2022 13:05:27
# Commandline: etandem
#    -sequence ../raw/separate_seqs/Mus_musculus_molossinus.fa
#    -maxrepeat 100
#    -minrepeat 2
#    -outfile Mus_musculus_molossinus.fa.out
#    -rdirectory2 ../reSLUTS/tandem_repeats
# Report_format: table
# Report_file: ../reSLUTS/tandem_repeats/Mus_musculus_molossinus.fa.out
########################################

#=======================================
#
# Sequence: Mus_musculus_molossinus     from: 1   to: 16300
# HitCount: 1
#
# Threshold: 20
# Minrepeat: 2
# Maxrepeat: 100
# Mismatch: No
# Uniform: No
#
#=======================================

  Start     End  Strand   Score   Size  Count Identity Consensus                   
  13900   13983       +      20     28      3     78.6 aatcaacaaaaccattaaaccttaaaac

#---------------------------------------
#---------------------------------------
