########################################
# Program: etandem
# Rundate: Thu  6 Oct 2022 13:03:24
# Commandline: etandem
#    -sequence ../raw/separate_seqs/Mus_famulus.fa
#    -maxrepeat 100
#    -minrepeat 2
#    -outfile Mus_famulus.fa.out
#    -rdirectory2 ../reSLUTS/tandem_repeats
# Report_format: table
# Report_file: ../reSLUTS/tandem_repeats/Mus_famulus.fa.out
########################################

#=======================================
#
# Sequence: Mus_famulus     from: 1   to: 16291
# HitCount: 1
#
# Threshold: 20
# Minrepeat: 2
# Maxrepeat: 100
# Mismatch: No
# Uniform: No
#
#=======================================

  Start     End  Strand   Score   Size  Count Identity Consensus           
  13853   13992       +      24     20      7     65.7 acccataaataaataaaacc

#---------------------------------------
#---------------------------------------
