########################################
# Program: etandem
# Rundate: Thu  6 Oct 2022 13:04:11
# Commandline: etandem
#    -sequence ../raw/separate_seqs/Mus_terricolor.fa
#    -maxrepeat 100
#    -minrepeat 2
#    -outfile Mus_terricolor.fa.out
#    -rdirectory2 ../reSLUTS/tandem_repeats
# Report_format: table
# Report_file: ../reSLUTS/tandem_repeats/Mus_terricolor.fa.out
########################################

#=======================================
#
# Sequence: Mus_terricolor     from: 1   to: 16310
# HitCount: 1
#
# Threshold: 20
# Minrepeat: 2
# Maxrepeat: 100
# Mismatch: No
# Uniform: No
#
#=======================================

  Start     End  Strand   Score   Size  Count Identity Consensus      
  11757   11876       +      21     15      8     65.0 ctccatattaattat

#---------------------------------------
#---------------------------------------
