########################################
# Program: etandem
# Rundate: Thu  6 Oct 2022 13:10:58
# Commandline: etandem
#    -sequence ../raw/separate_seqs/Mustela_altaica.fa
#    -maxrepeat 100
#    -minrepeat 2
#    -outfile Mustela_altaica.fa.out
#    -rdirectory2 ../reSLUTS/tandem_repeats
# Report_format: table
# Report_file: ../reSLUTS/tandem_repeats/Mustela_altaica.fa.out
########################################

#=======================================
#
# Sequence: Mustela_altaica     from: 1   to: 16521
# HitCount: 1
#
# Threshold: 20
# Minrepeat: 2
# Maxrepeat: 100
# Mismatch: No
# Uniform: No
#
#=======================================

  Start     End  Strand   Score   Size  Count Identity Consensus 
  16001   16260       +     242     10     26     98.5 acgtacacat

#---------------------------------------
#---------------------------------------
