########################################
# Program: etandem
# Rundate: Thu  6 Oct 2022 13:03:56
# Commandline: etandem
#    -sequence ../raw/separate_seqs/Mustela_eversmannii.fa
#    -maxrepeat 100
#    -minrepeat 2
#    -outfile Mustela_eversmannii.fa.out
#    -rdirectory2 ../reSLUTS/tandem_repeats
# Report_format: table
# Report_file: ../reSLUTS/tandem_repeats/Mustela_eversmannii.fa.out
########################################

#=======================================
#
# Sequence: Mustela_eversmannii     from: 1   to: 16463
# HitCount: 1
#
# Threshold: 20
# Minrepeat: 2
# Maxrepeat: 100
# Mismatch: No
# Uniform: No
#
#=======================================

  Start     End  Strand   Score   Size  Count Identity Consensus 
  16030   16199       +     152     10     17     97.6 gcacacgtac

#---------------------------------------
#---------------------------------------
