########################################
# Program: etandem
# Rundate: Thu  6 Oct 2022 12:59:51
# Commandline: etandem
#    -sequence ../raw/separate_seqs/Mustela_nigripes.fa
#    -maxrepeat 100
#    -minrepeat 2
#    -outfile Mustela_nigripes.fa.out
#    -rdirectory2 ../reSLUTS/tandem_repeats
# Report_format: table
# Report_file: ../reSLUTS/tandem_repeats/Mustela_nigripes.fa.out
########################################

#=======================================
#
# Sequence: Mustela_nigripes     from: 1   to: 16556
# HitCount: 1
#
# Threshold: 20
# Minrepeat: 2
# Maxrepeat: 100
# Mismatch: No
# Uniform: No
#
#=======================================

  Start     End  Strand   Score   Size  Count Identity Consensus 
  16033   16292       +     224     10     26     95.0 gcacacgtac

#---------------------------------------
#---------------------------------------
