########################################
# Program: etandem
# Rundate: Thu  6 Oct 2022 13:14:29
# Commandline: etandem
#    -sequence ../raw/separate_seqs/Mustela_sibirica.fa
#    -maxrepeat 100
#    -minrepeat 2
#    -outfile Mustela_sibirica.fa.out
#    -rdirectory2 ../reSLUTS/tandem_repeats
# Report_format: table
# Report_file: ../reSLUTS/tandem_repeats/Mustela_sibirica.fa.out
########################################

#=======================================
#
# Sequence: Mustela_sibirica     from: 1   to: 16559
# HitCount: 2
#
# Threshold: 20
# Minrepeat: 2
# Maxrepeat: 100
# Mismatch: No
# Uniform: No
#
#=======================================

  Start     End  Strand   Score   Size  Count Identity Consensus            
  16003   16292       +     246     10     29     94.1 acgcacacgt           
  13887   13970       +      21     21      4     75.0 cccaaaacaaaataaaattcc

#---------------------------------------
#---------------------------------------
