########################################
# Program: etandem
# Rundate: Thu  6 Oct 2022 13:13:29
# Commandline: etandem
#    -sequence ../raw/separate_seqs/Mustela_nivalis.fa
#    -maxrepeat 100
#    -minrepeat 2
#    -outfile Mustela_nivalis.fa.out
#    -rdirectory2 ../reSLUTS/tandem_repeats
# Report_format: table
# Report_file: ../reSLUTS/tandem_repeats/Mustela_nivalis.fa.out
########################################

#=======================================
#
# Sequence: Mustela_nivalis     from: 1   to: 16512
# HitCount: 1
#
# Threshold: 20
# Minrepeat: 2
# Maxrepeat: 100
# Mismatch: No
# Uniform: No
#
#=======================================

  Start     End  Strand   Score   Size  Count Identity Consensus 
  15996   16255       +     180     10     26     86.5 acgtacgcac

#---------------------------------------
#---------------------------------------
