########################################
# Program: etandem
# Rundate: Thu  6 Oct 2022 13:08:48
# Commandline: etandem
#    -sequence ../raw/separate_seqs/Mustela_kathiah.fa
#    -maxrepeat 100
#    -minrepeat 2
#    -outfile Mustela_kathiah.fa.out
#    -rdirectory2 ../reSLUTS/tandem_repeats
# Report_format: table
# Report_file: ../reSLUTS/tandem_repeats/Mustela_kathiah.fa.out
########################################

#=======================================
#
# Sequence: Mustela_kathiah     from: 1   to: 16552
# HitCount: 2
#
# Threshold: 20
# Minrepeat: 2
# Maxrepeat: 100
# Mismatch: No
# Uniform: No
#
#=======================================

  Start     End  Strand   Score   Size  Count Identity Consensus            
  16031   16260       +     112     10     23     76.5 gcacacgcac           
   4712    4942       +      22     21     11     59.3 taatcacaacaatactaataa

#---------------------------------------
#---------------------------------------
