########################################
# Program: etandem
# Rundate: Thu  6 Oct 2022 13:09:11
# Commandline: etandem
#    -sequence ../raw/separate_seqs/Myodes_glareolus.fa
#    -maxrepeat 100
#    -minrepeat 2
#    -outfile Myodes_glareolus.fa.out
#    -rdirectory2 ../reSLUTS/tandem_repeats
# Report_format: table
# Report_file: ../reSLUTS/tandem_repeats/Myodes_glareolus.fa.out
########################################

#=======================================
#
# Sequence: Myodes_glareolus     from: 1   to: 16353
# HitCount: 0
#
# Threshold: 20
# Minrepeat: 2
# Maxrepeat: 100
# Mismatch: No
# Uniform: No
#
#=======================================

  Start     End  Strand   Score   Size  Count Identity Consensus

#---------------------------------------
#---------------------------------------
