########################################
# Program: etandem
# Rundate: Thu  6 Oct 2022 13:03:54
# Commandline: etandem
#    -sequence ../raw/separate_seqs/Myodes_regulus.fa
#    -maxrepeat 100
#    -minrepeat 2
#    -outfile Myodes_regulus.fa.out
#    -rdirectory2 ../reSLUTS/tandem_repeats
# Report_format: table
# Report_file: ../reSLUTS/tandem_repeats/Myodes_regulus.fa.out
########################################

#=======================================
#
# Sequence: Myodes_regulus     from: 1   to: 16379
# HitCount: 2
#
# Threshold: 20
# Minrepeat: 2
# Maxrepeat: 100
# Mismatch: No
# Uniform: No
#
#=======================================

  Start     End  Strand   Score   Size  Count Identity Consensus                     
  15405   15476       +      32     24      3     88.9 gtacatatatttatatagtacata      
  13845   13934       +      20     30      3     77.8 ataaccaaaaaacaccatcacccctaaaaa

#---------------------------------------
#---------------------------------------
