########################################
# Program: etandem
# Rundate: Thu  6 Oct 2022 13:16:20
# Commandline: etandem
#    -sequence ../raw/separate_seqs/Myrmecophaga_tridactyla.fa
#    -maxrepeat 100
#    -minrepeat 2
#    -outfile Myrmecophaga_tridactyla.fa.out
#    -rdirectory2 ../reSLUTS/tandem_repeats
# Report_format: table
# Report_file: ../reSLUTS/tandem_repeats/Myrmecophaga_tridactyla.fa.out
########################################

#=======================================
#
# Sequence: Myrmecophaga_tridactyla     from: 1   to: 16498
# HitCount: 4
#
# Threshold: 20
# Minrepeat: 2
# Maxrepeat: 100
# Mismatch: No
# Uniform: No
#
#=======================================

  Start     End  Strand   Score   Size  Count Identity Consensus                 
  16048   16127       +      72      8     10    100.0 catacacg                  
   2957    3016       +      24      6     10     75.0 acacta                    
  15541   15618       +      24     26      3     82.1 aatattacatagtacattattttatt
  13782   13832       +      20      3     17     72.5 aca                       

#---------------------------------------
#---------------------------------------
