########################################
# Program: etandem
# Rundate: Thu  6 Oct 2022 13:17:52
# Commandline: etandem
#    -sequence ../raw/separate_seqs/Nanger_dama.fa
#    -maxrepeat 100
#    -minrepeat 2
#    -outfile Nanger_dama.fa.out
#    -rdirectory2 ../reSLUTS/tandem_repeats
# Report_format: table
# Report_file: ../reSLUTS/tandem_repeats/Nanger_dama.fa.out
########################################

#=======================================
#
# Sequence: Nanger_dama     from: 1   to: 16377
# HitCount: 1
#
# Threshold: 20
# Minrepeat: 2
# Maxrepeat: 100
# Mismatch: No
# Uniform: No
#
#=======================================

  Start     End  Strand   Score   Size  Count Identity Consensus                           
   3242    3421       +      22     36      5     66.1 caccagaactagtatcattattctttacagcagaag

#---------------------------------------
#---------------------------------------
