########################################
# Program: etandem
# Rundate: Thu  6 Oct 2022 13:15:04
# Commandline: etandem
#    -sequence ../raw/separate_seqs/Nanger_granti.fa
#    -maxrepeat 100
#    -minrepeat 2
#    -outfile Nanger_granti.fa.out
#    -rdirectory2 ../reSLUTS/tandem_repeats
# Report_format: table
# Report_file: ../reSLUTS/tandem_repeats/Nanger_granti.fa.out
########################################

#=======================================
#
# Sequence: Nanger_granti     from: 1   to: 16381
# HitCount: 1
#
# Threshold: 20
# Minrepeat: 2
# Maxrepeat: 100
# Mismatch: No
# Uniform: No
#
#=======================================

  Start     End  Strand   Score   Size  Count Identity Consensus                           
   3242    3421       +      20     36      5     65.6 caccagaactagtatcattattctttacagcagaag

#---------------------------------------
#---------------------------------------
