########################################
# Program: etandem
# Rundate: Thu  6 Oct 2022 13:05:08
# Commandline: etandem
#    -sequence ../raw/separate_seqs/Nannospalax_ehrenbergi.fa
#    -maxrepeat 100
#    -minrepeat 2
#    -outfile Nannospalax_ehrenbergi.fa.out
#    -rdirectory2 ../reSLUTS/tandem_repeats
# Report_format: table
# Report_file: ../reSLUTS/tandem_repeats/Nannospalax_ehrenbergi.fa.out
########################################

#=======================================
#
# Sequence: Nannospalax_ehrenbergi     from: 1   to: 16408
# HitCount: 1
#
# Threshold: 20
# Minrepeat: 2
# Maxrepeat: 100
# Mismatch: No
# Uniform: No
#
#=======================================

  Start     End  Strand   Score   Size  Count Identity Consensus                              
  15453   15608       +      23     39      4     69.9 tttatattacataatacattaagctattacagtaaataa

#---------------------------------------
#---------------------------------------
