########################################
# Program: etandem
# Rundate: Thu  6 Oct 2022 12:59:54
# Commandline: etandem
#    -sequence ../raw/separate_seqs/Nasalis_larvatus.fa
#    -maxrepeat 100
#    -minrepeat 2
#    -outfile Nasalis_larvatus.fa.out
#    -rdirectory2 ../reSLUTS/tandem_repeats
# Report_format: table
# Report_file: ../reSLUTS/tandem_repeats/Nasalis_larvatus.fa.out
########################################

#=======================================
#
# Sequence: Nasalis_larvatus     from: 1   to: 16570
# HitCount: 0
#
# Threshold: 20
# Minrepeat: 2
# Maxrepeat: 100
# Mismatch: No
# Uniform: No
#
#=======================================

  Start     End  Strand   Score   Size  Count Identity Consensus

#---------------------------------------
#---------------------------------------
