########################################
# Program: etandem
# Rundate: Thu  6 Oct 2022 13:16:16
# Commandline: etandem
#    -sequence ../raw/separate_seqs/Neodon_irene.fa
#    -maxrepeat 100
#    -minrepeat 2
#    -outfile Neodon_irene.fa.out
#    -rdirectory2 ../reSLUTS/tandem_repeats
# Report_format: table
# Report_file: ../reSLUTS/tandem_repeats/Neodon_irene.fa.out
########################################

#=======================================
#
# Sequence: Neodon_irene     from: 1   to: 16367
# HitCount: 1
#
# Threshold: 20
# Minrepeat: 2
# Maxrepeat: 100
# Mismatch: No
# Uniform: No
#
#=======================================

  Start     End  Strand   Score   Size  Count Identity Consensus                            
  15846   15919       +      37     37      2    100.0 catgcaggacataactgtaatcccgggcagttggtat

#---------------------------------------
#---------------------------------------
