########################################
# Program: etandem
# Rundate: Thu  6 Oct 2022 13:01:57
# Commandline: etandem
#    -sequence ../raw/separate_seqs/Neofelis_nebulosa.fa
#    -maxrepeat 100
#    -minrepeat 2
#    -outfile Neofelis_nebulosa.fa.out
#    -rdirectory2 ../reSLUTS/tandem_repeats
# Report_format: table
# Report_file: ../reSLUTS/tandem_repeats/Neofelis_nebulosa.fa.out
########################################

#=======================================
#
# Sequence: Neofelis_nebulosa     from: 1   to: 16844
# HitCount: 1
#
# Threshold: 20
# Minrepeat: 2
# Maxrepeat: 100
# Mismatch: No
# Uniform: No
#
#=======================================

  Start     End  Strand   Score   Size  Count Identity Consensus
    247     610       +     142      2    182     69.8 ac       

#---------------------------------------
#---------------------------------------
