########################################
# Program: etandem
# Rundate: Thu  6 Oct 2022 13:06:38
# Commandline: etandem
#    -sequence ../raw/separate_seqs/Neophocaena_asiaeorientalis.fa
#    -maxrepeat 100
#    -minrepeat 2
#    -outfile Neophocaena_asiaeorientalis.fa.out
#    -rdirectory2 ../reSLUTS/tandem_repeats
# Report_format: table
# Report_file: ../reSLUTS/tandem_repeats/Neophocaena_asiaeorientalis.fa.out
########################################

#=======================================
#
# Sequence: Neophocaena_asiaeorientalis     from: 1   to: 16385
# HitCount: 1
#
# Threshold: 20
# Minrepeat: 2
# Maxrepeat: 100
# Mismatch: No
# Uniform: No
#
#=======================================

  Start     End  Strand   Score   Size  Count Identity Consensus
  15561   15620       +      20      2     30     68.3 at       

#---------------------------------------
#---------------------------------------
