########################################
# Program: etandem
# Rundate: Thu  6 Oct 2022 13:14:27
# Commandline: etandem
#    -sequence ../raw/separate_seqs/Neophoca_cinerea.fa
#    -maxrepeat 100
#    -minrepeat 2
#    -outfile Neophoca_cinerea.fa.out
#    -rdirectory2 ../reSLUTS/tandem_repeats
# Report_format: table
# Report_file: ../reSLUTS/tandem_repeats/Neophoca_cinerea.fa.out
########################################

#=======================================
#
# Sequence: Neophoca_cinerea     from: 1   to: 16736
# HitCount: 1
#
# Threshold: 20
# Minrepeat: 2
# Maxrepeat: 100
# Mismatch: No
# Uniform: No
#
#=======================================

  Start     End  Strand   Score   Size  Count Identity Consensus
  16077   16396       +     102      2    160     66.2 ac       

#---------------------------------------
#---------------------------------------
