########################################
# Program: etandem
# Rundate: Thu  6 Oct 2022 13:04:44
# Commandline: etandem
#    -sequence ../raw/separate_seqs/Niviventer_fulvescens.fa
#    -maxrepeat 100
#    -minrepeat 2
#    -outfile Niviventer_fulvescens.fa.out
#    -rdirectory2 ../reSLUTS/tandem_repeats
# Report_format: table
# Report_file: ../reSLUTS/tandem_repeats/Niviventer_fulvescens.fa.out
########################################

#=======================================
#
# Sequence: Niviventer_fulvescens     from: 1   to: 16296
# HitCount: 2
#
# Threshold: 20
# Minrepeat: 2
# Maxrepeat: 100
# Mismatch: No
# Uniform: No
#
#=======================================

  Start     End  Strand   Score   Size  Count Identity Consensus
   1459    1512       +      20      6      9     74.1 ttaaaa   
  13681   13743       +      20      9      7     73.0 caaatcaac

#---------------------------------------
#---------------------------------------
