########################################
# Program: etandem
# Rundate: Thu  6 Oct 2022 13:17:21
# Commandline: etandem
#    -sequence ../raw/separate_seqs/Nomascus_leucogenys.fa
#    -maxrepeat 100
#    -minrepeat 2
#    -outfile Nomascus_leucogenys.fa.out
#    -rdirectory2 ../reSLUTS/tandem_repeats
# Report_format: table
# Report_file: ../reSLUTS/tandem_repeats/Nomascus_leucogenys.fa.out
########################################

#=======================================
#
# Sequence: Nomascus_leucogenys     from: 1   to: 16478
# HitCount: 0
#
# Threshold: 20
# Minrepeat: 2
# Maxrepeat: 100
# Mismatch: No
# Uniform: No
#
#=======================================

  Start     End  Strand   Score   Size  Count Identity Consensus

#---------------------------------------
#---------------------------------------
