########################################
# Program: etandem
# Rundate: Thu  6 Oct 2022 13:07:50
# Commandline: etandem
#    -sequence ../raw/separate_seqs/Nyctereutes_procyonoides.fa
#    -maxrepeat 100
#    -minrepeat 2
#    -outfile Nyctereutes_procyonoides.fa.out
#    -rdirectory2 ../reSLUTS/tandem_repeats
# Report_format: table
# Report_file: ../reSLUTS/tandem_repeats/Nyctereutes_procyonoides.fa.out
########################################

#=======================================
#
# Sequence: Nyctereutes_procyonoides     from: 1   to: 16713
# HitCount: 1
#
# Threshold: 20
# Minrepeat: 2
# Maxrepeat: 100
# Mismatch: No
# Uniform: No
#
#=======================================

  Start     End  Strand   Score   Size  Count Identity Consensus
  16130   16425       +     254      8     37     94.3 cacgtaca 

#---------------------------------------
#---------------------------------------
