########################################
# Program: etandem
# Rundate: Thu  6 Oct 2022 13:09:41
# Commandline: etandem
#    -sequence ../raw/separate_seqs/Nycticebus_coucang.fa
#    -maxrepeat 100
#    -minrepeat 2
#    -outfile Nycticebus_coucang.fa.out
#    -rdirectory2 ../reSLUTS/tandem_repeats
# Report_format: table
# Report_file: ../reSLUTS/tandem_repeats/Nycticebus_coucang.fa.out
########################################

#=======================================
#
# Sequence: Nycticebus_coucang     from: 1   to: 16764
# HitCount: 1
#
# Threshold: 20
# Minrepeat: 2
# Maxrepeat: 100
# Mismatch: No
# Uniform: No
#
#=======================================

  Start     End  Strand   Score   Size  Count Identity Consensus   
  16226   16489       +     246     12     22     98.9 atacgtatacac

#---------------------------------------
#---------------------------------------
