########################################
# Program: etandem
# Rundate: Thu  6 Oct 2022 13:17:48
# Commandline: etandem
#    -sequence ../raw/separate_seqs/Orcaella_heinsohni.fa
#    -maxrepeat 100
#    -minrepeat 2
#    -outfile Orcaella_heinsohni.fa.out
#    -rdirectory2 ../reSLUTS/tandem_repeats
# Report_format: table
# Report_file: ../reSLUTS/tandem_repeats/Orcaella_heinsohni.fa.out
########################################

#=======================================
#
# Sequence: Orcaella_heinsohni     from: 1   to: 16389
# HitCount: 1
#
# Threshold: 20
# Minrepeat: 2
# Maxrepeat: 100
# Mismatch: No
# Uniform: No
#
#=======================================

  Start     End  Strand   Score   Size  Count Identity Consensus                        
  10394   10558       +      22     33      5     66.7 ccctcttcattataatactaattgcaatacaat

#---------------------------------------
#---------------------------------------
