########################################
# Program: etandem
# Rundate: Thu  6 Oct 2022 13:15:26
# Commandline: etandem
#    -sequence ../raw/separate_seqs/Otocolobus_manul.fa
#    -maxrepeat 100
#    -minrepeat 2
#    -outfile Otocolobus_manul.fa.out
#    -rdirectory2 ../reSLUTS/tandem_repeats
# Report_format: table
# Report_file: ../reSLUTS/tandem_repeats/Otocolobus_manul.fa.out
########################################

#=======================================
#
# Sequence: Otocolobus_manul     from: 1   to: 16626
# HitCount: 1
#
# Threshold: 20
# Minrepeat: 2
# Maxrepeat: 100
# Mismatch: No
# Uniform: No
#
#=======================================

  Start     End  Strand   Score   Size  Count Identity Consensus
    273     368       +      80      8     12     95.8 tacacgta 

#---------------------------------------
#---------------------------------------
