########################################
# Program: etandem
# Rundate: Thu  6 Oct 2022 13:05:40
# Commandline: etandem
#    -sequence ../raw/separate_seqs/Otolemur_crassicaudatus.fa
#    -maxrepeat 100
#    -minrepeat 2
#    -outfile Otolemur_crassicaudatus.fa.out
#    -rdirectory2 ../reSLUTS/tandem_repeats
# Report_format: table
# Report_file: ../reSLUTS/tandem_repeats/Otolemur_crassicaudatus.fa.out
########################################

#=======================================
#
# Sequence: Otolemur_crassicaudatus     from: 1   to: 16827
# HitCount: 1
#
# Threshold: 20
# Minrepeat: 2
# Maxrepeat: 100
# Mismatch: No
# Uniform: No
#
#=======================================

  Start     End  Strand   Score   Size  Count Identity Consensus     
  16251   16544       +     280     14     21    100.0 tacacgtacacgca

#---------------------------------------
#---------------------------------------
