########################################
# Program: etandem
# Rundate: Thu  6 Oct 2022 13:16:23
# Commandline: etandem
#    -sequence ../raw/separate_seqs/Ovibos_moschatus.fa
#    -maxrepeat 100
#    -minrepeat 2
#    -outfile Ovibos_moschatus.fa.out
#    -rdirectory2 ../reSLUTS/tandem_repeats
# Report_format: table
# Report_file: ../reSLUTS/tandem_repeats/Ovibos_moschatus.fa.out
########################################

#=======================================
#
# Sequence: Ovibos_moschatus     from: 1   to: 16431
# HitCount: 1
#
# Threshold: 20
# Minrepeat: 2
# Maxrepeat: 100
# Mismatch: No
# Uniform: No
#
#=======================================

  Start     End  Strand   Score   Size  Count Identity Consensus 
  13870   14039       +      20     10     17     58.8 acccaaaaaa

#---------------------------------------
#---------------------------------------
