########################################
# Program: etandem
# Rundate: Thu  6 Oct 2022 13:03:57
# Commandline: etandem
#    -sequence ../raw/separate_seqs/Ozotoceros_bezoarticus.fa
#    -maxrepeat 100
#    -minrepeat 2
#    -outfile Ozotoceros_bezoarticus.fa.out
#    -rdirectory2 ../reSLUTS/tandem_repeats
# Report_format: table
# Report_file: ../reSLUTS/tandem_repeats/Ozotoceros_bezoarticus.fa.out
########################################

#=======================================
#
# Sequence: Ozotoceros_bezoarticus     from: 1   to: 16357
# HitCount: 0
#
# Threshold: 20
# Minrepeat: 2
# Maxrepeat: 100
# Mismatch: No
# Uniform: No
#
#=======================================

  Start     End  Strand   Score   Size  Count Identity Consensus

#---------------------------------------
#---------------------------------------
