########################################
# Program: etandem
# Rundate: Thu  6 Oct 2022 13:05:46
# Commandline: etandem
#    -sequence ../raw/separate_seqs/Paguma_larvata.fa
#    -maxrepeat 100
#    -minrepeat 2
#    -outfile Paguma_larvata.fa.out
#    -rdirectory2 ../reSLUTS/tandem_repeats
# Report_format: table
# Report_file: ../reSLUTS/tandem_repeats/Paguma_larvata.fa.out
########################################

#=======================================
#
# Sequence: Paguma_larvata     from: 1   to: 16710
# HitCount: 1
#
# Threshold: 20
# Minrepeat: 2
# Maxrepeat: 100
# Mismatch: No
# Uniform: No
#
#=======================================

  Start     End  Strand   Score   Size  Count Identity Consensus
  16108   16405       +     152      2    149     75.8 ac       

#---------------------------------------
#---------------------------------------
