########################################
# Program: etandem
# Rundate: Thu  6 Oct 2022 13:04:43
# Commandline: etandem
#    -sequence ../raw/separate_seqs/Palaeopropithecus_ingens.fa
#    -maxrepeat 100
#    -minrepeat 2
#    -outfile Palaeopropithecus_ingens.fa.out
#    -rdirectory2 ../reSLUTS/tandem_repeats
# Report_format: table
# Report_file: ../reSLUTS/tandem_repeats/Palaeopropithecus_ingens.fa.out
########################################

#=======================================
#
# Sequence: Palaeopropithecus_ingens     from: 1   to: 16910
# HitCount: 2
#
# Threshold: 20
# Minrepeat: 2
# Maxrepeat: 100
# Mismatch: No
# Uniform: No
#
#=======================================

  Start     End  Strand   Score   Size  Count Identity Consensus                      
  16363   16424       +      27     31      2     96.8 nnnnnnnnnnnnnnnnnnnnnnnnnnnnnac
  15767   15844       +      26     26      3     83.3 gtcattggtcgtacatggcacatctc     

#---------------------------------------
#---------------------------------------
