########################################
# Program: etandem
# Rundate: Thu  6 Oct 2022 13:13:18
# Commandline: etandem
#    -sequence ../raw/separate_seqs/Pan_paniscus.fa
#    -maxrepeat 100
#    -minrepeat 2
#    -outfile Pan_paniscus.fa.out
#    -rdirectory2 ../reSLUTS/tandem_repeats
# Report_format: table
# Report_file: ../reSLUTS/tandem_repeats/Pan_paniscus.fa.out
########################################

#=======================================
#
# Sequence: Pan_paniscus     from: 1   to: 16563
# HitCount: 1
#
# Threshold: 20
# Minrepeat: 2
# Maxrepeat: 100
# Mismatch: No
# Uniform: No
#
#=======================================

  Start     End  Strand   Score   Size  Count Identity Consensus               
  10446   10565       +      20     24      5     68.3 ttactaatcacactctacctctcc

#---------------------------------------
#---------------------------------------
