########################################
# Program: etandem
# Rundate: Thu  6 Oct 2022 13:15:32
# Commandline: etandem
#    -sequence ../raw/separate_seqs/Panthera_leo.fa
#    -maxrepeat 100
#    -minrepeat 2
#    -outfile Panthera_leo.fa.out
#    -rdirectory2 ../reSLUTS/tandem_repeats
# Report_format: table
# Report_file: ../reSLUTS/tandem_repeats/Panthera_leo.fa.out
########################################

#=======================================
#
# Sequence: Panthera_leo     from: 1   to: 16620
# HitCount: 2
#
# Threshold: 20
# Minrepeat: 2
# Maxrepeat: 100
# Mismatch: No
# Uniform: No
#
#=======================================

  Start     End  Strand   Score   Size  Count Identity Consensus     
    329     384       +      28     14      4     87.5 acgtacacgtatac
    284     325       +      28     14      3    100.0 acacgtacacacgt

#---------------------------------------
#---------------------------------------
