########################################
# Program: etandem
# Rundate: Thu  6 Oct 2022 12:59:09
# Commandline: etandem
#    -sequence ../raw/separate_seqs/Papio_papio.fa
#    -maxrepeat 100
#    -minrepeat 2
#    -outfile Papio_papio.fa.out
#    -rdirectory2 ../reSLUTS/tandem_repeats
# Report_format: table
# Report_file: ../reSLUTS/tandem_repeats/Papio_papio.fa.out
########################################

#=======================================
#
# Sequence: Papio_papio     from: 1   to: 16505
# HitCount: 1
#
# Threshold: 20
# Minrepeat: 2
# Maxrepeat: 100
# Mismatch: No
# Uniform: No
#
#=======================================

  Start     End  Strand   Score   Size  Count Identity Consensus                  
  13689   13823       +      20     27      5     67.4 atccaccatcaaccccaccacatcaaa

#---------------------------------------
#---------------------------------------
