########################################
# Program: etandem
# Rundate: Thu  6 Oct 2022 13:16:51
# Commandline: etandem
#    -sequence ../raw/separate_seqs/Papio_cynocephalus.fa
#    -maxrepeat 100
#    -minrepeat 2
#    -outfile Papio_cynocephalus.fa.out
#    -rdirectory2 ../reSLUTS/tandem_repeats
# Report_format: table
# Report_file: ../reSLUTS/tandem_repeats/Papio_cynocephalus.fa.out
########################################

#=======================================
#
# Sequence: Papio_cynocephalus     from: 1   to: 16515
# HitCount: 0
#
# Threshold: 20
# Minrepeat: 2
# Maxrepeat: 100
# Mismatch: No
# Uniform: No
#
#=======================================

  Start     End  Strand   Score   Size  Count Identity Consensus

#---------------------------------------
#---------------------------------------
