########################################
# Program: etandem
# Rundate: Thu  6 Oct 2022 13:13:58
# Commandline: etandem
#    -sequence ../raw/separate_seqs/Pelea_capreolus.fa
#    -maxrepeat 100
#    -minrepeat 2
#    -outfile Pelea_capreolus.fa.out
#    -rdirectory2 ../reSLUTS/tandem_repeats
# Report_format: table
# Report_file: ../reSLUTS/tandem_repeats/Pelea_capreolus.fa.out
########################################

#=======================================
#
# Sequence: Pelea_capreolus     from: 1   to: 16589
# HitCount: 2
#
# Threshold: 20
# Minrepeat: 2
# Maxrepeat: 100
# Mismatch: No
# Uniform: No
#
#=======================================

  Start     End  Strand   Score   Size  Count Identity Consensus              
  16330   16398       +      24     23      3     84.1 ttaatggtcacaggacatattaa
  15490   15579       +      20     18      5     71.1 acactcaaaacacatatt     

#---------------------------------------
#---------------------------------------
