########################################
# Program: etandem
# Rundate: Thu  6 Oct 2022 13:14:11
# Commandline: etandem
#    -sequence ../raw/separate_seqs/Perameles_gunnii.fa
#    -maxrepeat 100
#    -minrepeat 2
#    -outfile Perameles_gunnii.fa.out
#    -rdirectory2 ../reSLUTS/tandem_repeats
# Report_format: table
# Report_file: ../reSLUTS/tandem_repeats/Perameles_gunnii.fa.out
########################################

#=======================================
#
# Sequence: Perameles_gunnii     from: 1   to: 15360
# HitCount: 0
#
# Threshold: 20
# Minrepeat: 2
# Maxrepeat: 100
# Mismatch: No
# Uniform: No
#
#=======================================

  Start     End  Strand   Score   Size  Count Identity Consensus

#---------------------------------------
#---------------------------------------
