########################################
# Program: etandem
# Rundate: Thu  6 Oct 2022 13:07:32
# Commandline: etandem
#    -sequence ../raw/separate_seqs/Petaurista_alborufus.fa
#    -maxrepeat 100
#    -minrepeat 2
#    -outfile Petaurista_alborufus.fa.out
#    -rdirectory2 ../reSLUTS/tandem_repeats
# Report_format: table
# Report_file: ../reSLUTS/tandem_repeats/Petaurista_alborufus.fa.out
########################################

#=======================================
#
# Sequence: Petaurista_alborufus     from: 1   to: 16507
# HitCount: 1
#
# Threshold: 20
# Minrepeat: 2
# Maxrepeat: 100
# Mismatch: No
# Uniform: No
#
#=======================================

  Start     End  Strand   Score   Size  Count Identity Consensus
  11762   11842       +      20      9      9     67.9 cctaataac

#---------------------------------------
#---------------------------------------
