########################################
# Program: etandem
# Rundate: Thu  6 Oct 2022 13:10:04
# Commandline: etandem
#    -sequence ../raw/separate_seqs/Phalanger_vestitus.fa
#    -maxrepeat 100
#    -minrepeat 2
#    -outfile Phalanger_vestitus.fa.out
#    -rdirectory2 ../reSLUTS/tandem_repeats
# Report_format: table
# Report_file: ../reSLUTS/tandem_repeats/Phalanger_vestitus.fa.out
########################################

#=======================================
#
# Sequence: Phalanger_vestitus     from: 1   to: 15318
# HitCount: 2
#
# Threshold: 20
# Minrepeat: 2
# Maxrepeat: 100
# Mismatch: No
# Uniform: No
#
#=======================================

  Start     End  Strand   Score   Size  Count Identity Consensus               
  13877   14068       +      22     24      8     62.0 ccaaaaacagcaaacccaaaacca
  13151   13240       +      21     15      6     70.0 accatcctaccaacc         

#---------------------------------------
#---------------------------------------
