########################################
# Program: etandem
# Rundate: Thu  6 Oct 2022 13:03:34
# Commandline: etandem
#    -sequence ../raw/separate_seqs/Phascolarctos_cinereus.fa
#    -maxrepeat 100
#    -minrepeat 2
#    -outfile Phascolarctos_cinereus.fa.out
#    -rdirectory2 ../reSLUTS/tandem_repeats
# Report_format: table
# Report_file: ../reSLUTS/tandem_repeats/Phascolarctos_cinereus.fa.out
########################################

#=======================================
#
# Sequence: Phascolarctos_cinereus     from: 1   to: 16357
# HitCount: 6
#
# Threshold: 20
# Minrepeat: 2
# Maxrepeat: 100
# Mismatch: No
# Uniform: No
#
#=======================================

  Start     End  Strand   Score   Size  Count Identity Consensus                           
  15609   15758       +      27     25      6     67.3 atattatatgtaaaatattacatat           
  15785   15859       +      26     25      3     84.0 cctaaatacattatatctatatagt           
  16023   16054       +      22      2     16     87.5 ta                                  
  13893   14060       +      22     24      7     63.7 aaccaaaaacaacaaaactcatac            
  15921   15995       +      20     25      3     80.0 tagacaatactatatacattatact           
  12868   13047       +      20     36      5     65.6 cataacaaacatcttctccatcacttcaacagctct

#---------------------------------------
#---------------------------------------
