########################################
# Program: etandem
# Rundate: Thu  6 Oct 2022 13:02:57
# Commandline: etandem
#    -sequence ../raw/separate_seqs/Phocarctos_hookeri.fa
#    -maxrepeat 100
#    -minrepeat 2
#    -outfile Phocarctos_hookeri.fa.out
#    -rdirectory2 ../reSLUTS/tandem_repeats
# Report_format: table
# Report_file: ../reSLUTS/tandem_repeats/Phocarctos_hookeri.fa.out
########################################

#=======================================
#
# Sequence: Phocarctos_hookeri     from: 1   to: 16722
# HitCount: 1
#
# Threshold: 20
# Minrepeat: 2
# Maxrepeat: 100
# Mismatch: No
# Uniform: No
#
#=======================================

  Start     End  Strand   Score   Size  Count Identity Consensus
  16072   16407       +     318      8     42     98.5 atacacgt 

#---------------------------------------
#---------------------------------------
