########################################
# Program: etandem
# Rundate: Thu  6 Oct 2022 13:02:03
# Commandline: etandem
#    -sequence ../raw/separate_seqs/Phocoena_phocoena.fa
#    -maxrepeat 100
#    -minrepeat 2
#    -outfile Phocoena_phocoena.fa.out
#    -rdirectory2 ../reSLUTS/tandem_repeats
# Report_format: table
# Report_file: ../reSLUTS/tandem_repeats/Phocoena_phocoena.fa.out
########################################

#=======================================
#
# Sequence: Phocoena_phocoena     from: 1   to: 16382
# HitCount: 0
#
# Threshold: 20
# Minrepeat: 2
# Maxrepeat: 100
# Mismatch: No
# Uniform: No
#
#=======================================

  Start     End  Strand   Score   Size  Count Identity Consensus

#---------------------------------------
#---------------------------------------
