########################################
# Program: etandem
# Rundate: Thu  6 Oct 2022 13:00:29
# Commandline: etandem
#    -sequence ../raw/separate_seqs/Phoca_largha.fa
#    -maxrepeat 100
#    -minrepeat 2
#    -outfile Phoca_largha.fa.out
#    -rdirectory2 ../reSLUTS/tandem_repeats
# Report_format: table
# Report_file: ../reSLUTS/tandem_repeats/Phoca_largha.fa.out
########################################

#=======================================
#
# Sequence: Phoca_largha     from: 1   to: 16701
# HitCount: 1
#
# Threshold: 20
# Minrepeat: 2
# Maxrepeat: 100
# Mismatch: No
# Uniform: No
#
#=======================================

  Start     End  Strand   Score   Size  Count Identity Consensus
  16112   16383       +     160      8     34     80.9 gtacacac 

#---------------------------------------
#---------------------------------------
