########################################
# Program: etandem
# Rundate: Thu  6 Oct 2022 13:17:07
# Commandline: etandem
#    -sequence ../raw/separate_seqs/Platanista_minor.fa
#    -maxrepeat 100
#    -minrepeat 2
#    -outfile Platanista_minor.fa.out
#    -rdirectory2 ../reSLUTS/tandem_repeats
# Report_format: table
# Report_file: ../reSLUTS/tandem_repeats/Platanista_minor.fa.out
########################################

#=======================================
#
# Sequence: Platanista_minor     from: 1   to: 16324
# HitCount: 3
#
# Threshold: 20
# Minrepeat: 2
# Maxrepeat: 100
# Mismatch: No
# Uniform: No
#
#=======================================

  Start     End  Strand   Score   Size  Count Identity Consensus                              
  13911   14040       +      22     10     13     62.3 accaaaaaca                             
   4534    4650       +      22     39      3     76.1 tcaccctcctaatattactaatctaaaacacaacaacca
  14063   14119       +      20      3     19     70.2 taa                                    

#---------------------------------------
#---------------------------------------
