########################################
# Program: etandem
# Rundate: Thu  6 Oct 2022 13:10:15
# Commandline: etandem
#    -sequence ../raw/separate_seqs/Plecturocebus_donacophilus.fa
#    -maxrepeat 100
#    -minrepeat 2
#    -outfile Plecturocebus_donacophilus.fa.out
#    -rdirectory2 ../reSLUTS/tandem_repeats
# Report_format: table
# Report_file: ../reSLUTS/tandem_repeats/Plecturocebus_donacophilus.fa.out
########################################

#=======================================
#
# Sequence: Plecturocebus_donacophilus     from: 1   to: 16563
# HitCount: 0
#
# Threshold: 20
# Minrepeat: 2
# Maxrepeat: 100
# Mismatch: No
# Uniform: No
#
#=======================================

  Start     End  Strand   Score   Size  Count Identity Consensus

#---------------------------------------
#---------------------------------------
