########################################
# Program: etandem
# Rundate: Thu  6 Oct 2022 13:08:32
# Commandline: etandem
#    -sequence ../raw/separate_seqs/Plecturocebus_cupreus.fa
#    -maxrepeat 100
#    -minrepeat 2
#    -outfile Plecturocebus_cupreus.fa.out
#    -rdirectory2 ../reSLUTS/tandem_repeats
# Report_format: table
# Report_file: ../reSLUTS/tandem_repeats/Plecturocebus_cupreus.fa.out
########################################

#=======================================
#
# Sequence: Plecturocebus_cupreus     from: 1   to: 16551
# HitCount: 0
#
# Threshold: 20
# Minrepeat: 2
# Maxrepeat: 100
# Mismatch: No
# Uniform: No
#
#=======================================

  Start     End  Strand   Score   Size  Count Identity Consensus

#---------------------------------------
#---------------------------------------
