########################################
# Program: etandem
# Rundate: Thu  6 Oct 2022 13:07:41
# Commandline: etandem
#    -sequence ../raw/separate_seqs/Pongo_abelii.fa
#    -maxrepeat 100
#    -minrepeat 2
#    -outfile Pongo_abelii.fa.out
#    -rdirectory2 ../reSLUTS/tandem_repeats
# Report_format: table
# Report_file: ../reSLUTS/tandem_repeats/Pongo_abelii.fa.out
########################################

#=======================================
#
# Sequence: Pongo_abelii     from: 1   to: 16499
# HitCount: 1
#
# Threshold: 20
# Minrepeat: 2
# Maxrepeat: 100
# Mismatch: No
# Uniform: No
#
#=======================================

  Start     End  Strand   Score   Size  Count Identity Consensus
  13780   13875       +      23      3     32     63.5 cac      

#---------------------------------------
#---------------------------------------
