########################################
# Program: etandem
# Rundate: Thu  6 Oct 2022 13:02:23
# Commandline: etandem
#    -sequence ../raw/separate_seqs/Pongo_pygmaeus.fa
#    -maxrepeat 100
#    -minrepeat 2
#    -outfile Pongo_pygmaeus.fa.out
#    -rdirectory2 ../reSLUTS/tandem_repeats
# Report_format: table
# Report_file: ../reSLUTS/tandem_repeats/Pongo_pygmaeus.fa.out
########################################

#=======================================
#
# Sequence: Pongo_pygmaeus     from: 1   to: 16389
# HitCount: 1
#
# Threshold: 20
# Minrepeat: 2
# Maxrepeat: 100
# Mismatch: No
# Uniform: No
#
#=======================================

  Start     End  Strand   Score   Size  Count Identity Consensus
  13770   13871       +      30      6     17     67.6 cacccc   

#---------------------------------------
#---------------------------------------
