########################################
# Program: etandem
# Rundate: Thu  6 Oct 2022 13:13:35
# Commandline: etandem
#    -sequence ../raw/separate_seqs/Pontoporia_blainvillei.fa
#    -maxrepeat 100
#    -minrepeat 2
#    -outfile Pontoporia_blainvillei.fa.out
#    -rdirectory2 ../reSLUTS/tandem_repeats
# Report_format: table
# Report_file: ../reSLUTS/tandem_repeats/Pontoporia_blainvillei.fa.out
########################################

#=======================================
#
# Sequence: Pontoporia_blainvillei     from: 1   to: 16593
# HitCount: 0
#
# Threshold: 20
# Minrepeat: 2
# Maxrepeat: 100
# Mismatch: No
# Uniform: No
#
#=======================================

  Start     End  Strand   Score   Size  Count Identity Consensus

#---------------------------------------
#---------------------------------------
