########################################
# Program: etandem
# Rundate: Thu  6 Oct 2022 13:08:35
# Commandline: etandem
#    -sequence ../raw/separate_seqs/Presbytis_melalophos.fa
#    -maxrepeat 100
#    -minrepeat 2
#    -outfile Presbytis_melalophos.fa.out
#    -rdirectory2 ../reSLUTS/tandem_repeats
# Report_format: table
# Report_file: ../reSLUTS/tandem_repeats/Presbytis_melalophos.fa.out
########################################

#=======================================
#
# Sequence: Presbytis_melalophos     from: 1   to: 16543
# HitCount: 1
#
# Threshold: 20
# Minrepeat: 2
# Maxrepeat: 100
# Mismatch: No
# Uniform: No
#
#=======================================

  Start     End  Strand   Score   Size  Count Identity Consensus                 
  15732   15783       +      20     26      2     94.2 ctattcttggtcgtacatagtacatt

#---------------------------------------
#---------------------------------------
