########################################
# Program: etandem
# Rundate: Thu  6 Oct 2022 13:03:37
# Commandline: etandem
#    -sequence ../raw/separate_seqs/Prionailurus_viverrinus.fa
#    -maxrepeat 100
#    -minrepeat 2
#    -outfile Prionailurus_viverrinus.fa.out
#    -rdirectory2 ../reSLUTS/tandem_repeats
# Report_format: table
# Report_file: ../reSLUTS/tandem_repeats/Prionailurus_viverrinus.fa.out
########################################

#=======================================
#
# Sequence: Prionailurus_viverrinus     from: 1   to: 16723
# HitCount: 1
#
# Threshold: 20
# Minrepeat: 2
# Maxrepeat: 100
# Mismatch: No
# Uniform: No
#
#=======================================

  Start     End  Strand   Score   Size  Count Identity Consensus
    252     463       +      68      2    106     66.5 ac       

#---------------------------------------
#---------------------------------------
