########################################
# Program: etandem
# Rundate: Thu  6 Oct 2022 13:12:49
# Commandline: etandem
#    -sequence ../raw/separate_seqs/Prionodon_pardicolor.fa
#    -maxrepeat 100
#    -minrepeat 2
#    -outfile Prionodon_pardicolor.fa.out
#    -rdirectory2 ../reSLUTS/tandem_repeats
# Report_format: table
# Report_file: ../reSLUTS/tandem_repeats/Prionodon_pardicolor.fa.out
########################################

#=======================================
#
# Sequence: Prionodon_pardicolor     from: 1   to: 16718
# HitCount: 2
#
# Threshold: 20
# Minrepeat: 2
# Maxrepeat: 100
# Mismatch: No
# Uniform: No
#
#=======================================

  Start     End  Strand   Score   Size  Count Identity Consensus     
  16139   16418       +     258     14     20     98.6 acgtatacgcacac
   1469    1540       +      20      6     12     68.1 aattta        

#---------------------------------------
#---------------------------------------
