########################################
# Program: etandem
# Rundate: Thu  6 Oct 2022 13:03:20
# Commandline: etandem
#    -sequence ../raw/separate_seqs/Prionailurus_rubiginosus.fa
#    -maxrepeat 100
#    -minrepeat 2
#    -outfile Prionailurus_rubiginosus.fa.out
#    -rdirectory2 ../reSLUTS/tandem_repeats
# Report_format: table
# Report_file: ../reSLUTS/tandem_repeats/Prionailurus_rubiginosus.fa.out
########################################

#=======================================
#
# Sequence: Prionailurus_rubiginosus     from: 1   to: 16832
# HitCount: 1
#
# Threshold: 20
# Minrepeat: 2
# Maxrepeat: 100
# Mismatch: No
# Uniform: No
#
#=======================================

  Start     End  Strand   Score   Size  Count Identity Consensus
    248     559       +     254      8     39     92.0 gtacacac 

#---------------------------------------
#---------------------------------------
