########################################
# Program: etandem
# Rundate: Thu  6 Oct 2022 13:07:58
# Commandline: etandem
#    -sequence ../raw/separate_seqs/Procavia_capensis.fa
#    -maxrepeat 100
#    -minrepeat 2
#    -outfile Procavia_capensis.fa.out
#    -rdirectory2 ../reSLUTS/tandem_repeats
# Report_format: table
# Report_file: ../reSLUTS/tandem_repeats/Procavia_capensis.fa.out
########################################

#=======================================
#
# Sequence: Procavia_capensis     from: 1   to: 16743
# HitCount: 1
#
# Threshold: 20
# Minrepeat: 2
# Maxrepeat: 100
# Mismatch: No
# Uniform: No
#
#=======================================

  Start     End  Strand   Score   Size  Count Identity Consensus
  16109   16468       +     352      8     45    100.0 gtatacac 

#---------------------------------------
#---------------------------------------
