########################################
# Program: etandem
# Rundate: Thu  6 Oct 2022 13:00:48
# Commandline: etandem
#    -sequence ../raw/separate_seqs/Procolobus_verus.fa
#    -maxrepeat 100
#    -minrepeat 2
#    -outfile Procolobus_verus.fa.out
#    -rdirectory2 ../reSLUTS/tandem_repeats
# Report_format: table
# Report_file: ../reSLUTS/tandem_repeats/Procolobus_verus.fa.out
########################################

#=======================================
#
# Sequence: Procolobus_verus     from: 1   to: 16605
# HitCount: 1
#
# Threshold: 20
# Minrepeat: 2
# Maxrepeat: 100
# Mismatch: No
# Uniform: No
#
#=======================================

  Start     End  Strand   Score   Size  Count Identity Consensus      
   8102    8161       +      21     15      4     80.0 actaattctaattca

#---------------------------------------
#---------------------------------------
