########################################
# Program: etandem
# Rundate: Thu  6 Oct 2022 13:04:50
# Commandline: etandem
#    -sequence ../raw/separate_seqs/Proechimys_longicaudatus.fa
#    -maxrepeat 100
#    -minrepeat 2
#    -outfile Proechimys_longicaudatus.fa.out
#    -rdirectory2 ../reSLUTS/tandem_repeats
# Report_format: table
# Report_file: ../reSLUTS/tandem_repeats/Proechimys_longicaudatus.fa.out
########################################

#=======================================
#
# Sequence: Proechimys_longicaudatus     from: 1   to: 16816
# HitCount: 2
#
# Threshold: 20
# Minrepeat: 2
# Maxrepeat: 100
# Mismatch: No
# Uniform: No
#
#=======================================

  Start     End  Strand   Score   Size  Count Identity Consensus         
  16194   16517       +     174     18     18     79.6 gtatacacacgtatacac
  14025   14087       +      24      3     21     71.4 taa               

#---------------------------------------
#---------------------------------------
