########################################
# Program: etandem
# Rundate: Thu  6 Oct 2022 13:11:43
# Commandline: etandem
#    -sequence ../raw/separate_seqs/Proedromys_liangshanensis.fa
#    -maxrepeat 100
#    -minrepeat 2
#    -outfile Proedromys_liangshanensis.fa.out
#    -rdirectory2 ../reSLUTS/tandem_repeats
# Report_format: table
# Report_file: ../reSLUTS/tandem_repeats/Proedromys_liangshanensis.fa.out
########################################

#=======================================
#
# Sequence: Proedromys_liangshanensis     from: 1   to: 16296
# HitCount: 0
#
# Threshold: 20
# Minrepeat: 2
# Maxrepeat: 100
# Mismatch: No
# Uniform: No
#
#=======================================

  Start     End  Strand   Score   Size  Count Identity Consensus

#---------------------------------------
#---------------------------------------
