########################################
# Program: etandem
# Rundate: Thu  6 Oct 2022 13:17:47
# Commandline: etandem
#    -sequence ../raw/separate_seqs/Prolemur_simus.fa
#    -maxrepeat 100
#    -minrepeat 2
#    -outfile Prolemur_simus.fa.out
#    -rdirectory2 ../reSLUTS/tandem_repeats
# Report_format: table
# Report_file: ../reSLUTS/tandem_repeats/Prolemur_simus.fa.out
########################################

#=======================================
#
# Sequence: Prolemur_simus     from: 1   to: 16765
# HitCount: 1
#
# Threshold: 20
# Minrepeat: 2
# Maxrepeat: 100
# Mismatch: No
# Uniform: No
#
#=======================================

  Start     End  Strand   Score   Size  Count Identity Consensus
  16255   16320       +      54      6     11     95.5 cacatg   

#---------------------------------------
#---------------------------------------
