########################################
# Program: etandem
# Rundate: Thu  6 Oct 2022 12:59:23
# Commandline: etandem
#    -sequence ../raw/separate_seqs/Propithecus_diadema.fa
#    -maxrepeat 100
#    -minrepeat 2
#    -outfile Propithecus_diadema.fa.out
#    -rdirectory2 ../reSLUTS/tandem_repeats
# Report_format: table
# Report_file: ../reSLUTS/tandem_repeats/Propithecus_diadema.fa.out
########################################

#=======================================
#
# Sequence: Propithecus_diadema     from: 1   to: 17084
# HitCount: 3
#
# Threshold: 20
# Minrepeat: 2
# Maxrepeat: 100
# Mismatch: No
# Uniform: No
#
#=======================================

  Start     End  Strand   Score   Size  Count Identity Consensus                 
  16278   16637       +     278      8     45     89.7 atacacgt                  
   4559    4657       +      24      9     11     66.7 atcaccata                 
  15726   15803       +      20     26      3     79.5 ttcattaatcggataaggcacatatc

#---------------------------------------
#---------------------------------------
