########################################
# Program: etandem
# Rundate: Thu  6 Oct 2022 13:09:27
# Commandline: etandem
#    -sequence ../raw/separate_seqs/Propithecus_tattersalli.fa
#    -maxrepeat 100
#    -minrepeat 2
#    -outfile Propithecus_tattersalli.fa.out
#    -rdirectory2 ../reSLUTS/tandem_repeats
# Report_format: table
# Report_file: ../reSLUTS/tandem_repeats/Propithecus_tattersalli.fa.out
########################################

#=======================================
#
# Sequence: Propithecus_tattersalli     from: 1   to: 17099
# HitCount: 3
#
# Threshold: 20
# Minrepeat: 2
# Maxrepeat: 100
# Mismatch: No
# Uniform: No
#
#=======================================

  Start     End  Strand   Score   Size  Count Identity Consensus                 
  16283   16642       +     322      8     45     95.8 cacgcata                  
   4556    4654       +      24      9     11     66.7 atcaccata                 
  15720   15797       +      22     26      3     80.8 tacattgatcggataaggcacatatc

#---------------------------------------
#---------------------------------------
