########################################
# Program: etandem
# Rundate: Thu  6 Oct 2022 13:14:22
# Commandline: etandem
#    -sequence ../raw/separate_seqs/Pseudocheirus_peregrinus.fa
#    -maxrepeat 100
#    -minrepeat 2
#    -outfile Pseudocheirus_peregrinus.fa.out
#    -rdirectory2 ../reSLUTS/tandem_repeats
# Report_format: table
# Report_file: ../reSLUTS/tandem_repeats/Pseudocheirus_peregrinus.fa.out
########################################

#=======================================
#
# Sequence: Pseudocheirus_peregrinus     from: 1   to: 16022
# HitCount: 0
#
# Threshold: 20
# Minrepeat: 2
# Maxrepeat: 100
# Mismatch: No
# Uniform: No
#
#=======================================

  Start     End  Strand   Score   Size  Count Identity Consensus

#---------------------------------------
#---------------------------------------
