########################################
# Program: etandem
# Rundate: Thu  6 Oct 2022 13:12:39
# Commandline: etandem
#    -sequence ../raw/separate_seqs/Pteropus_alecto.fa
#    -maxrepeat 100
#    -minrepeat 2
#    -outfile Pteropus_alecto.fa.out
#    -rdirectory2 ../reSLUTS/tandem_repeats
# Report_format: table
# Report_file: ../reSLUTS/tandem_repeats/Pteropus_alecto.fa.out
########################################

#=======================================
#
# Sequence: Pteropus_alecto     from: 1   to: 16739
# HitCount: 1
#
# Threshold: 20
# Minrepeat: 2
# Maxrepeat: 100
# Mismatch: No
# Uniform: No
#
#=======================================

  Start     End  Strand   Score   Size  Count Identity Consensus
  16217   16468       +     246      6     42    100.0 catacg   

#---------------------------------------
#---------------------------------------
