########################################
# Program: etandem
# Rundate: Thu  6 Oct 2022 13:03:10
# Commandline: etandem
#    -sequence ../raw/separate_seqs/Pteronotus_parnellii.fa
#    -maxrepeat 100
#    -minrepeat 2
#    -outfile Pteronotus_parnellii.fa.out
#    -rdirectory2 ../reSLUTS/tandem_repeats
# Report_format: table
# Report_file: ../reSLUTS/tandem_repeats/Pteronotus_parnellii.fa.out
########################################

#=======================================
#
# Sequence: Pteronotus_parnellii     from: 1   to: 16564
# HitCount: 0
#
# Threshold: 20
# Minrepeat: 2
# Maxrepeat: 100
# Mismatch: No
# Uniform: No
#
#=======================================

  Start     End  Strand   Score   Size  Count Identity Consensus

#---------------------------------------
#---------------------------------------
