########################################
# Program: etandem
# Rundate: Thu  6 Oct 2022 13:00:45
# Commandline: etandem
#    -sequence ../raw/separate_seqs/Pteromys_volans.fa
#    -maxrepeat 100
#    -minrepeat 2
#    -outfile Pteromys_volans.fa.out
#    -rdirectory2 ../reSLUTS/tandem_repeats
# Report_format: table
# Report_file: ../reSLUTS/tandem_repeats/Pteromys_volans.fa.out
########################################

#=======================================
#
# Sequence: Pteromys_volans     from: 1   to: 16513
# HitCount: 0
#
# Threshold: 20
# Minrepeat: 2
# Maxrepeat: 100
# Mismatch: No
# Uniform: No
#
#=======================================

  Start     End  Strand   Score   Size  Count Identity Consensus

#---------------------------------------
#---------------------------------------
