########################################
# Program: etandem
# Rundate: Thu  6 Oct 2022 13:12:33
# Commandline: etandem
#    -sequence ../raw/separate_seqs/Pteropus_dasymallus.fa
#    -maxrepeat 100
#    -minrepeat 2
#    -outfile Pteropus_dasymallus.fa.out
#    -rdirectory2 ../reSLUTS/tandem_repeats
# Report_format: table
# Report_file: ../reSLUTS/tandem_repeats/Pteropus_dasymallus.fa.out
########################################

#=======================================
#
# Sequence: Pteropus_dasymallus     from: 1   to: 16705
# HitCount: 2
#
# Threshold: 20
# Minrepeat: 2
# Maxrepeat: 100
# Mismatch: No
# Uniform: No
#
#=======================================

  Start     End  Strand   Score   Size  Count Identity Consensus                  
  16237   16440       +     198      6     34    100.0 catacg                     
   4552    4659       +      21     27      4     72.2 aaccaccacatcaatcatactcaccct

#---------------------------------------
#---------------------------------------
