########################################
# Program: etandem
# Rundate: Thu  6 Oct 2022 13:02:21
# Commandline: etandem
#    -sequence ../raw/separate_seqs/Pudu_puda.fa
#    -maxrepeat 100
#    -minrepeat 2
#    -outfile Pudu_puda.fa.out
#    -rdirectory2 ../reSLUTS/tandem_repeats
# Report_format: table
# Report_file: ../reSLUTS/tandem_repeats/Pudu_puda.fa.out
########################################

#=======================================
#
# Sequence: Pudu_puda     from: 1   to: 16347
# HitCount: 0
#
# Threshold: 20
# Minrepeat: 2
# Maxrepeat: 100
# Mismatch: No
# Uniform: No
#
#=======================================

  Start     End  Strand   Score   Size  Count Identity Consensus

#---------------------------------------
#---------------------------------------
