########################################
# Program: etandem
# Rundate: Thu  6 Oct 2022 13:11:51
# Commandline: etandem
#    -sequence ../raw/separate_seqs/Pusa_sibirica.fa
#    -maxrepeat 100
#    -minrepeat 2
#    -outfile Pusa_sibirica.fa.out
#    -rdirectory2 ../reSLUTS/tandem_repeats
# Report_format: table
# Report_file: ../reSLUTS/tandem_repeats/Pusa_sibirica.fa.out
########################################

#=======================================
#
# Sequence: Pusa_sibirica     from: 1   to: 16773
# HitCount: 1
#
# Threshold: 20
# Minrepeat: 2
# Maxrepeat: 100
# Mismatch: No
# Uniform: No
#
#=======================================

  Start     End  Strand   Score   Size  Count Identity Consensus 
  16119   16468       +     264     10     35     89.1 acacgtgcgt

#---------------------------------------
#---------------------------------------
