########################################
# Program: etandem
# Rundate: Thu  6 Oct 2022 12:59:20
# Commandline: etandem
#    -sequence ../raw/separate_seqs/Pusa_caspica.fa
#    -maxrepeat 100
#    -minrepeat 2
#    -outfile Pusa_caspica.fa.out
#    -rdirectory2 ../reSLUTS/tandem_repeats
# Report_format: table
# Report_file: ../reSLUTS/tandem_repeats/Pusa_caspica.fa.out
########################################

#=======================================
#
# Sequence: Pusa_caspica     from: 1   to: 16737
# HitCount: 1
#
# Threshold: 20
# Minrepeat: 2
# Maxrepeat: 100
# Mismatch: No
# Uniform: No
#
#=======================================

  Start     End  Strand   Score   Size  Count Identity Consensus                             
  16134   16399       +     154     38      7     86.1 cgcacacgcacacgcacgtacacacgtacgtacacgta

#---------------------------------------
#---------------------------------------
