########################################
# Program: etandem
# Rundate: Thu  6 Oct 2022 13:10:41
# Commandline: etandem
#    -sequence ../raw/separate_seqs/Pygathrix_nigripes.fa
#    -maxrepeat 100
#    -minrepeat 2
#    -outfile Pygathrix_nigripes.fa.out
#    -rdirectory2 ../reSLUTS/tandem_repeats
# Report_format: table
# Report_file: ../reSLUTS/tandem_repeats/Pygathrix_nigripes.fa.out
########################################

#=======================================
#
# Sequence: Pygathrix_nigripes     from: 1   to: 16536
# HitCount: 0
#
# Threshold: 20
# Minrepeat: 2
# Maxrepeat: 100
# Mismatch: No
# Uniform: No
#
#=======================================

  Start     End  Strand   Score   Size  Count Identity Consensus

#---------------------------------------
#---------------------------------------
