########################################
# Program: etandem
# Rundate: Thu  6 Oct 2022 13:11:20
# Commandline: etandem
#    -sequence ../raw/separate_seqs/Rangifer_tarandus.fa
#    -maxrepeat 100
#    -minrepeat 2
#    -outfile Rangifer_tarandus.fa.out
#    -rdirectory2 ../reSLUTS/tandem_repeats
# Report_format: table
# Report_file: ../reSLUTS/tandem_repeats/Rangifer_tarandus.fa.out
########################################

#=======================================
#
# Sequence: Rangifer_tarandus     from: 1   to: 16362
# HitCount: 0
#
# Threshold: 20
# Minrepeat: 2
# Maxrepeat: 100
# Mismatch: No
# Uniform: No
#
#=======================================

  Start     End  Strand   Score   Size  Count Identity Consensus

#---------------------------------------
#---------------------------------------
