########################################
# Program: etandem
# Rundate: Thu  6 Oct 2022 13:16:24
# Commandline: etandem
#    -sequence ../raw/separate_seqs/Rattus_tanezumi.fa
#    -maxrepeat 100
#    -minrepeat 2
#    -outfile Rattus_tanezumi.fa.out
#    -rdirectory2 ../reSLUTS/tandem_repeats
# Report_format: table
# Report_file: ../reSLUTS/tandem_repeats/Rattus_tanezumi.fa.out
########################################

#=======================================
#
# Sequence: Rattus_tanezumi     from: 1   to: 16306
# HitCount: 0
#
# Threshold: 20
# Minrepeat: 2
# Maxrepeat: 100
# Mismatch: No
# Uniform: No
#
#=======================================

  Start     End  Strand   Score   Size  Count Identity Consensus

#---------------------------------------
#---------------------------------------
