########################################
# Program: etandem
# Rundate: Thu  6 Oct 2022 13:06:32
# Commandline: etandem
#    -sequence ../raw/separate_seqs/Rattus_tunneyi.fa
#    -maxrepeat 100
#    -minrepeat 2
#    -outfile Rattus_tunneyi.fa.out
#    -rdirectory2 ../reSLUTS/tandem_repeats
# Report_format: table
# Report_file: ../reSLUTS/tandem_repeats/Rattus_tunneyi.fa.out
########################################

#=======================================
#
# Sequence: Rattus_tunneyi     from: 1   to: 16292
# HitCount: 1
#
# Threshold: 20
# Minrepeat: 2
# Maxrepeat: 100
# Mismatch: No
# Uniform: No
#
#=======================================

  Start     End  Strand   Score   Size  Count Identity Consensus
   9455    9502       +      21      3     16     75.0 tta      

#---------------------------------------
#---------------------------------------
