########################################
# Program: etandem
# Rundate: Thu  6 Oct 2022 13:08:10
# Commandline: etandem
#    -sequence ../raw/separate_seqs/Rhinopithecus_roxellana.fa
#    -maxrepeat 100
#    -minrepeat 2
#    -outfile Rhinopithecus_roxellana.fa.out
#    -rdirectory2 ../reSLUTS/tandem_repeats
# Report_format: table
# Report_file: ../reSLUTS/tandem_repeats/Rhinopithecus_roxellana.fa.out
########################################

#=======================================
#
# Sequence: Rhinopithecus_roxellana     from: 1   to: 16549
# HitCount: 1
#
# Threshold: 20
# Minrepeat: 2
# Maxrepeat: 100
# Mismatch: No
# Uniform: No
#
#=======================================

  Start     End  Strand   Score   Size  Count Identity Consensus      
   8072    8146       +      20     15      5     73.3 aaccaactaattatt

#---------------------------------------
#---------------------------------------
