########################################
# Program: etandem
# Rundate: Thu  6 Oct 2022 13:08:28
# Commandline: etandem
#    -sequence ../raw/separate_seqs/Rhinolophus_pumilus.fa
#    -maxrepeat 100
#    -minrepeat 2
#    -outfile Rhinolophus_pumilus.fa.out
#    -rdirectory2 ../reSLUTS/tandem_repeats
# Report_format: table
# Report_file: ../reSLUTS/tandem_repeats/Rhinolophus_pumilus.fa.out
########################################

#=======================================
#
# Sequence: Rhinolophus_pumilus     from: 1   to: 16869
# HitCount: 2
#
# Threshold: 20
# Minrepeat: 2
# Maxrepeat: 100
# Mismatch: No
# Uniform: No
#
#=======================================

  Start     End  Strand   Score   Size  Count Identity Consensus  
  16296   16537       +     207     11     22     95.0 tacacacagcg
  11753   11824       +      23      9      8     72.2 cctaataat  

#---------------------------------------
#---------------------------------------
