########################################
# Program: etandem
# Rundate: Thu  6 Oct 2022 13:12:36
# Commandline: etandem
#    -sequence ../raw/separate_seqs/Rhinoceros_sondaicus.fa
#    -maxrepeat 100
#    -minrepeat 2
#    -outfile Rhinoceros_sondaicus.fa.out
#    -rdirectory2 ../reSLUTS/tandem_repeats
# Report_format: table
# Report_file: ../reSLUTS/tandem_repeats/Rhinoceros_sondaicus.fa.out
########################################

#=======================================
#
# Sequence: Rhinoceros_sondaicus     from: 1   to: 16417
# HitCount: 0
#
# Threshold: 20
# Minrepeat: 2
# Maxrepeat: 100
# Mismatch: No
# Uniform: No
#
#=======================================

  Start     End  Strand   Score   Size  Count Identity Consensus

#---------------------------------------
#---------------------------------------
