########################################
# Program: etandem
# Rundate: Thu  6 Oct 2022 13:13:24
# Commandline: etandem
#    -sequence ../raw/separate_seqs/Rhinopithecus_avunculus.fa
#    -maxrepeat 100
#    -minrepeat 2
#    -outfile Rhinopithecus_avunculus.fa.out
#    -rdirectory2 ../reSLUTS/tandem_repeats
# Report_format: table
# Report_file: ../reSLUTS/tandem_repeats/Rhinopithecus_avunculus.fa.out
########################################

#=======================================
#
# Sequence: Rhinopithecus_avunculus     from: 1   to: 16548
# HitCount: 1
#
# Threshold: 20
# Minrepeat: 2
# Maxrepeat: 100
# Mismatch: No
# Uniform: No
#
#=======================================

  Start     End  Strand   Score   Size  Count Identity Consensus      
   8072    8146       +      20     15      5     73.3 aaccaactaattata

#---------------------------------------
#---------------------------------------
