########################################
# Program: etandem
# Rundate: Thu  6 Oct 2022 13:04:16
# Commandline: etandem
#    -sequence ../raw/separate_seqs/Rhinoceros_unicornis.fa
#    -maxrepeat 100
#    -minrepeat 2
#    -outfile Rhinoceros_unicornis.fa.out
#    -rdirectory2 ../reSLUTS/tandem_repeats
# Report_format: table
# Report_file: ../reSLUTS/tandem_repeats/Rhinoceros_unicornis.fa.out
########################################

#=======================================
#
# Sequence: Rhinoceros_unicornis     from: 1   to: 16829
# HitCount: 1
#
# Threshold: 20
# Minrepeat: 2
# Maxrepeat: 100
# Mismatch: No
# Uniform: No
#
#=======================================

  Start     End  Strand   Score   Size  Count Identity Consensus
  16175   16486       +     286      8     39     97.1 gtacacat 

#---------------------------------------
#---------------------------------------
