########################################
# Program: etandem
# Rundate: Thu  6 Oct 2022 13:06:09
# Commandline: etandem
#    -sequence ../raw/separate_seqs/Rhinolophus_rex.fa
#    -maxrepeat 100
#    -minrepeat 2
#    -outfile Rhinolophus_rex.fa.out
#    -rdirectory2 ../reSLUTS/tandem_repeats
# Report_format: table
# Report_file: ../reSLUTS/tandem_repeats/Rhinolophus_rex.fa.out
########################################

#=======================================
#
# Sequence: Rhinolophus_rex     from: 1   to: 16845
# HitCount: 1
#
# Threshold: 20
# Minrepeat: 2
# Maxrepeat: 100
# Mismatch: No
# Uniform: No
#
#=======================================

  Start     End  Strand   Score   Size  Count Identity Consensus  
  16298   16506       +     192     11     19     98.6 acgcaacgtgt

#---------------------------------------
#---------------------------------------
