########################################
# Program: etandem
# Rundate: Thu  6 Oct 2022 13:06:05
# Commandline: etandem
#    -sequence ../raw/separate_seqs/Rhinolophus_formosae.fa
#    -maxrepeat 100
#    -minrepeat 2
#    -outfile Rhinolophus_formosae.fa.out
#    -rdirectory2 ../reSLUTS/tandem_repeats
# Report_format: table
# Report_file: ../reSLUTS/tandem_repeats/Rhinolophus_formosae.fa.out
########################################

#=======================================
#
# Sequence: Rhinolophus_formosae     from: 1   to: 16915
# HitCount: 1
#
# Threshold: 20
# Minrepeat: 2
# Maxrepeat: 100
# Mismatch: No
# Uniform: No
#
#=======================================

  Start     End  Strand   Score   Size  Count Identity Consensus
  16298   16543       +     236      6     41     99.2 catacg   

#---------------------------------------
#---------------------------------------
