########################################
# Program: etandem
# Rundate: Thu  6 Oct 2022 13:09:20
# Commandline: etandem
#    -sequence ../raw/separate_seqs/Rhinolophus_ferrumequinum_korai.fa
#    -maxrepeat 100
#    -minrepeat 2
#    -outfile Rhinolophus_ferrumequinum_korai.fa.out
#    -rdirectory2 ../reSLUTS/tandem_repeats
# Report_format: table
# Report_file: ../reSLUTS/tandem_repeats/Rhinolophus_ferrumequinum_korai.fa.out
########################################

#=======================================
#
# Sequence: Rhinolophus_ferrumequinum_korai     from: 1   to: 16839
# HitCount: 2
#
# Threshold: 20
# Minrepeat: 2
# Maxrepeat: 100
# Mismatch: No
# Uniform: No
#
#=======================================

  Start     End  Strand   Score   Size  Count Identity Consensus  
  16289   16486       +     187     11     18    100.0 tacgcaacgtg
   9997   10086       +      21      3     30     63.3 ata        

#---------------------------------------
#---------------------------------------
