########################################
# Program: etandem
# Rundate: Thu  6 Oct 2022 13:05:25
# Commandline: etandem
#    -sequence ../raw/separate_seqs/Rhinophylla_pumilio.fa
#    -maxrepeat 100
#    -minrepeat 2
#    -outfile Rhinophylla_pumilio.fa.out
#    -rdirectory2 ../reSLUTS/tandem_repeats
# Report_format: table
# Report_file: ../reSLUTS/tandem_repeats/Rhinophylla_pumilio.fa.out
########################################

#=======================================
#
# Sequence: Rhinophylla_pumilio     from: 1   to: 16671
# HitCount: 1
#
# Threshold: 20
# Minrepeat: 2
# Maxrepeat: 100
# Mismatch: No
# Uniform: No
#
#=======================================

  Start     End  Strand   Score   Size  Count Identity Consensus   
  16247   16378       +      98     12     11     91.7 acgagtgtacgc

#---------------------------------------
#---------------------------------------
