########################################
# Program: etandem
# Rundate: Thu  6 Oct 2022 13:16:17
# Commandline: etandem
#    -sequence ../raw/separate_seqs/Rhizomys_sinensis.fa
#    -maxrepeat 100
#    -minrepeat 2
#    -outfile Rhizomys_sinensis.fa.out
#    -rdirectory2 ../reSLUTS/tandem_repeats
# Report_format: table
# Report_file: ../reSLUTS/tandem_repeats/Rhizomys_sinensis.fa.out
########################################

#=======================================
#
# Sequence: Rhizomys_sinensis     from: 1   to: 16564
# HitCount: 0
#
# Threshold: 20
# Minrepeat: 2
# Maxrepeat: 100
# Mismatch: No
# Uniform: No
#
#=======================================

  Start     End  Strand   Score   Size  Count Identity Consensus

#---------------------------------------
#---------------------------------------
