########################################
# Program: etandem
# Rundate: Thu  6 Oct 2022 13:16:13
# Commandline: etandem
#    -sequence ../raw/separate_seqs/Rousettus_aegyptiacus.fa
#    -maxrepeat 100
#    -minrepeat 2
#    -outfile Rousettus_aegyptiacus.fa.out
#    -rdirectory2 ../reSLUTS/tandem_repeats
# Report_format: table
# Report_file: ../reSLUTS/tandem_repeats/Rousettus_aegyptiacus.fa.out
########################################

#=======================================
#
# Sequence: Rousettus_aegyptiacus     from: 1   to: 16706
# HitCount: 1
#
# Threshold: 20
# Minrepeat: 2
# Maxrepeat: 100
# Mismatch: No
# Uniform: No
#
#=======================================

  Start     End  Strand   Score   Size  Count Identity Consensus   
  16148   16423       +     264     12     23    100.0 catacacgtacg

#---------------------------------------
#---------------------------------------
