########################################
# Program: etandem
# Rundate: Thu  6 Oct 2022 13:11:26
# Commandline: etandem
#    -sequence ../raw/separate_seqs/Rucervus_duvaucelii.fa
#    -maxrepeat 100
#    -minrepeat 2
#    -outfile Rucervus_duvaucelii.fa.out
#    -rdirectory2 ../reSLUTS/tandem_repeats
# Report_format: table
# Report_file: ../reSLUTS/tandem_repeats/Rucervus_duvaucelii.fa.out
########################################

#=======================================
#
# Sequence: Rucervus_duvaucelii     from: 1   to: 16342
# HitCount: 1
#
# Threshold: 20
# Minrepeat: 2
# Maxrepeat: 100
# Mismatch: No
# Uniform: No
#
#=======================================

  Start     End  Strand   Score   Size  Count Identity Consensus                 
  15660   15711       +      22     26      2     96.2 gtacatgctattatttatcgtacata

#---------------------------------------
#---------------------------------------
