########################################
# Program: etandem
# Rundate: Thu  6 Oct 2022 13:00:08
# Commandline: etandem
#    -sequence ../raw/separate_seqs/Rucervus_eldii.fa
#    -maxrepeat 100
#    -minrepeat 2
#    -outfile Rucervus_eldii.fa.out
#    -rdirectory2 ../reSLUTS/tandem_repeats
# Report_format: table
# Report_file: ../reSLUTS/tandem_repeats/Rucervus_eldii.fa.out
########################################

#=======================================
#
# Sequence: Rucervus_eldii     from: 1   to: 16357
# HitCount: 1
#
# Threshold: 20
# Minrepeat: 2
# Maxrepeat: 100
# Mismatch: No
# Uniform: No
#
#=======================================

  Start     End  Strand   Score   Size  Count Identity Consensus                     
  10367   10546       +      20     30      6     63.9 taataatcatatctatcctacttcaactat

#---------------------------------------
#---------------------------------------
