########################################
# Program: etandem
# Rundate: Thu  6 Oct 2022 13:01:44
# Commandline: etandem
#    -sequence ../raw/separate_seqs/Rusa_alfredi.fa
#    -maxrepeat 100
#    -minrepeat 2
#    -outfile Rusa_alfredi.fa.out
#    -rdirectory2 ../reSLUTS/tandem_repeats
# Report_format: table
# Report_file: ../reSLUTS/tandem_repeats/Rusa_alfredi.fa.out
########################################

#=======================================
#
# Sequence: Rusa_alfredi     from: 1   to: 16355
# HitCount: 0
#
# Threshold: 20
# Minrepeat: 2
# Maxrepeat: 100
# Mismatch: No
# Uniform: No
#
#=======================================

  Start     End  Strand   Score   Size  Count Identity Consensus

#---------------------------------------
#---------------------------------------
