########################################
# Program: etandem
# Rundate: Thu  6 Oct 2022 13:05:49
# Commandline: etandem
#    -sequence ../raw/separate_seqs/Saguinus_oedipus.fa
#    -maxrepeat 100
#    -minrepeat 2
#    -outfile Saguinus_oedipus.fa.out
#    -rdirectory2 ../reSLUTS/tandem_repeats
# Report_format: table
# Report_file: ../reSLUTS/tandem_repeats/Saguinus_oedipus.fa.out
########################################

#=======================================
#
# Sequence: Saguinus_oedipus     from: 1   to: 16551
# HitCount: 1
#
# Threshold: 20
# Minrepeat: 2
# Maxrepeat: 100
# Mismatch: No
# Uniform: No
#
#=======================================

  Start     End  Strand   Score   Size  Count Identity Consensus
  16167   16229       +      28      9      7     79.4 tttaaaaaa

#---------------------------------------
#---------------------------------------
