########################################
# Program: etandem
# Rundate: Thu  6 Oct 2022 13:17:15
# Commandline: etandem
#    -sequence ../raw/separate_seqs/Saiga_tatarica.fa
#    -maxrepeat 100
#    -minrepeat 2
#    -outfile Saiga_tatarica.fa.out
#    -rdirectory2 ../reSLUTS/tandem_repeats
# Report_format: table
# Report_file: ../reSLUTS/tandem_repeats/Saiga_tatarica.fa.out
########################################

#=======================================
#
# Sequence: Saiga_tatarica     from: 1   to: 16375
# HitCount: 0
#
# Threshold: 20
# Minrepeat: 2
# Maxrepeat: 100
# Mismatch: No
# Uniform: No
#
#=======================================

  Start     End  Strand   Score   Size  Count Identity Consensus

#---------------------------------------
#---------------------------------------
