########################################
# Program: etandem
# Rundate: Thu  6 Oct 2022 13:16:03
# Commandline: etandem
#    -sequence ../raw/separate_seqs/Saimiri_sciureus.fa
#    -maxrepeat 100
#    -minrepeat 2
#    -outfile Saimiri_sciureus.fa.out
#    -rdirectory2 ../reSLUTS/tandem_repeats
# Report_format: table
# Report_file: ../reSLUTS/tandem_repeats/Saimiri_sciureus.fa.out
########################################

#=======================================
#
# Sequence: Saimiri_sciureus     from: 1   to: 16474
# HitCount: 0
#
# Threshold: 20
# Minrepeat: 2
# Maxrepeat: 100
# Mismatch: No
# Uniform: No
#
#=======================================

  Start     End  Strand   Score   Size  Count Identity Consensus

#---------------------------------------
#---------------------------------------
