########################################
# Program: etandem
# Rundate: Thu  6 Oct 2022 13:04:14
# Commandline: etandem
#    -sequence ../raw/separate_seqs/Sapajus_xanthosternos.fa
#    -maxrepeat 100
#    -minrepeat 2
#    -outfile Sapajus_xanthosternos.fa.out
#    -rdirectory2 ../reSLUTS/tandem_repeats
# Report_format: table
# Report_file: ../reSLUTS/tandem_repeats/Sapajus_xanthosternos.fa.out
########################################

#=======================================
#
# Sequence: Sapajus_xanthosternos     from: 1   to: 16527
# HitCount: 0
#
# Threshold: 20
# Minrepeat: 2
# Maxrepeat: 100
# Mismatch: No
# Uniform: No
#
#=======================================

  Start     End  Strand   Score   Size  Count Identity Consensus

#---------------------------------------
#---------------------------------------
