########################################
# Program: etandem
# Rundate: Thu  6 Oct 2022 13:16:55
# Commandline: etandem
#    -sequence ../raw/separate_seqs/Scapanulus_oweni.fa
#    -maxrepeat 100
#    -minrepeat 2
#    -outfile Scapanulus_oweni.fa.out
#    -rdirectory2 ../reSLUTS/tandem_repeats
# Report_format: table
# Report_file: ../reSLUTS/tandem_repeats/Scapanulus_oweni.fa.out
########################################

#=======================================
#
# Sequence: Scapanulus_oweni     from: 1   to: 16826
# HitCount: 1
#
# Threshold: 20
# Minrepeat: 2
# Maxrepeat: 100
# Mismatch: No
# Uniform: No
#
#=======================================

  Start     End  Strand   Score   Size  Count Identity Consensus   
  16266   16541       +     254     12     23     98.2 cgtatacacgca

#---------------------------------------
#---------------------------------------
