########################################
# Program: etandem
# Rundate: Thu  6 Oct 2022 12:58:56
# Commandline: etandem
#    -sequence ../raw/separate_seqs/Semnopithecus_entellus.fa
#    -maxrepeat 100
#    -minrepeat 2
#    -outfile Semnopithecus_entellus.fa.out
#    -rdirectory2 ../reSLUTS/tandem_repeats
# Report_format: table
# Report_file: ../reSLUTS/tandem_repeats/Semnopithecus_entellus.fa.out
########################################

#=======================================
#
# Sequence: Semnopithecus_entellus     from: 1   to: 16532
# HitCount: 0
#
# Threshold: 20
# Minrepeat: 2
# Maxrepeat: 100
# Mismatch: No
# Uniform: No
#
#=======================================

  Start     End  Strand   Score   Size  Count Identity Consensus

#---------------------------------------
#---------------------------------------
