########################################
# Program: etandem
# Rundate: Thu  6 Oct 2022 13:03:00
# Commandline: etandem
#    -sequence ../raw/separate_seqs/Simias_concolor.fa
#    -maxrepeat 100
#    -minrepeat 2
#    -outfile Simias_concolor.fa.out
#    -rdirectory2 ../reSLUTS/tandem_repeats
# Report_format: table
# Report_file: ../reSLUTS/tandem_repeats/Simias_concolor.fa.out
########################################

#=======================================
#
# Sequence: Simias_concolor     from: 1   to: 16561
# HitCount: 0
#
# Threshold: 20
# Minrepeat: 2
# Maxrepeat: 100
# Mismatch: No
# Uniform: No
#
#=======================================

  Start     End  Strand   Score   Size  Count Identity Consensus

#---------------------------------------
#---------------------------------------
