########################################
# Program: etandem
# Rundate: Thu  6 Oct 2022 13:05:48
# Commandline: etandem
#    -sequence ../raw/separate_seqs/Sminthopsis_douglasi.fa
#    -maxrepeat 100
#    -minrepeat 2
#    -outfile Sminthopsis_douglasi.fa.out
#    -rdirectory2 ../reSLUTS/tandem_repeats
# Report_format: table
# Report_file: ../reSLUTS/tandem_repeats/Sminthopsis_douglasi.fa.out
########################################

#=======================================
#
# Sequence: Sminthopsis_douglasi     from: 1   to: 16538
# HitCount: 0
#
# Threshold: 20
# Minrepeat: 2
# Maxrepeat: 100
# Mismatch: No
# Uniform: No
#
#=======================================

  Start     End  Strand   Score   Size  Count Identity Consensus

#---------------------------------------
#---------------------------------------
