########################################
# Program: etandem
# Rundate: Thu  6 Oct 2022 13:17:22
# Commandline: etandem
#    -sequence ../raw/separate_seqs/Spermophilus_dauricus.fa
#    -maxrepeat 100
#    -minrepeat 2
#    -outfile Spermophilus_dauricus.fa.out
#    -rdirectory2 ../reSLUTS/tandem_repeats
# Report_format: table
# Report_file: ../reSLUTS/tandem_repeats/Spermophilus_dauricus.fa.out
########################################

#=======================================
#
# Sequence: Spermophilus_dauricus     from: 1   to: 16512
# HitCount: 0
#
# Threshold: 20
# Minrepeat: 2
# Maxrepeat: 100
# Mismatch: No
# Uniform: No
#
#=======================================

  Start     End  Strand   Score   Size  Count Identity Consensus

#---------------------------------------
#---------------------------------------
