########################################
# Program: etandem
# Rundate: Thu  6 Oct 2022 13:08:14
# Commandline: etandem
#    -sequence ../raw/separate_seqs/Stenella_coeruleoalba.fa
#    -maxrepeat 100
#    -minrepeat 2
#    -outfile Stenella_coeruleoalba.fa.out
#    -rdirectory2 ../reSLUTS/tandem_repeats
# Report_format: table
# Report_file: ../reSLUTS/tandem_repeats/Stenella_coeruleoalba.fa.out
########################################

#=======================================
#
# Sequence: Stenella_coeruleoalba     from: 1   to: 16384
# HitCount: 0
#
# Threshold: 20
# Minrepeat: 2
# Maxrepeat: 100
# Mismatch: No
# Uniform: No
#
#=======================================

  Start     End  Strand   Score   Size  Count Identity Consensus

#---------------------------------------
#---------------------------------------
