########################################
# Program: etandem
# Rundate: Thu  6 Oct 2022 13:08:34
# Commandline: etandem
#    -sequence ../raw/separate_seqs/Sturnira_tildae.fa
#    -maxrepeat 100
#    -minrepeat 2
#    -outfile Sturnira_tildae.fa.out
#    -rdirectory2 ../reSLUTS/tandem_repeats
# Report_format: table
# Report_file: ../reSLUTS/tandem_repeats/Sturnira_tildae.fa.out
########################################

#=======================================
#
# Sequence: Sturnira_tildae     from: 1   to: 16637
# HitCount: 3
#
# Threshold: 20
# Minrepeat: 2
# Maxrepeat: 100
# Mismatch: No
# Uniform: No
#
#=======================================

  Start     End  Strand   Score   Size  Count Identity Consensus                     
  16202   16311       +      78     22      5     95.5 cacccacacccacacccaggtg        
   4480    4659       +      24     30      6     65.0 ataaccaccataaccatcacaaccctcctc
   2969    3034       +      22      6     11     71.2 ccccta                        

#---------------------------------------
#---------------------------------------
