########################################
# Program: etandem
# Rundate: Thu  6 Oct 2022 13:15:25
# Commandline: etandem
#    -sequence ../raw/separate_seqs/Stylodipus_telum.fa
#    -maxrepeat 100
#    -minrepeat 2
#    -outfile Stylodipus_telum.fa.out
#    -rdirectory2 ../reSLUTS/tandem_repeats
# Report_format: table
# Report_file: ../reSLUTS/tandem_repeats/Stylodipus_telum.fa.out
########################################

#=======================================
#
# Sequence: Stylodipus_telum     from: 1   to: 16696
# HitCount: 1
#
# Threshold: 20
# Minrepeat: 2
# Maxrepeat: 100
# Mismatch: No
# Uniform: No
#
#=======================================

  Start     End  Strand   Score   Size  Count Identity Consensus   
  16096   16431       +     178     12     28     78.3 gcgtacacacac

#---------------------------------------
#---------------------------------------
