########################################
# Program: etandem
# Rundate: Thu  6 Oct 2022 13:13:06
# Commandline: etandem
#    -sequence ../raw/separate_seqs/Sus_barbatus.fa
#    -maxrepeat 100
#    -minrepeat 2
#    -outfile Sus_barbatus.fa.out
#    -rdirectory2 ../reSLUTS/tandem_repeats
# Report_format: table
# Report_file: ../reSLUTS/tandem_repeats/Sus_barbatus.fa.out
########################################

#=======================================
#
# Sequence: Sus_barbatus     from: 1   to: 16480
# HitCount: 2
#
# Threshold: 20
# Minrepeat: 2
# Maxrepeat: 100
# Mismatch: No
# Uniform: No
#
#=======================================

  Start     End  Strand   Score   Size  Count Identity Consensus                              
   5540    5695       +      23     39      4     69.9 acaaaataaccataacaatattcctattactaatataca
    197     274       +      22     26      3     80.8 atattacatagtacatattattatta             

#---------------------------------------
#---------------------------------------
