########################################
# Program: etandem
# Rundate: Thu  6 Oct 2022 13:13:15
# Commandline: etandem
#    -sequence ../raw/separate_seqs/Sus_scrofa.fa
#    -maxrepeat 100
#    -minrepeat 2
#    -outfile Sus_scrofa.fa.out
#    -rdirectory2 ../reSLUTS/tandem_repeats
# Report_format: table
# Report_file: ../reSLUTS/tandem_repeats/Sus_scrofa.fa.out
########################################

#=======================================
#
# Sequence: Sus_scrofa     from: 1   to: 16613
# HitCount: 3
#
# Threshold: 20
# Minrepeat: 2
# Maxrepeat: 100
# Mismatch: No
# Uniform: No
#
#=======================================

  Start     End  Strand   Score   Size  Count Identity Consensus                              
    705     844       +     126     10     14     98.6 cgtacacgtg                             
    197     274       +      24     26      3     82.1 atattacatagtacatattattatta             
   5673    5828       +      21     39      4     69.2 acaaaataaccataacaatattcctactactaatataca

#---------------------------------------
#---------------------------------------
