########################################
# Program: etandem
# Rundate: Thu  6 Oct 2022 13:05:18
# Commandline: etandem
#    -sequence ../raw/separate_seqs/Symphalangus_syndactylus.fa
#    -maxrepeat 100
#    -minrepeat 2
#    -outfile Symphalangus_syndactylus.fa.out
#    -rdirectory2 ../reSLUTS/tandem_repeats
# Report_format: table
# Report_file: ../reSLUTS/tandem_repeats/Symphalangus_syndactylus.fa.out
########################################

#=======================================
#
# Sequence: Symphalangus_syndactylus     from: 1   to: 16516
# HitCount: 0
#
# Threshold: 20
# Minrepeat: 2
# Maxrepeat: 100
# Mismatch: No
# Uniform: No
#
#=======================================

  Start     End  Strand   Score   Size  Count Identity Consensus

#---------------------------------------
#---------------------------------------
