########################################
# Program: etandem
# Rundate: Thu  6 Oct 2022 13:00:16
# Commandline: etandem
#    -sequence ../raw/separate_seqs/Tachyglossus_aculeatus.fa
#    -maxrepeat 100
#    -minrepeat 2
#    -outfile Tachyglossus_aculeatus.fa.out
#    -rdirectory2 ../reSLUTS/tandem_repeats
# Report_format: table
# Report_file: ../reSLUTS/tandem_repeats/Tachyglossus_aculeatus.fa.out
########################################

#=======================================
#
# Sequence: Tachyglossus_aculeatus     from: 1   to: 16360
# HitCount: 1
#
# Threshold: 20
# Minrepeat: 2
# Maxrepeat: 100
# Mismatch: No
# Uniform: No
#
#=======================================

  Start     End  Strand   Score   Size  Count Identity Consensus 
  16193   16232       +      30     10      4    100.0 cagctttttt

#---------------------------------------
#---------------------------------------
