########################################
# Program: etandem
# Rundate: Thu  6 Oct 2022 13:05:05
# Commandline: etandem
#    -sequence ../raw/separate_seqs/Tamias_sibiricus.fa
#    -maxrepeat 100
#    -minrepeat 2
#    -outfile Tamias_sibiricus.fa.out
#    -rdirectory2 ../reSLUTS/tandem_repeats
# Report_format: table
# Report_file: ../reSLUTS/tandem_repeats/Tamias_sibiricus.fa.out
########################################

#=======================================
#
# Sequence: Tamias_sibiricus     from: 1   to: 16558
# HitCount: 0
#
# Threshold: 20
# Minrepeat: 2
# Maxrepeat: 100
# Mismatch: No
# Uniform: No
#
#=======================================

  Start     End  Strand   Score   Size  Count Identity Consensus

#---------------------------------------
#---------------------------------------
