########################################
# Program: etandem
# Rundate: Thu  6 Oct 2022 13:17:01
# Commandline: etandem
#    -sequence ../raw/separate_seqs/Tamiops_swinhoei.fa
#    -maxrepeat 100
#    -minrepeat 2
#    -outfile Tamiops_swinhoei.fa.out
#    -rdirectory2 ../reSLUTS/tandem_repeats
# Report_format: table
# Report_file: ../reSLUTS/tandem_repeats/Tamiops_swinhoei.fa.out
########################################

#=======================================
#
# Sequence: Tamiops_swinhoei     from: 1   to: 16513
# HitCount: 0
#
# Threshold: 20
# Minrepeat: 2
# Maxrepeat: 100
# Mismatch: No
# Uniform: No
#
#=======================================

  Start     End  Strand   Score   Size  Count Identity Consensus

#---------------------------------------
#---------------------------------------
