########################################
# Program: etandem
# Rundate: Thu  6 Oct 2022 13:14:28
# Commandline: etandem
#    -sequence ../raw/separate_seqs/Tarsius_dentatus.fa
#    -maxrepeat 100
#    -minrepeat 2
#    -outfile Tarsius_dentatus.fa.out
#    -rdirectory2 ../reSLUTS/tandem_repeats
# Report_format: table
# Report_file: ../reSLUTS/tandem_repeats/Tarsius_dentatus.fa.out
########################################

#=======================================
#
# Sequence: Tarsius_dentatus     from: 1   to: 16965
# HitCount: 1
#
# Threshold: 20
# Minrepeat: 2
# Maxrepeat: 100
# Mismatch: No
# Uniform: No
#
#=======================================

  Start     End  Strand   Score   Size  Count Identity Consensus                          
  16213   16562       +     299     35     10     97.7 tacgcacaacccacacgtacgcgtatacacacgca

#---------------------------------------
#---------------------------------------
