########################################
# Program: etandem
# Rundate: Thu  6 Oct 2022 13:01:47
# Commandline: etandem
#    -sequence ../raw/separate_seqs/Tarsius_wallacei.fa
#    -maxrepeat 100
#    -minrepeat 2
#    -outfile Tarsius_wallacei.fa.out
#    -rdirectory2 ../reSLUTS/tandem_repeats
# Report_format: table
# Report_file: ../reSLUTS/tandem_repeats/Tarsius_wallacei.fa.out
########################################

#=======================================
#
# Sequence: Tarsius_wallacei     from: 1   to: 16957
# HitCount: 1
#
# Threshold: 20
# Minrepeat: 2
# Maxrepeat: 100
# Mismatch: No
# Uniform: No
#
#=======================================

  Start     End  Strand   Score   Size  Count Identity Consensus                          
  16212   16561       +     283     35     10     95.4 tacgcacaacccacacgtacgcgtatacacacgca

#---------------------------------------
#---------------------------------------
