########################################
# Program: etandem
# Rundate: Thu  6 Oct 2022 13:13:25
# Commandline: etandem
#    -sequence ../raw/separate_seqs/Taxidea_taxus.fa
#    -maxrepeat 100
#    -minrepeat 2
#    -outfile Taxidea_taxus.fa.out
#    -rdirectory2 ../reSLUTS/tandem_repeats
# Report_format: table
# Report_file: ../reSLUTS/tandem_repeats/Taxidea_taxus.fa.out
########################################

#=======================================
#
# Sequence: Taxidea_taxus     from: 1   to: 16425
# HitCount: 1
#
# Threshold: 20
# Minrepeat: 2
# Maxrepeat: 100
# Mismatch: No
# Uniform: No
#
#=======================================

  Start     End  Strand   Score   Size  Count Identity Consensus       
  16016   16127       +      90     16      7     97.3 atatacacatacaggg

#---------------------------------------
#---------------------------------------
