########################################
# Program: etandem
# Rundate: Thu  6 Oct 2022 13:15:55
# Commandline: etandem
#    -sequence ../raw/separate_seqs/Theropithecus_gelada.fa
#    -maxrepeat 100
#    -minrepeat 2
#    -outfile Theropithecus_gelada.fa.out
#    -rdirectory2 ../reSLUTS/tandem_repeats
# Report_format: table
# Report_file: ../reSLUTS/tandem_repeats/Theropithecus_gelada.fa.out
########################################

#=======================================
#
# Sequence: Theropithecus_gelada     from: 1   to: 16546
# HitCount: 1
#
# Threshold: 20
# Minrepeat: 2
# Maxrepeat: 100
# Mismatch: No
# Uniform: No
#
#=======================================

  Start     End  Strand   Score   Size  Count Identity Consensus
  13756   13824       +      22      3     23     68.1 acc      

#---------------------------------------
#---------------------------------------
