########################################
# Program: etandem
# Rundate: Thu  6 Oct 2022 13:13:52
# Commandline: etandem
#    -sequence ../raw/separate_seqs/Thryonomys_swinderianus.fa
#    -maxrepeat 100
#    -minrepeat 2
#    -outfile Thryonomys_swinderianus.fa.out
#    -rdirectory2 ../reSLUTS/tandem_repeats
# Report_format: table
# Report_file: ../reSLUTS/tandem_repeats/Thryonomys_swinderianus.fa.out
########################################

#=======================================
#
# Sequence: Thryonomys_swinderianus     from: 1   to: 16626
# HitCount: 1
#
# Threshold: 20
# Minrepeat: 2
# Maxrepeat: 100
# Mismatch: No
# Uniform: No
#
#=======================================

  Start     End  Strand   Score   Size  Count Identity Consensus      
  15095   15139       +      20     15      3     88.9 actcttcctattatt

#---------------------------------------
#---------------------------------------
