########################################
# Program: etandem
# Rundate: Thu  6 Oct 2022 12:59:59
# Commandline: etandem
#    -sequence ../raw/separate_seqs/Thylamys_elegans.fa
#    -maxrepeat 100
#    -minrepeat 2
#    -outfile Thylamys_elegans.fa.out
#    -rdirectory2 ../reSLUTS/tandem_repeats
# Report_format: table
# Report_file: ../reSLUTS/tandem_repeats/Thylamys_elegans.fa.out
########################################

#=======================================
#
# Sequence: Thylamys_elegans     from: 1   to: 15452
# HitCount: 0
#
# Threshold: 20
# Minrepeat: 2
# Maxrepeat: 100
# Mismatch: No
# Uniform: No
#
#=======================================

  Start     End  Strand   Score   Size  Count Identity Consensus

#---------------------------------------
#---------------------------------------
