########################################
# Program: etandem
# Rundate: Thu  6 Oct 2022 12:59:02
# Commandline: etandem
#    -sequence ../raw/separate_seqs/Tlacuatzin_canescens.fa
#    -maxrepeat 100
#    -minrepeat 2
#    -outfile Tlacuatzin_canescens.fa.out
#    -rdirectory2 ../reSLUTS/tandem_repeats
# Report_format: table
# Report_file: ../reSLUTS/tandem_repeats/Tlacuatzin_canescens.fa.out
########################################

#=======================================
#
# Sequence: Tlacuatzin_canescens     from: 1   to: 16460
# HitCount: 3
#
# Threshold: 20
# Minrepeat: 2
# Maxrepeat: 100
# Mismatch: No
# Uniform: No
#
#=======================================

  Start     End  Strand   Score   Size  Count Identity Consensus      
  16342   16401       +      48     10      6     98.3 atttataata     
   8036    8215       +      21     15     12     60.0 ataacaatacgaata
   4866    4943       +      20      6     13     66.7 aacact         

#---------------------------------------
#---------------------------------------
