########################################
# Program: etandem
# Rundate: Thu  6 Oct 2022 13:07:15
# Commandline: etandem
#    -sequence ../raw/separate_seqs/Tonatia_saurophila.fa
#    -maxrepeat 100
#    -minrepeat 2
#    -outfile Tonatia_saurophila.fa.out
#    -rdirectory2 ../reSLUTS/tandem_repeats
# Report_format: table
# Report_file: ../reSLUTS/tandem_repeats/Tonatia_saurophila.fa.out
########################################

#=======================================
#
# Sequence: Tonatia_saurophila     from: 1   to: 16629
# HitCount: 2
#
# Threshold: 20
# Minrepeat: 2
# Maxrepeat: 100
# Mismatch: No
# Uniform: No
#
#=======================================

  Start     End  Strand   Score   Size  Count Identity Consensus                           
  16239   16328       +      38     18      5     81.1 ccacacgcacgcacacac                  
  13738   13845       +      28     36      3     79.6 tcaacaaccccaccaacaacaaaaaccaacaacaac

#---------------------------------------
#---------------------------------------
