########################################
# Program: etandem
# Rundate: Thu  6 Oct 2022 13:15:23
# Commandline: etandem
#    -sequence ../raw/separate_seqs/Trachypithecus_germaini.fa
#    -maxrepeat 100
#    -minrepeat 2
#    -outfile Trachypithecus_germaini.fa.out
#    -rdirectory2 ../reSLUTS/tandem_repeats
# Report_format: table
# Report_file: ../reSLUTS/tandem_repeats/Trachypithecus_germaini.fa.out
########################################

#=======================================
#
# Sequence: Trachypithecus_germaini     from: 1   to: 16552
# HitCount: 0
#
# Threshold: 20
# Minrepeat: 2
# Maxrepeat: 100
# Mismatch: No
# Uniform: No
#
#=======================================

  Start     End  Strand   Score   Size  Count Identity Consensus

#---------------------------------------
#---------------------------------------
