########################################
# Program: etandem
# Rundate: Thu  6 Oct 2022 13:02:04
# Commandline: etandem
#    -sequence ../raw/separate_seqs/Trachypithecus_francoisi.fa
#    -maxrepeat 100
#    -minrepeat 2
#    -outfile Trachypithecus_francoisi.fa.out
#    -rdirectory2 ../reSLUTS/tandem_repeats
# Report_format: table
# Report_file: ../reSLUTS/tandem_repeats/Trachypithecus_francoisi.fa.out
########################################

#=======================================
#
# Sequence: Trachypithecus_francoisi     from: 1   to: 16554
# HitCount: 0
#
# Threshold: 20
# Minrepeat: 2
# Maxrepeat: 100
# Mismatch: No
# Uniform: No
#
#=======================================

  Start     End  Strand   Score   Size  Count Identity Consensus

#---------------------------------------
#---------------------------------------
