########################################
# Program: etandem
# Rundate: Thu  6 Oct 2022 13:09:24
# Commandline: etandem
#    -sequence ../raw/separate_seqs/Tremarctos_ornatus.fa
#    -maxrepeat 100
#    -minrepeat 2
#    -outfile Tremarctos_ornatus.fa.out
#    -rdirectory2 ../reSLUTS/tandem_repeats
# Report_format: table
# Report_file: ../reSLUTS/tandem_repeats/Tremarctos_ornatus.fa.out
########################################

#=======================================
#
# Sequence: Tremarctos_ornatus     from: 1   to: 16766
# HitCount: 1
#
# Threshold: 20
# Minrepeat: 2
# Maxrepeat: 100
# Mismatch: No
# Uniform: No
#
#=======================================

  Start     End  Strand   Score   Size  Count Identity Consensus                     
    217     516       +     192     30     10     87.0 cgtgtgcgtacgcatgtgtacgcatgtgtg

#---------------------------------------
#---------------------------------------
