########################################
# Program: etandem
# Rundate: Thu  6 Oct 2022 13:01:07
# Commandline: etandem
#    -sequence ../raw/separate_seqs/Tursiops_truncatus.fa
#    -maxrepeat 100
#    -minrepeat 2
#    -outfile Tursiops_truncatus.fa.out
#    -rdirectory2 ../reSLUTS/tandem_repeats
# Report_format: table
# Report_file: ../reSLUTS/tandem_repeats/Tursiops_truncatus.fa.out
########################################

#=======================================
#
# Sequence: Tursiops_truncatus     from: 1   to: 16388
# HitCount: 0
#
# Threshold: 20
# Minrepeat: 2
# Maxrepeat: 100
# Mismatch: No
# Uniform: No
#
#=======================================

  Start     End  Strand   Score   Size  Count Identity Consensus

#---------------------------------------
#---------------------------------------
