########################################
# Program: etandem
# Rundate: Thu  6 Oct 2022 13:04:24
# Commandline: etandem
#    -sequence ../raw/separate_seqs/Urocyon_cinereoargenteus.fa
#    -maxrepeat 100
#    -minrepeat 2
#    -outfile Urocyon_cinereoargenteus.fa.out
#    -rdirectory2 ../reSLUTS/tandem_repeats
# Report_format: table
# Report_file: ../reSLUTS/tandem_repeats/Urocyon_cinereoargenteus.fa.out
########################################

#=======================================
#
# Sequence: Urocyon_cinereoargenteus     from: 1   to: 16469
# HitCount: 1
#
# Threshold: 20
# Minrepeat: 2
# Maxrepeat: 100
# Mismatch: No
# Uniform: No
#
#=======================================

  Start     End  Strand   Score   Size  Count Identity Consensus
  16137   16192       +      44      2     28     91.1 ac       

#---------------------------------------
#---------------------------------------
