########################################
# Program: etandem
# Rundate: Thu  6 Oct 2022 13:10:35
# Commandline: etandem
#    -sequence ../raw/separate_seqs/Uropsilus_soricipes.fa
#    -maxrepeat 100
#    -minrepeat 2
#    -outfile Uropsilus_soricipes.fa.out
#    -rdirectory2 ../reSLUTS/tandem_repeats
# Report_format: table
# Report_file: ../reSLUTS/tandem_repeats/Uropsilus_soricipes.fa.out
########################################

#=======================================
#
# Sequence: Uropsilus_soricipes     from: 1   to: 16575
# HitCount: 1
#
# Threshold: 20
# Minrepeat: 2
# Maxrepeat: 100
# Mismatch: No
# Uniform: No
#
#=======================================

  Start     End  Strand   Score   Size  Count Identity Consensus
  15482   15515       +      32      2     17    100.0 at       

#---------------------------------------
#---------------------------------------
