########################################
# Program: etandem
# Rundate: Thu  6 Oct 2022 13:10:21
# Commandline: etandem
#    -sequence ../raw/separate_seqs/Urotrichus_talpoides.fa
#    -maxrepeat 100
#    -minrepeat 2
#    -outfile Urotrichus_talpoides.fa.out
#    -rdirectory2 ../reSLUTS/tandem_repeats
# Report_format: table
# Report_file: ../reSLUTS/tandem_repeats/Urotrichus_talpoides.fa.out
########################################

#=======================================
#
# Sequence: Urotrichus_talpoides     from: 1   to: 16904
# HitCount: 2
#
# Threshold: 20
# Minrepeat: 2
# Maxrepeat: 100
# Mismatch: No
# Uniform: No
#
#=======================================

  Start     End  Strand   Score   Size  Count Identity Consensus      
  16211   16530       +     304     10     32     99.1 cacacgtacg     
   8076    8150       +      20     15      5     73.3 caaatcaactaatat

#---------------------------------------
#---------------------------------------
