########################################
# Program: etandem
# Rundate: Thu  6 Oct 2022 13:04:19
# Commandline: etandem
#    -sequence ../raw/separate_seqs/Ursus_thibetanus.fa
#    -maxrepeat 100
#    -minrepeat 2
#    -outfile Ursus_thibetanus.fa.out
#    -rdirectory2 ../reSLUTS/tandem_repeats
# Report_format: table
# Report_file: ../reSLUTS/tandem_repeats/Ursus_thibetanus.fa.out
########################################

#=======================================
#
# Sequence: Ursus_thibetanus     from: 1   to: 16795
# HitCount: 1
#
# Threshold: 20
# Minrepeat: 2
# Maxrepeat: 100
# Mismatch: No
# Uniform: No
#
#=======================================

  Start     End  Strand   Score   Size  Count Identity Consensus 
    227     556       +     302     10     33     97.3 tgtacgcacg

#---------------------------------------
#---------------------------------------
