########################################
# Program: etandem
# Rundate: Thu  6 Oct 2022 13:07:04
# Commandline: etandem
#    -sequence ../raw/separate_seqs/Ursus_maritimus.fa
#    -maxrepeat 100
#    -minrepeat 2
#    -outfile Ursus_maritimus.fa.out
#    -rdirectory2 ../reSLUTS/tandem_repeats
# Report_format: table
# Report_file: ../reSLUTS/tandem_repeats/Ursus_maritimus.fa.out
########################################

#=======================================
#
# Sequence: Ursus_maritimus     from: 1   to: 17017
# HitCount: 1
#
# Threshold: 20
# Minrepeat: 2
# Maxrepeat: 100
# Mismatch: No
# Uniform: No
#
#=======================================

  Start     End  Strand   Score   Size  Count Identity Consensus 
    221     790       +     534     10     57     97.7 acgcacgtgt

#---------------------------------------
#---------------------------------------
