########################################
# Program: etandem
# Rundate: Thu  6 Oct 2022 13:05:58
# Commandline: etandem
#    -sequence ../raw/separate_seqs/Ursus_thibetanus_mupinensis.fa
#    -maxrepeat 100
#    -minrepeat 2
#    -outfile Ursus_thibetanus_mupinensis.fa.out
#    -rdirectory2 ../reSLUTS/tandem_repeats
# Report_format: table
# Report_file: ../reSLUTS/tandem_repeats/Ursus_thibetanus_mupinensis.fa.out
########################################

#=======================================
#
# Sequence: Ursus_thibetanus_mupinensis     from: 1   to: 16868
# HitCount: 2
#
# Threshold: 20
# Minrepeat: 2
# Maxrepeat: 100
# Mismatch: No
# Uniform: No
#
#=======================================

  Start     End  Strand   Score   Size  Count Identity Consensus
    395     598       +     122      6     34     81.4 gtacgt   
    235     300       +      34      6     11     80.3 tacgtg   

#---------------------------------------
#---------------------------------------
