########################################
# Program: etandem
# Rundate: Thu  6 Oct 2022 13:10:20
# Commandline: etandem
#    -sequence ../raw/separate_seqs/Ursus_thibetanus_thibetanus.fa
#    -maxrepeat 100
#    -minrepeat 2
#    -outfile Ursus_thibetanus_thibetanus.fa.out
#    -rdirectory2 ../reSLUTS/tandem_repeats
# Report_format: table
# Report_file: ../reSLUTS/tandem_repeats/Ursus_thibetanus_thibetanus.fa.out
########################################

#=======================================
#
# Sequence: Ursus_thibetanus_thibetanus     from: 1   to: 17034
# HitCount: 1
#
# Threshold: 20
# Minrepeat: 2
# Maxrepeat: 100
# Mismatch: No
# Uniform: No
#
#=======================================

  Start     End  Strand   Score   Size  Count Identity Consensus 
    682    1251       +     548     10     57     98.9 tgtacgcacg

#---------------------------------------
#---------------------------------------
