########################################
# Program: etandem
# Rundate: Thu  6 Oct 2022 13:06:41
# Commandline: etandem
#    -sequence ../raw/separate_seqs/Ursus_thibetanus_ussuricus.fa
#    -maxrepeat 100
#    -minrepeat 2
#    -outfile Ursus_thibetanus_ussuricus.fa.out
#    -rdirectory2 ../reSLUTS/tandem_repeats
# Report_format: table
# Report_file: ../reSLUTS/tandem_repeats/Ursus_thibetanus_ussuricus.fa.out
########################################

#=======================================
#
# Sequence: Ursus_thibetanus_ussuricus     from: 1   to: 16824
# HitCount: 1
#
# Threshold: 20
# Minrepeat: 2
# Maxrepeat: 100
# Mismatch: No
# Uniform: No
#
#=======================================

  Start     End  Strand   Score   Size  Count Identity Consensus 
  10771   11140       +     328     10     37     95.7 acgcacgtgt

#---------------------------------------
#---------------------------------------
