########################################
# Program: etandem
# Rundate: Thu  6 Oct 2022 13:01:31
# Commandline: etandem
#    -sequence ../raw/separate_seqs/Ursus_spelaeus.fa
#    -maxrepeat 100
#    -minrepeat 2
#    -outfile Ursus_spelaeus.fa.out
#    -rdirectory2 ../reSLUTS/tandem_repeats
# Report_format: table
# Report_file: ../reSLUTS/tandem_repeats/Ursus_spelaeus.fa.out
########################################

#=======================================
#
# Sequence: Ursus_spelaeus     from: 1   to: 16780
# HitCount: 1
#
# Threshold: 20
# Minrepeat: 2
# Maxrepeat: 100
# Mismatch: No
# Uniform: No
#
#=======================================

  Start     End  Strand   Score   Size  Count Identity Consensus 
    230     549       +     228     10     32     87.2 tacgcacgtg

#---------------------------------------
#---------------------------------------
