########################################
# Program: etandem
# Rundate: Thu  6 Oct 2022 13:15:05
# Commandline: etandem
#    -sequence ../raw/separate_seqs/Ursus_americanus.fa
#    -maxrepeat 100
#    -minrepeat 2
#    -outfile Ursus_americanus.fa.out
#    -rdirectory2 ../reSLUTS/tandem_repeats
# Report_format: table
# Report_file: ../reSLUTS/tandem_repeats/Ursus_americanus.fa.out
########################################

#=======================================
#
# Sequence: Ursus_americanus     from: 1   to: 16841
# HitCount: 1
#
# Threshold: 20
# Minrepeat: 2
# Maxrepeat: 100
# Mismatch: No
# Uniform: No
#
#=======================================

  Start     End  Strand   Score   Size  Count Identity Consensus
    233     604       +     210      6     62     79.0 tgtacg   

#---------------------------------------
#---------------------------------------
