########################################
# Program: etandem
# Rundate: Thu  6 Oct 2022 12:59:38
# Commandline: etandem
#    -sequence ../raw/separate_seqs/Varecia_variegata_variegata.fa
#    -maxrepeat 100
#    -minrepeat 2
#    -outfile Varecia_variegata_variegata.fa.out
#    -rdirectory2 ../reSLUTS/tandem_repeats
# Report_format: table
# Report_file: ../reSLUTS/tandem_repeats/Varecia_variegata_variegata.fa.out
########################################

#=======================================
#
# Sequence: Varecia_variegata_variegata     from: 1   to: 16965
# HitCount: 1
#
# Threshold: 20
# Minrepeat: 2
# Maxrepeat: 100
# Mismatch: No
# Uniform: No
#
#=======================================

  Start     End  Strand   Score   Size  Count Identity Consensus 
  16324   16543       +     134     10     22     82.7 gtacacacat

#---------------------------------------
#---------------------------------------
