########################################
# Program: etandem
# Rundate: Thu  6 Oct 2022 13:02:26
# Commandline: etandem
#    -sequence ../raw/separate_seqs/Vicugna_vicugna.fa
#    -maxrepeat 100
#    -minrepeat 2
#    -outfile Vicugna_vicugna.fa.out
#    -rdirectory2 ../reSLUTS/tandem_repeats
# Report_format: table
# Report_file: ../reSLUTS/tandem_repeats/Vicugna_vicugna.fa.out
########################################

#=======================================
#
# Sequence: Vicugna_vicugna     from: 1   to: 16084
# HitCount: 0
#
# Threshold: 20
# Minrepeat: 2
# Maxrepeat: 100
# Mismatch: No
# Uniform: No
#
#=======================================

  Start     End  Strand   Score   Size  Count Identity Consensus

#---------------------------------------
#---------------------------------------
