########################################
# Program: etandem
# Rundate: Thu  6 Oct 2022 13:15:12
# Commandline: etandem
#    -sequence ../raw/separate_seqs/Vulpes_vulpes.fa
#    -maxrepeat 100
#    -minrepeat 2
#    -outfile Vulpes_vulpes.fa.out
#    -rdirectory2 ../reSLUTS/tandem_repeats
# Report_format: table
# Report_file: ../reSLUTS/tandem_repeats/Vulpes_vulpes.fa.out
########################################

#=======================================
#
# Sequence: Vulpes_vulpes     from: 1   to: 16813
# HitCount: 2
#
# Threshold: 20
# Minrepeat: 2
# Maxrepeat: 100
# Mismatch: No
# Uniform: No
#
#=======================================

  Start     End  Strand   Score   Size  Count Identity Consensus           
  16298   16509       +     170      4     53     91.0 acgt                
  16106   16285       +     132     20      9     92.2 tacacacgtacacacgtacg

#---------------------------------------
#---------------------------------------
