########################################
# Program: etandem
# Rundate: Thu  6 Oct 2022 13:02:27
# Commandline: etandem
#    -sequence ../raw/separate_seqs/Vulpes_lagopus.fa
#    -maxrepeat 100
#    -minrepeat 2
#    -outfile Vulpes_lagopus.fa.out
#    -rdirectory2 ../reSLUTS/tandem_repeats
# Report_format: table
# Report_file: ../reSLUTS/tandem_repeats/Vulpes_lagopus.fa.out
########################################

#=======================================
#
# Sequence: Vulpes_lagopus     from: 1   to: 16656
# HitCount: 1
#
# Threshold: 20
# Minrepeat: 2
# Maxrepeat: 100
# Mismatch: No
# Uniform: No
#
#=======================================

  Start     End  Strand   Score   Size  Count Identity Consensus     
  16100   16365       +     244     14     19     98.5 acacgtacacgcat

#---------------------------------------
#---------------------------------------
