########################################
# Program: etandem
# Rundate: Thu  6 Oct 2022 13:15:15
# Commandline: etandem
#    -sequence ../raw/separate_seqs/Vulpes_ferrilata.fa
#    -maxrepeat 100
#    -minrepeat 2
#    -outfile Vulpes_ferrilata.fa.out
#    -rdirectory2 ../reSLUTS/tandem_repeats
# Report_format: table
# Report_file: ../reSLUTS/tandem_repeats/Vulpes_ferrilata.fa.out
########################################

#=======================================
#
# Sequence: Vulpes_ferrilata     from: 1   to: 16667
# HitCount: 1
#
# Threshold: 20
# Minrepeat: 2
# Maxrepeat: 100
# Mismatch: No
# Uniform: No
#
#=======================================

  Start     End  Strand   Score   Size  Count Identity Consensus
  16101   16380       +     248      8     35     95.7 tacacacg 

#---------------------------------------
#---------------------------------------
