########################################
# Program: etandem
# Rundate: Thu  6 Oct 2022 13:04:17
# Commandline: etandem
#    -sequence ../raw/separate_seqs/Vulpes_zerda.fa
#    -maxrepeat 100
#    -minrepeat 2
#    -outfile Vulpes_zerda.fa.out
#    -rdirectory2 ../reSLUTS/tandem_repeats
# Report_format: table
# Report_file: ../reSLUTS/tandem_repeats/Vulpes_zerda.fa.out
########################################

#=======================================
#
# Sequence: Vulpes_zerda     from: 1   to: 16683
# HitCount: 1
#
# Threshold: 20
# Minrepeat: 2
# Maxrepeat: 100
# Mismatch: No
# Uniform: No
#
#=======================================

  Start     End  Strand   Score   Size  Count Identity Consensus     
  16106   16399       +     154     14     21     78.6 acacgtacacgtac

#---------------------------------------
#---------------------------------------
