########################################
# Program: etandem
# Rundate: Thu  6 Oct 2022 13:07:42
# Commandline: etandem
#    -sequence ../raw/separate_seqs/Wiedomys_cerradensis.fa
#    -maxrepeat 100
#    -minrepeat 2
#    -outfile Wiedomys_cerradensis.fa.out
#    -rdirectory2 ../reSLUTS/tandem_repeats
# Report_format: table
# Report_file: ../reSLUTS/tandem_repeats/Wiedomys_cerradensis.fa.out
########################################

#=======================================
#
# Sequence: Wiedomys_cerradensis     from: 1   to: 16346
# HitCount: 1
#
# Threshold: 20
# Minrepeat: 2
# Maxrepeat: 100
# Mismatch: No
# Uniform: No
#
#=======================================

  Start     End  Strand   Score   Size  Count Identity Consensus               
  16081   16152       +      22     24      3     81.9 atataattaatgtatgctatggat

#---------------------------------------
#---------------------------------------
