########################################
# Program: etandem
# Rundate: Thu  6 Oct 2022 13:09:28
# Commandline: etandem
#    -sequence ../raw/separate_seqs/Zaglossus_bruijni.fa
#    -maxrepeat 100
#    -minrepeat 2
#    -outfile Zaglossus_bruijni.fa.out
#    -rdirectory2 ../reSLUTS/tandem_repeats
# Report_format: table
# Report_file: ../reSLUTS/tandem_repeats/Zaglossus_bruijni.fa.out
########################################

#=======================================
#
# Sequence: Zaglossus_bruijni     from: 1   to: 16367
# HitCount: 1
#
# Threshold: 20
# Minrepeat: 2
# Maxrepeat: 100
# Mismatch: No
# Uniform: No
#
#=======================================

  Start     End  Strand   Score   Size  Count Identity Consensus  
  16200   16276       +      24     11      7     72.7 ttttttttcat

#---------------------------------------
#---------------------------------------
