########################################
# Program: etandem
# Rundate: Thu  6 Oct 2022 13:02:13
# Commandline: etandem
#    -sequence ../raw/separate_seqs/Zalophus_californianus.fa
#    -maxrepeat 100
#    -minrepeat 2
#    -outfile Zalophus_californianus.fa.out
#    -rdirectory2 ../reSLUTS/tandem_repeats
# Report_format: table
# Report_file: ../reSLUTS/tandem_repeats/Zalophus_californianus.fa.out
########################################

#=======================================
#
# Sequence: Zalophus_californianus     from: 1   to: 16677
# HitCount: 1
#
# Threshold: 20
# Minrepeat: 2
# Maxrepeat: 100
# Mismatch: No
# Uniform: No
#
#=======================================

  Start     End  Strand   Score   Size  Count Identity Consensus
  16066   16361       +     166      8     37     79.4 acacgtat 

#---------------------------------------
#---------------------------------------
